<?xml version="1.0" encoding="UTF-8"?>
<coverage generated="1662961648556" clover="3.2.0">
  <project timestamp="1662961648556" name="All files">
    <metrics statements="246" coveredstatements="246" conditionals="241" coveredconditionals="202" methods="47" coveredmethods="47" elements="534" coveredelements="495" complexity="0" loc="246" ncloc="246" packages="1" files="5" classes="5"/>
    <file name="Services.js" path="/Users/admin/Documents/GitHub/react-sf-building-blocks/src/Services.js">
      <metrics statements="3" coveredstatements="3" conditionals="0" coveredconditionals="0" methods="1" coveredmethods="1"/>
      <line num="3" count="21" type="stmt"/>
      <line num="4" count="21" type="stmt"/>
      <line num="9" count="1" type="stmt"/>
    </file>
    <file name="SfButton.tsx" path="/Users/admin/Documents/GitHub/react-sf-building-blocks/src/SfButton.tsx">
      <metrics statements="22" coveredstatements="22" conditionals="17" coveredconditionals="13" methods="11" coveredmethods="11"/>
      <line num="18" count="1" type="cond" truecount="5" falsecount="0"/>
      <line num="21" count="118" type="stmt"/>
      <line num="22" count="118" type="stmt"/>
      <line num="23" count="118" type="stmt"/>
      <line num="27" count="35" type="stmt"/>
      <line num="28" count="35" type="stmt"/>
      <line num="29" count="35" type="stmt"/>
      <line num="35" count="2" type="cond" truecount="1" falsecount="1"/>
      <line num="36" count="2" type="cond" truecount="1" falsecount="1"/>
      <line num="37" count="2" type="cond" truecount="1" falsecount="1"/>
      <line num="41" count="118" type="stmt"/>
      <line num="43" count="4" type="cond" truecount="2" falsecount="0"/>
      <line num="44" count="2" type="stmt"/>
      <line num="46" count="2" type="stmt"/>
      <line num="51" count="118" type="stmt"/>
      <line num="52" count="33" type="stmt"/>
      <line num="55" count="118" type="stmt"/>
      <line num="75" count="1" type="stmt"/>
      <line num="76" count="1" type="stmt"/>
      <line num="77" count="1" type="stmt"/>
      <line num="78" count="1" type="stmt"/>
      <line num="79" count="10" type="stmt"/>
    </file>
    <file name="SfInput.tsx" path="/Users/admin/Documents/GitHub/react-sf-building-blocks/src/SfInput.tsx">
      <metrics statements="90" coveredstatements="90" conditionals="80" coveredconditionals="72" methods="27" coveredmethods="27"/>
      <line num="25" count="1" type="cond" truecount="10" falsecount="0"/>
      <line num="28" count="73" type="stmt"/>
      <line num="29" count="73" type="stmt"/>
      <line num="30" count="73" type="stmt"/>
      <line num="31" count="73" type="stmt"/>
      <line num="32" count="73" type="stmt"/>
      <line num="33" count="73" type="stmt"/>
      <line num="34" count="73" type="stmt"/>
      <line num="35" count="73" type="stmt"/>
      <line num="37" count="73" type="stmt"/>
      <line num="40" count="15" type="stmt"/>
      <line num="44" count="6" type="stmt"/>
      <line num="48" count="49" type="stmt"/>
      <line num="52" count="21" type="stmt"/>
      <line num="56" count="219" type="stmt"/>
      <line num="62" count="23" type="cond" truecount="2" falsecount="0"/>
      <line num="63" count="22" type="stmt"/>
      <line num="64" count="22" type="stmt"/>
      <line num="66" count="1" type="stmt"/>
      <line num="67" count="1" type="stmt"/>
      <line num="73" count="13" type="cond" truecount="2" falsecount="0"/>
      <line num="74" count="5" type="stmt"/>
      <line num="79" count="13" type="cond" truecount="2" falsecount="0"/>
      <line num="80" count="4" type="stmt"/>
      <line num="86" count="21" type="stmt"/>
      <line num="87" count="21" type="stmt"/>
      <line num="89" count="21" type="stmt"/>
      <line num="91" count="5061" type="cond" truecount="2" falsecount="0"/>
      <line num="92" count="4823" type="stmt"/>
      <line num="97" count="21" type="stmt"/>
      <line num="102" count="1" type="stmt"/>
      <line num="107" count="9" type="cond" truecount="2" falsecount="0"/>
      <line num="108" count="2" type="stmt"/>
      <line num="110" count="7" type="stmt"/>
      <line num="116" count="1" type="stmt"/>
      <line num="121" count="6" type="cond" truecount="4" falsecount="0"/>
      <line num="122" count="3" type="stmt"/>
      <line num="123" count="3" type="stmt"/>
      <line num="125" count="3" type="stmt"/>
      <line num="126" count="3" type="stmt"/>
      <line num="131" count="73" type="stmt"/>
      <line num="133" count="13" type="cond" truecount="2" falsecount="0"/>
      <line num="134" count="4" type="cond" truecount="2" falsecount="0"/>
      <line num="135" count="3" type="stmt"/>
      <line num="136" count="3" type="stmt"/>
      <line num="137" count="3" type="cond" truecount="2" falsecount="0"/>
      <line num="139" count="1" type="stmt"/>
      <line num="140" count="1" type="stmt"/>
      <line num="144" count="13" type="cond" truecount="2" falsecount="0"/>
      <line num="145" count="3" type="cond" truecount="2" falsecount="0"/>
      <line num="146" count="2" type="stmt"/>
      <line num="147" count="2" type="stmt"/>
      <line num="148" count="2" type="cond" truecount="2" falsecount="0"/>
      <line num="150" count="1" type="stmt"/>
      <line num="151" count="1" type="stmt"/>
      <line num="155" count="13" type="cond" truecount="2" falsecount="0"/>
      <line num="156" count="6" type="cond" truecount="4" falsecount="0"/>
      <line num="157" count="2" type="stmt"/>
      <line num="158" count="2" type="stmt"/>
      <line num="159" count="2" type="cond" truecount="2" falsecount="0"/>
      <line num="161" count="4" type="stmt"/>
      <line num="162" count="4" type="stmt"/>
      <line num="168" count="73" type="stmt"/>
      <line num="170" count="24" type="cond" truecount="1" falsecount="1"/>
      <line num="171" count="24" type="cond" truecount="2" falsecount="0"/>
      <line num="172" count="2" type="stmt"/>
      <line num="173" count="98" type="cond" truecount="2" falsecount="0"/>
      <line num="174" count="1" type="stmt"/>
      <line num="175" count="1" type="stmt"/>
      <line num="176" count="1" type="stmt"/>
      <line num="185" count="73" type="stmt"/>
      <line num="187" count="13" type="stmt"/>
      <line num="188" count="13" type="stmt"/>
      <line num="189" count="13" type="stmt"/>
      <line num="190" count="13" type="cond" truecount="2" falsecount="0"/>
      <line num="191" count="6" type="stmt"/>
      <line num="196" count="73" type="stmt"/>
      <line num="198" count="19" type="cond" truecount="2" falsecount="0"/>
      <line num="202" count="6" type="stmt"/>
      <line num="203" count="6" type="stmt"/>
      <line num="204" count="6" type="stmt"/>
      <line num="210" count="73" type="stmt"/>
      <line num="212" count="15" type="stmt"/>
      <line num="216" count="73" type="stmt"/>
      <line num="234" count="1" type="stmt"/>
      <line num="240" count="8" type="cond" truecount="6" falsecount="0"/>
      <line num="261" count="1" type="stmt"/>
      <line num="271" count="1" type="stmt"/>
      <line num="293" count="4106" type="stmt"/>
      <line num="309" count="5" type="stmt"/>
    </file>
    <file name="Util.tsx" path="/Users/admin/Documents/GitHub/react-sf-building-blocks/src/Util.tsx">
      <metrics statements="131" coveredstatements="131" conditionals="144" coveredconditionals="117" methods="8" coveredmethods="8"/>
      <line num="1" count="1" type="stmt"/>
      <line num="5" count="12" type="stmt"/>
      <line num="13" count="4" type="stmt"/>
      <line num="21" count="3" type="stmt"/>
      <line num="28" count="69" type="stmt"/>
      <line num="33" count="60" type="stmt"/>
      <line num="35" count="60" type="cond" truecount="2" falsecount="0"/>
      <line num="36" count="38" type="cond" truecount="2" falsecount="0"/>
      <line num="37" count="14" type="stmt"/>
      <line num="38" count="24" type="cond" truecount="1" falsecount="1"/>
      <line num="39" count="24" type="stmt"/>
      <line num="41" count="22" type="cond" truecount="2" falsecount="0"/>
      <line num="42" count="2" type="cond" truecount="2" falsecount="0"/>
      <line num="43" count="1" type="stmt"/>
      <line num="44" count="1" type="cond" truecount="1" falsecount="1"/>
      <line num="45" count="1" type="stmt"/>
      <line num="47" count="20" type="cond" truecount="2" falsecount="0"/>
      <line num="48" count="2" type="cond" truecount="2" falsecount="0"/>
      <line num="49" count="1" type="stmt"/>
      <line num="50" count="1" type="cond" truecount="1" falsecount="1"/>
      <line num="51" count="1" type="stmt"/>
      <line num="53" count="18" type="cond" truecount="2" falsecount="0"/>
      <line num="54" count="2" type="cond" truecount="2" falsecount="0"/>
      <line num="55" count="1" type="stmt"/>
      <line num="56" count="1" type="cond" truecount="1" falsecount="1"/>
      <line num="57" count="1" type="stmt"/>
      <line num="59" count="16" type="cond" truecount="2" falsecount="0"/>
      <line num="60" count="2" type="cond" truecount="2" falsecount="0"/>
      <line num="61" count="1" type="stmt"/>
      <line num="62" count="1" type="cond" truecount="1" falsecount="1"/>
      <line num="63" count="1" type="stmt"/>
      <line num="65" count="14" type="cond" truecount="2" falsecount="0"/>
      <line num="66" count="2" type="cond" truecount="2" falsecount="0"/>
      <line num="67" count="1" type="stmt"/>
      <line num="68" count="1" type="cond" truecount="1" falsecount="1"/>
      <line num="69" count="1" type="stmt"/>
      <line num="71" count="12" type="cond" truecount="2" falsecount="0"/>
      <line num="72" count="10" type="cond" truecount="2" falsecount="0"/>
      <line num="73" count="3" type="stmt"/>
      <line num="74" count="7" type="cond" truecount="1" falsecount="1"/>
      <line num="75" count="7" type="stmt"/>
      <line num="77" count="2" type="cond" truecount="1" falsecount="1"/>
      <line num="78" count="2" type="cond" truecount="2" falsecount="0"/>
      <line num="79" count="1" type="stmt"/>
      <line num="80" count="1" type="cond" truecount="1" falsecount="1"/>
      <line num="81" count="1" type="stmt"/>
      <line num="85" count="60" type="stmt"/>
      <line num="91" count="37" type="stmt"/>
      <line num="93" count="37" type="cond" truecount="2" falsecount="0"/>
      <line num="94" count="15" type="cond" truecount="2" falsecount="0"/>
      <line num="95" count="14" type="stmt"/>
      <line num="96" count="1" type="cond" truecount="1" falsecount="1"/>
      <line num="97" count="1" type="stmt"/>
      <line num="99" count="22" type="cond" truecount="2" falsecount="0"/>
      <line num="100" count="2" type="cond" truecount="2" falsecount="0"/>
      <line num="101" count="1" type="stmt"/>
      <line num="102" count="1" type="cond" truecount="1" falsecount="1"/>
      <line num="103" count="1" type="stmt"/>
      <line num="105" count="20" type="cond" truecount="2" falsecount="0"/>
      <line num="106" count="2" type="cond" truecount="2" falsecount="0"/>
      <line num="107" count="1" type="stmt"/>
      <line num="108" count="1" type="cond" truecount="1" falsecount="1"/>
      <line num="109" count="1" type="stmt"/>
      <line num="111" count="18" type="cond" truecount="2" falsecount="0"/>
      <line num="112" count="2" type="cond" truecount="2" falsecount="0"/>
      <line num="113" count="1" type="stmt"/>
      <line num="114" count="1" type="cond" truecount="1" falsecount="1"/>
      <line num="115" count="1" type="stmt"/>
      <line num="117" count="16" type="cond" truecount="2" falsecount="0"/>
      <line num="118" count="2" type="cond" truecount="2" falsecount="0"/>
      <line num="119" count="1" type="stmt"/>
      <line num="120" count="1" type="cond" truecount="1" falsecount="1"/>
      <line num="121" count="1" type="stmt"/>
      <line num="123" count="14" type="cond" truecount="2" falsecount="0"/>
      <line num="124" count="2" type="cond" truecount="2" falsecount="0"/>
      <line num="125" count="1" type="stmt"/>
      <line num="126" count="1" type="cond" truecount="1" falsecount="1"/>
      <line num="127" count="1" type="stmt"/>
      <line num="129" count="12" type="cond" truecount="2" falsecount="0"/>
      <line num="130" count="10" type="cond" truecount="2" falsecount="0"/>
      <line num="131" count="3" type="stmt"/>
      <line num="132" count="7" type="cond" truecount="1" falsecount="1"/>
      <line num="133" count="7" type="stmt"/>
      <line num="135" count="2" type="cond" truecount="1" falsecount="1"/>
      <line num="136" count="2" type="cond" truecount="2" falsecount="0"/>
      <line num="137" count="1" type="stmt"/>
      <line num="138" count="1" type="cond" truecount="1" falsecount="1"/>
      <line num="139" count="1" type="stmt"/>
      <line num="143" count="37" type="stmt"/>
      <line num="149" count="60" type="stmt"/>
      <line num="151" count="60" type="cond" truecount="2" falsecount="0"/>
      <line num="152" count="38" type="cond" truecount="2" falsecount="0"/>
      <line num="153" count="14" type="stmt"/>
      <line num="154" count="24" type="cond" truecount="1" falsecount="1"/>
      <line num="155" count="24" type="stmt"/>
      <line num="157" count="22" type="cond" truecount="2" falsecount="0"/>
      <line num="158" count="2" type="cond" truecount="2" falsecount="0"/>
      <line num="159" count="1" type="stmt"/>
      <line num="160" count="1" type="cond" truecount="1" falsecount="1"/>
      <line num="161" count="1" type="stmt"/>
      <line num="163" count="20" type="cond" truecount="2" falsecount="0"/>
      <line num="164" count="2" type="cond" truecount="2" falsecount="0"/>
      <line num="165" count="1" type="stmt"/>
      <line num="166" count="1" type="cond" truecount="1" falsecount="1"/>
      <line num="167" count="1" type="stmt"/>
      <line num="169" count="18" type="cond" truecount="2" falsecount="0"/>
      <line num="170" count="2" type="cond" truecount="2" falsecount="0"/>
      <line num="171" count="1" type="stmt"/>
      <line num="172" count="1" type="cond" truecount="1" falsecount="1"/>
      <line num="173" count="1" type="stmt"/>
      <line num="175" count="16" type="cond" truecount="2" falsecount="0"/>
      <line num="176" count="2" type="cond" truecount="2" falsecount="0"/>
      <line num="177" count="1" type="stmt"/>
      <line num="178" count="1" type="cond" truecount="1" falsecount="1"/>
      <line num="179" count="1" type="stmt"/>
      <line num="181" count="14" type="cond" truecount="2" falsecount="0"/>
      <line num="182" count="2" type="cond" truecount="2" falsecount="0"/>
      <line num="183" count="1" type="stmt"/>
      <line num="184" count="1" type="cond" truecount="1" falsecount="1"/>
      <line num="185" count="1" type="stmt"/>
      <line num="187" count="12" type="cond" truecount="2" falsecount="0"/>
      <line num="188" count="10" type="cond" truecount="2" falsecount="0"/>
      <line num="189" count="3" type="stmt"/>
      <line num="190" count="7" type="cond" truecount="1" falsecount="1"/>
      <line num="191" count="7" type="stmt"/>
      <line num="193" count="2" type="cond" truecount="1" falsecount="1"/>
      <line num="194" count="2" type="cond" truecount="2" falsecount="0"/>
      <line num="195" count="1" type="stmt"/>
      <line num="196" count="1" type="cond" truecount="1" falsecount="1"/>
      <line num="197" count="1" type="stmt"/>
      <line num="201" count="60" type="stmt"/>
    </file>
    <file name="index.tsx" path="/Users/admin/Documents/GitHub/react-sf-building-blocks/src/index.tsx">
      <metrics statements="0" coveredstatements="0" conditionals="0" coveredconditionals="0" methods="0" coveredmethods="0"/>
    </file>
  </project>
</coverage>
