<?xml version="1.0" encoding="UTF-8"?>
<coverage generated="1668399487121" clover="3.2.0">
  <project timestamp="1668399487121" name="All files">
    <metrics statements="467" coveredstatements="467" conditionals="723" coveredconditionals="565" methods="130" coveredmethods="125" elements="1320" coveredelements="1157" complexity="0" loc="467" ncloc="467" packages="1" files="7" classes="7"/>
    <file name="Constants.tsx" path="/Users/admin/Documents/GitHub/react-sf-building-blocks/src/Constants.tsx">
      <metrics statements="1" coveredstatements="1" conditionals="0" coveredconditionals="0" methods="0" coveredmethods="0"/>
      <line num="1" count="1" type="stmt"/>
    </file>
    <file name="Services.js" path="/Users/admin/Documents/GitHub/react-sf-building-blocks/src/Services.js">
      <metrics statements="3" coveredstatements="3" conditionals="0" coveredconditionals="0" methods="1" coveredmethods="1"/>
      <line num="3" count="40" type="stmt"/>
      <line num="4" count="40" type="stmt"/>
      <line num="9" count="1" type="stmt"/>
    </file>
    <file name="SfButton.tsx" path="/Users/admin/Documents/GitHub/react-sf-building-blocks/src/SfButton.tsx">
      <metrics statements="29" coveredstatements="29" conditionals="29" coveredconditionals="20" methods="13" coveredmethods="13"/>
      <line num="18" count="1" type="cond" truecount="5" falsecount="0"/>
      <line num="21" count="356" type="stmt"/>
      <line num="22" count="356" type="stmt"/>
      <line num="23" count="356" type="stmt"/>
      <line num="24" count="356" type="stmt"/>
      <line num="28" count="120" type="cond" truecount="1" falsecount="1"/>
      <line num="29" count="120" type="stmt"/>
      <line num="30" count="120" type="stmt"/>
      <line num="31" count="120" type="stmt"/>
      <line num="38" count="2" type="cond" truecount="1" falsecount="1"/>
      <line num="39" count="2" type="cond" truecount="2" falsecount="2"/>
      <line num="40" count="2" type="cond" truecount="2" falsecount="2"/>
      <line num="41" count="2" type="cond" truecount="1" falsecount="1"/>
      <line num="46" count="356" type="stmt"/>
      <line num="48" count="4" type="cond" truecount="2" falsecount="0"/>
      <line num="49" count="2" type="stmt"/>
      <line num="51" count="2" type="stmt"/>
      <line num="56" count="356" type="stmt"/>
      <line num="57" count="118" type="stmt"/>
      <line num="59" count="118" type="stmt"/>
      <line num="60" count="118" type="stmt"/>
      <line num="64" count="356" type="stmt"/>
      <line num="65" count="118" type="stmt"/>
      <line num="68" count="356" type="stmt"/>
      <line num="92" count="1" type="stmt"/>
      <line num="93" count="1" type="stmt"/>
      <line num="94" count="1" type="stmt"/>
      <line num="95" count="1" type="stmt"/>
      <line num="96" count="28" type="stmt"/>
    </file>
    <file name="SfInput.tsx" path="/Users/admin/Documents/GitHub/react-sf-building-blocks/src/SfInput.tsx">
      <metrics statements="195" coveredstatements="195" conditionals="225" coveredconditionals="176" methods="50" coveredmethods="49"/>
      <line num="27" count="1" type="cond" truecount="12" falsecount="0"/>
      <line num="30" count="199" type="stmt"/>
      <line num="31" count="199" type="stmt"/>
      <line num="32" count="199" type="stmt"/>
      <line num="33" count="199" type="stmt"/>
      <line num="34" count="199" type="stmt"/>
      <line num="35" count="199" type="stmt"/>
      <line num="36" count="199" type="stmt"/>
      <line num="37" count="199" type="stmt"/>
      <line num="38" count="199" type="stmt"/>
      <line num="40" count="199" type="stmt"/>
      <line num="41" count="199" type="stmt"/>
      <line num="42" count="199" type="stmt"/>
      <line num="43" count="199" type="stmt"/>
      <line num="45" count="199" type="stmt"/>
      <line num="46" count="199" type="stmt"/>
      <line num="47" count="199" type="stmt"/>
      <line num="49" count="199" type="stmt"/>
      <line num="50" count="199" type="stmt"/>
      <line num="51" count="199" type="stmt"/>
      <line num="52" count="199" type="stmt"/>
      <line num="54" count="199" type="stmt"/>
      <line num="55" count="199" type="stmt"/>
      <line num="57" count="199" type="stmt"/>
      <line num="61" count="6" type="cond" truecount="1" falsecount="1"/>
      <line num="62" count="6" type="stmt"/>
      <line num="63" count="6" type="stmt"/>
      <line num="69" count="2" type="cond" truecount="1" falsecount="1"/>
      <line num="70" count="2" type="stmt"/>
      <line num="71" count="2" type="stmt"/>
      <line num="72" count="2" type="cond" truecount="2" falsecount="0"/>
      <line num="73" count="1" type="stmt"/>
      <line num="75" count="1" type="stmt"/>
      <line num="77" count="2" type="stmt"/>
      <line num="82" count="1" type="cond" truecount="1" falsecount="1"/>
      <line num="83" count="1" type="stmt"/>
      <line num="84" count="1" type="stmt"/>
      <line num="86" count="1" type="cond" truecount="1" falsecount="1"/>
      <line num="87" count="1" type="stmt"/>
      <line num="93" count="3" type="cond" truecount="1" falsecount="1"/>
      <line num="94" count="3" type="stmt"/>
      <line num="95" count="3" type="cond" truecount="2" falsecount="0"/>
      <line num="96" count="1" type="stmt"/>
      <line num="98" count="2" type="stmt"/>
      <line num="100" count="3" type="stmt"/>
      <line num="101" count="3" type="stmt"/>
      <line num="105" count="199" type="stmt"/>
      <line num="106" count="12537" type="stmt"/>
      <line num="111" count="15" type="cond" truecount="1" falsecount="1"/>
      <line num="112" count="15" type="stmt"/>
      <line num="117" count="6" type="cond" truecount="1" falsecount="1"/>
      <line num="118" count="6" type="stmt"/>
      <line num="123" count="49" type="stmt"/>
      <line num="127" count="40" type="cond" truecount="1" falsecount="1"/>
      <line num="128" count="40" type="stmt"/>
      <line num="133" count="218" type="stmt"/>
      <line num="139" count="65" type="cond" truecount="2" falsecount="0"/>
      <line num="140" count="61" type="stmt"/>
      <line num="141" count="61" type="stmt"/>
      <line num="143" count="4" type="stmt"/>
      <line num="144" count="4" type="stmt"/>
      <line num="150" count="38" type="cond" truecount="2" falsecount="0"/>
      <line num="151" count="14" type="stmt"/>
      <line num="153" count="38" type="cond" truecount="2" falsecount="0"/>
      <line num="154" count="2" type="stmt"/>
      <line num="156" count="38" type="cond" truecount="2" falsecount="0"/>
      <line num="157" count="6" type="stmt"/>
      <line num="159" count="38" type="cond" truecount="2" falsecount="0"/>
      <line num="160" count="10" type="stmt"/>
      <line num="162" count="38" type="cond" truecount="2" falsecount="0"/>
      <line num="163" count="6" type="stmt"/>
      <line num="168" count="38" type="cond" truecount="2" falsecount="0"/>
      <line num="169" count="10" type="cond" truecount="4" falsecount="0"/>
      <line num="171" count="6" type="stmt"/>
      <line num="173" count="4" type="stmt"/>
      <line num="180" count="46" type="cond" truecount="2" falsecount="0"/>
      <line num="182" count="40" type="stmt"/>
      <line num="183" count="40" type="stmt"/>
      <line num="185" count="40" type="stmt"/>
      <line num="187" count="9640" type="cond" truecount="2" falsecount="0"/>
      <line num="188" count="9402" type="stmt"/>
      <line num="193" count="40" type="stmt"/>
      <line num="199" count="1" type="stmt"/>
      <line num="204" count="9" type="cond" truecount="1" falsecount="1"/>
      <line num="205" count="9" type="cond" truecount="2" falsecount="0"/>
      <line num="206" count="2" type="stmt"/>
      <line num="208" count="7" type="stmt"/>
      <line num="214" count="1" type="cond" truecount="1" falsecount="1"/>
      <line num="215" count="1" type="stmt"/>
      <line num="221" count="6" type="cond" truecount="4" falsecount="0"/>
      <line num="222" count="3" type="stmt"/>
      <line num="223" count="3" type="stmt"/>
      <line num="225" count="3" type="stmt"/>
      <line num="226" count="3" type="stmt"/>
      <line num="231" count="199" type="stmt"/>
      <line num="233" count="72" type="cond" truecount="2" falsecount="0"/>
      <line num="234" count="62" type="cond" truecount="2" falsecount="0"/>
      <line num="235" count="8" type="cond" truecount="2" falsecount="0"/>
      <line num="236" count="7" type="stmt"/>
      <line num="237" count="7" type="stmt"/>
      <line num="238" count="7" type="cond" truecount="2" falsecount="0"/>
      <line num="240" count="1" type="stmt"/>
      <line num="241" count="1" type="stmt"/>
      <line num="245" count="62" type="cond" truecount="2" falsecount="0"/>
      <line num="246" count="3" type="cond" truecount="2" falsecount="0"/>
      <line num="247" count="2" type="stmt"/>
      <line num="248" count="2" type="stmt"/>
      <line num="249" count="2" type="cond" truecount="2" falsecount="0"/>
      <line num="251" count="1" type="stmt"/>
      <line num="252" count="1" type="stmt"/>
      <line num="256" count="62" type="cond" truecount="2" falsecount="0"/>
      <line num="257" count="6" type="cond" truecount="4" falsecount="0"/>
      <line num="258" count="2" type="stmt"/>
      <line num="259" count="2" type="stmt"/>
      <line num="260" count="2" type="cond" truecount="2" falsecount="0"/>
      <line num="262" count="4" type="stmt"/>
      <line num="263" count="4" type="stmt"/>
      <line num="267" count="62" type="cond" truecount="2" falsecount="0"/>
      <line num="268" count="45" type="cond" truecount="2" falsecount="0"/>
      <line num="269" count="3" type="stmt"/>
      <line num="270" count="3" type="stmt"/>
      <line num="271" count="3" type="cond" truecount="1" falsecount="1"/>
      <line num="272" count="3" type="stmt"/>
      <line num="274" count="42" type="cond" truecount="5" falsecount="0"/>
      <line num="275" count="10" type="stmt"/>
      <line num="277" count="32" type="stmt"/>
      <line num="279" count="42" type="stmt"/>
      <line num="286" count="199" type="stmt"/>
      <line num="287" count="10" type="cond" truecount="1" falsecount="1"/>
      <line num="288" count="10" type="stmt"/>
      <line num="289" count="10" type="stmt"/>
      <line num="290" count="10" type="stmt"/>
      <line num="294" count="199" type="stmt"/>
      <line num="295" count="10" type="cond" truecount="1" falsecount="1"/>
      <line num="296" count="10" type="stmt"/>
      <line num="297" count="10" type="stmt"/>
      <line num="298" count="10" type="stmt"/>
      <line num="302" count="199" type="stmt"/>
      <line num="303" count="10" type="cond" truecount="1" falsecount="1"/>
      <line num="304" count="10" type="stmt"/>
      <line num="305" count="10" type="stmt"/>
      <line num="306" count="10" type="stmt"/>
      <line num="310" count="199" type="stmt"/>
      <line num="311" count="53" type="cond" truecount="2" falsecount="0"/>
      <line num="312" count="25" type="stmt"/>
      <line num="316" count="199" type="stmt"/>
      <line num="318" count="78" type="cond" truecount="1" falsecount="1"/>
      <line num="319" count="78" type="cond" truecount="2" falsecount="0"/>
      <line num="320" count="2" type="stmt"/>
      <line num="321" count="98" type="cond" truecount="2" falsecount="0"/>
      <line num="322" count="1" type="stmt"/>
      <line num="323" count="1" type="stmt"/>
      <line num="324" count="1" type="stmt"/>
      <line num="333" count="199" type="stmt"/>
      <line num="335" count="38" type="stmt"/>
      <line num="336" count="38" type="stmt"/>
      <line num="337" count="38" type="stmt"/>
      <line num="339" count="38" type="cond" truecount="2" falsecount="0"/>
      <line num="340" count="6" type="stmt"/>
      <line num="343" count="38" type="cond" truecount="2" falsecount="0"/>
      <line num="344" count="6" type="cond" truecount="2" falsecount="0"/>
      <line num="345" count="4" type="stmt"/>
      <line num="347" count="6" type="cond" truecount="2" falsecount="0"/>
      <line num="348" count="4" type="stmt"/>
      <line num="350" count="6" type="cond" truecount="2" falsecount="0"/>
      <line num="351" count="4" type="stmt"/>
      <line num="357" count="199" type="stmt"/>
      <line num="358" count="38" type="stmt"/>
      <line num="360" count="38" type="stmt"/>
      <line num="361" count="38" type="stmt"/>
      <line num="365" count="199" type="stmt"/>
      <line num="367" count="44" type="cond" truecount="2" falsecount="0"/>
      <line num="371" count="6" type="stmt"/>
      <line num="372" count="6" type="stmt"/>
      <line num="373" count="6" type="stmt"/>
      <line num="379" count="199" type="stmt"/>
      <line num="381" count="40" type="stmt"/>
      <line num="387" count="199" type="stmt"/>
      <line num="405" count="1" type="stmt"/>
      <line num="411" count="8" type="cond" truecount="6" falsecount="0"/>
      <line num="432" count="1" type="stmt"/>
      <line num="442" count="1" type="stmt"/>
      <line num="464" count="4106" type="stmt"/>
      <line num="480" count="5" type="stmt"/>
      <line num="498" count="1" type="cond" truecount="1" falsecount="1"/>
      <line num="519" count="1" type="cond" truecount="1" falsecount="1"/>
      <line num="540" count="1" type="cond" truecount="1" falsecount="1"/>
      <line num="632" count="3" type="stmt"/>
      <line num="647" count="378" type="stmt"/>
      <line num="649" count="1" type="stmt"/>
      <line num="674" count="72" type="stmt"/>
      <line num="676" count="1" type="stmt"/>
      <line num="705" count="155" type="stmt"/>
      <line num="707" count="1" type="stmt"/>
      <line num="746" count="17" type="stmt"/>
    </file>
    <file name="SfNav.tsx" path="/Users/admin/Documents/GitHub/react-sf-building-blocks/src/SfNav.tsx">
      <metrics statements="88" coveredstatements="88" conditionals="298" coveredconditionals="226" methods="55" coveredmethods="51"/>
      <line num="107" count="49" type="stmt"/>
      <line num="108" count="49" type="stmt"/>
      <line num="114" count="1" type="stmt"/>
      <line num="116" count="13" type="stmt"/>
      <line num="124" count="4" type="stmt"/>
      <line num="163" count="1" type="stmt"/>
      <line num="180" count="32" type="cond" truecount="2" falsecount="0"/>
      <line num="182" count="16" type="stmt"/>
      <line num="202" count="1" type="cond" truecount="1" falsecount="1"/>
      <line num="217" count="3" type="cond" truecount="1" falsecount="1"/>
      <line num="232" count="5" type="stmt"/>
      <line num="245" count="1" type="stmt"/>
      <line num="257" count="16" type="stmt"/>
      <line num="275" count="1" type="stmt"/>
      <line num="306" count="1" type="cond" truecount="60" falsecount="0"/>
      <line num="308" count="48" type="stmt"/>
      <line num="309" count="48" type="stmt"/>
      <line num="310" count="48" type="stmt"/>
      <line num="311" count="48" type="stmt"/>
      <line num="312" count="48" type="stmt"/>
      <line num="313" count="48" type="stmt"/>
      <line num="314" count="48" type="stmt"/>
      <line num="317" count="5" type="stmt"/>
      <line num="321" count="5" type="stmt"/>
      <line num="325" count="6" type="stmt"/>
      <line num="329" count="6" type="stmt"/>
      <line num="333" count="14" type="stmt"/>
      <line num="335" count="14" type="cond" truecount="2" falsecount="0"/>
      <line num="336" count="3" type="stmt"/>
      <line num="337" count="2" type="stmt"/>
      <line num="339" count="3" type="stmt"/>
      <line num="341" count="11" type="cond" truecount="2" falsecount="0"/>
      <line num="342" count="4" type="stmt"/>
      <line num="344" count="7" type="stmt"/>
      <line num="345" count="10" type="stmt"/>
      <line num="347" count="7" type="stmt"/>
      <line num="349" count="11" type="stmt"/>
      <line num="356" count="206" type="stmt"/>
      <line num="360" count="7" type="stmt"/>
      <line num="362" count="7" type="cond" truecount="2" falsecount="0"/>
      <line num="363" count="3" type="stmt"/>
      <line num="364" count="2" type="stmt"/>
      <line num="366" count="3" type="stmt"/>
      <line num="368" count="4" type="cond" truecount="2" falsecount="0"/>
      <line num="369" count="1" type="stmt"/>
      <line num="371" count="3" type="stmt"/>
      <line num="372" count="4" type="stmt"/>
      <line num="374" count="3" type="stmt"/>
      <line num="376" count="4" type="stmt"/>
      <line num="383" count="71" type="stmt"/>
      <line num="386" count="48" type="stmt"/>
      <line num="388" count="1" type="stmt"/>
      <line num="391" count="11" type="stmt"/>
      <line num="392" count="11" type="stmt"/>
      <line num="395" count="48" type="stmt"/>
      <line num="418" count="1" type="cond" truecount="2" falsecount="0"/>
      <line num="424" count="4" type="cond" truecount="2" falsecount="0"/>
      <line num="438" count="1" type="stmt"/>
      <line num="446" count="1" type="stmt"/>
      <line num="458" count="4" type="stmt"/>
      <line num="465" count="1" type="cond" truecount="4" falsecount="2"/>
      <line num="492" count="1" type="stmt"/>
      <line num="498" count="32" type="cond" truecount="2" falsecount="0"/>
      <line num="500" count="16" type="stmt"/>
      <line num="519" count="1" type="cond" truecount="1" falsecount="1"/>
      <line num="534" count="3" type="cond" truecount="1" falsecount="1"/>
      <line num="550" count="8" type="stmt"/>
      <line num="563" count="1" type="stmt"/>
      <line num="575" count="16" type="stmt"/>
      <line num="592" count="1" type="stmt"/>
      <line num="621" count="1" type="stmt"/>
      <line num="638" count="2" type="cond" truecount="5" falsecount="3"/>
      <line num="664" count="1" type="cond" truecount="3" falsecount="1"/>
      <line num="669" count="1" type="stmt"/>
      <line num="678" count="1" type="stmt"/>
      <line num="693" count="50" type="stmt"/>
      <line num="694" count="50" type="stmt"/>
      <line num="696" count="50" type="cond" truecount="2" falsecount="0"/>
      <line num="698" count="26" type="stmt"/>
      <line num="705" count="5" type="cond" truecount="4" falsecount="0"/>
      <line num="723" count="1" type="stmt"/>
      <line num="728" count="15" type="stmt"/>
      <line num="740" count="1" type="stmt"/>
      <line num="752" count="24" type="stmt"/>
      <line num="754" count="24" type="stmt"/>
      <line num="761" count="1" type="stmt"/>
      <line num="773" count="2" type="cond" truecount="6" falsecount="2"/>
      <line num="774" count="1" type="cond" truecount="4" falsecount="2"/>
    </file>
    <file name="Util.tsx" path="/Users/admin/Documents/GitHub/react-sf-building-blocks/src/Util.tsx">
      <metrics statements="151" coveredstatements="151" conditionals="171" coveredconditionals="143" methods="11" coveredmethods="11"/>
      <line num="1" count="1" type="stmt"/>
      <line num="4" count="77" type="stmt"/>
      <line num="5" count="77" type="stmt"/>
      <line num="7" count="77" type="stmt"/>
      <line num="13" count="6" type="stmt"/>
      <line num="14" count="6" type="stmt"/>
      <line num="15" count="6" type="stmt"/>
      <line num="16" count="155" type="stmt"/>
      <line num="17" count="155" type="stmt"/>
      <line num="19" count="6" type="stmt"/>
      <line num="24" count="45" type="cond" truecount="11" falsecount="0"/>
      <line num="35" count="40" type="stmt"/>
      <line num="39" count="5" type="cond" truecount="2" falsecount="0"/>
      <line num="40" count="2" type="cond" truecount="5" falsecount="1"/>
      <line num="42" count="1" type="stmt"/>
      <line num="44" count="1" type="stmt"/>
      <line num="46" count="3" type="cond" truecount="6" falsecount="0"/>
      <line num="47" count="2" type="cond" truecount="2" falsecount="0"/>
      <line num="48" count="1" type="stmt"/>
      <line num="50" count="1" type="stmt"/>
      <line num="54" count="1" type="stmt"/>
      <line num="61" count="12" type="stmt"/>
      <line num="69" count="8" type="stmt"/>
      <line num="77" count="3" type="stmt"/>
      <line num="84" count="195" type="stmt"/>
      <line num="89" count="256" type="stmt"/>
      <line num="91" count="256" type="cond" truecount="2" falsecount="0"/>
      <line num="92" count="234" type="cond" truecount="2" falsecount="0"/>
      <line num="93" count="114" type="stmt"/>
      <line num="94" count="120" type="cond" truecount="1" falsecount="1"/>
      <line num="95" count="120" type="stmt"/>
      <line num="97" count="22" type="cond" truecount="2" falsecount="0"/>
      <line num="98" count="2" type="cond" truecount="2" falsecount="0"/>
      <line num="99" count="1" type="stmt"/>
      <line num="100" count="1" type="cond" truecount="1" falsecount="1"/>
      <line num="101" count="1" type="stmt"/>
      <line num="103" count="20" type="cond" truecount="2" falsecount="0"/>
      <line num="104" count="2" type="cond" truecount="2" falsecount="0"/>
      <line num="105" count="1" type="stmt"/>
      <line num="106" count="1" type="cond" truecount="1" falsecount="1"/>
      <line num="107" count="1" type="stmt"/>
      <line num="109" count="18" type="cond" truecount="2" falsecount="0"/>
      <line num="110" count="2" type="cond" truecount="2" falsecount="0"/>
      <line num="111" count="1" type="stmt"/>
      <line num="112" count="1" type="cond" truecount="1" falsecount="1"/>
      <line num="113" count="1" type="stmt"/>
      <line num="115" count="16" type="cond" truecount="2" falsecount="0"/>
      <line num="116" count="2" type="cond" truecount="2" falsecount="0"/>
      <line num="117" count="1" type="stmt"/>
      <line num="118" count="1" type="cond" truecount="1" falsecount="1"/>
      <line num="119" count="1" type="stmt"/>
      <line num="121" count="14" type="cond" truecount="2" falsecount="0"/>
      <line num="122" count="2" type="cond" truecount="2" falsecount="0"/>
      <line num="123" count="1" type="stmt"/>
      <line num="124" count="1" type="cond" truecount="1" falsecount="1"/>
      <line num="125" count="1" type="stmt"/>
      <line num="127" count="12" type="cond" truecount="2" falsecount="0"/>
      <line num="128" count="10" type="cond" truecount="2" falsecount="0"/>
      <line num="129" count="3" type="stmt"/>
      <line num="130" count="7" type="cond" truecount="1" falsecount="1"/>
      <line num="131" count="7" type="stmt"/>
      <line num="133" count="2" type="cond" truecount="1" falsecount="1"/>
      <line num="134" count="2" type="cond" truecount="2" falsecount="0"/>
      <line num="135" count="1" type="stmt"/>
      <line num="136" count="1" type="cond" truecount="1" falsecount="1"/>
      <line num="137" count="1" type="stmt"/>
      <line num="141" count="256" type="stmt"/>
      <line num="147" count="122" type="stmt"/>
      <line num="149" count="122" type="cond" truecount="2" falsecount="0"/>
      <line num="150" count="100" type="cond" truecount="2" falsecount="0"/>
      <line num="151" count="93" type="stmt"/>
      <line num="152" count="7" type="cond" truecount="1" falsecount="1"/>
      <line num="154" count="7" type="stmt"/>
      <line num="156" count="22" type="cond" truecount="2" falsecount="0"/>
      <line num="157" count="2" type="cond" truecount="2" falsecount="0"/>
      <line num="158" count="1" type="stmt"/>
      <line num="159" count="1" type="cond" truecount="1" falsecount="1"/>
      <line num="161" count="1" type="stmt"/>
      <line num="163" count="20" type="cond" truecount="2" falsecount="0"/>
      <line num="164" count="2" type="cond" truecount="2" falsecount="0"/>
      <line num="165" count="1" type="stmt"/>
      <line num="166" count="1" type="cond" truecount="1" falsecount="1"/>
      <line num="168" count="1" type="stmt"/>
      <line num="170" count="18" type="cond" truecount="2" falsecount="0"/>
      <line num="171" count="2" type="cond" truecount="2" falsecount="0"/>
      <line num="172" count="1" type="stmt"/>
      <line num="173" count="1" type="cond" truecount="1" falsecount="1"/>
      <line num="175" count="1" type="stmt"/>
      <line num="177" count="16" type="cond" truecount="2" falsecount="0"/>
      <line num="178" count="2" type="cond" truecount="2" falsecount="0"/>
      <line num="179" count="1" type="stmt"/>
      <line num="180" count="1" type="cond" truecount="1" falsecount="1"/>
      <line num="182" count="1" type="stmt"/>
      <line num="184" count="14" type="cond" truecount="2" falsecount="0"/>
      <line num="185" count="2" type="cond" truecount="2" falsecount="0"/>
      <line num="186" count="1" type="stmt"/>
      <line num="187" count="1" type="cond" truecount="1" falsecount="1"/>
      <line num="189" count="1" type="stmt"/>
      <line num="191" count="12" type="cond" truecount="2" falsecount="0"/>
      <line num="192" count="10" type="cond" truecount="2" falsecount="0"/>
      <line num="193" count="3" type="stmt"/>
      <line num="194" count="7" type="cond" truecount="1" falsecount="1"/>
      <line num="196" count="7" type="stmt"/>
      <line num="198" count="2" type="cond" truecount="1" falsecount="1"/>
      <line num="199" count="2" type="cond" truecount="2" falsecount="0"/>
      <line num="200" count="1" type="stmt"/>
      <line num="201" count="1" type="cond" truecount="1" falsecount="1"/>
      <line num="203" count="1" type="stmt"/>
      <line num="207" count="122" type="stmt"/>
      <line num="213" count="191" type="stmt"/>
      <line num="215" count="191" type="cond" truecount="2" falsecount="0"/>
      <line num="216" count="169" type="cond" truecount="2" falsecount="0"/>
      <line num="217" count="93" type="stmt"/>
      <line num="218" count="76" type="cond" truecount="1" falsecount="1"/>
      <line num="219" count="76" type="stmt"/>
      <line num="221" count="22" type="cond" truecount="2" falsecount="0"/>
      <line num="222" count="2" type="cond" truecount="2" falsecount="0"/>
      <line num="223" count="1" type="stmt"/>
      <line num="224" count="1" type="cond" truecount="1" falsecount="1"/>
      <line num="225" count="1" type="stmt"/>
      <line num="227" count="20" type="cond" truecount="2" falsecount="0"/>
      <line num="228" count="2" type="cond" truecount="2" falsecount="0"/>
      <line num="229" count="1" type="stmt"/>
      <line num="230" count="1" type="cond" truecount="1" falsecount="1"/>
      <line num="231" count="1" type="stmt"/>
      <line num="233" count="18" type="cond" truecount="2" falsecount="0"/>
      <line num="234" count="2" type="cond" truecount="2" falsecount="0"/>
      <line num="235" count="1" type="stmt"/>
      <line num="236" count="1" type="cond" truecount="1" falsecount="1"/>
      <line num="237" count="1" type="stmt"/>
      <line num="239" count="16" type="cond" truecount="2" falsecount="0"/>
      <line num="240" count="2" type="cond" truecount="2" falsecount="0"/>
      <line num="241" count="1" type="stmt"/>
      <line num="242" count="1" type="cond" truecount="1" falsecount="1"/>
      <line num="243" count="1" type="stmt"/>
      <line num="245" count="14" type="cond" truecount="2" falsecount="0"/>
      <line num="246" count="2" type="cond" truecount="2" falsecount="0"/>
      <line num="247" count="1" type="stmt"/>
      <line num="248" count="1" type="cond" truecount="1" falsecount="1"/>
      <line num="249" count="1" type="stmt"/>
      <line num="251" count="12" type="cond" truecount="2" falsecount="0"/>
      <line num="252" count="10" type="cond" truecount="2" falsecount="0"/>
      <line num="253" count="3" type="stmt"/>
      <line num="254" count="7" type="cond" truecount="1" falsecount="1"/>
      <line num="255" count="7" type="stmt"/>
      <line num="257" count="2" type="cond" truecount="1" falsecount="1"/>
      <line num="258" count="2" type="cond" truecount="2" falsecount="0"/>
      <line num="259" count="1" type="stmt"/>
      <line num="260" count="1" type="cond" truecount="1" falsecount="1"/>
      <line num="261" count="1" type="stmt"/>
      <line num="265" count="191" type="stmt"/>
    </file>
    <file name="index.tsx" path="/Users/admin/Documents/GitHub/react-sf-building-blocks/src/index.tsx">
      <metrics statements="0" coveredstatements="0" conditionals="0" coveredconditionals="0" methods="0" coveredmethods="0"/>
    </file>
  </project>
</coverage>
