{"/Users/admin/Documents/GitHub/react-sf-building-blocks/src/Constants.tsx": {"path":"/Users/admin/Documents/GitHub/react-sf-building-blocks/src/Constants.tsx","statementMap":{"0":{"start":{"line":1,"column":18},"end":{"line":8,"column":1}}},"fnMap":{},"branchMap":{},"s":{"0":1},"f":{},"b":{},"_coverageSchema":"43e27e138ebf9cfc5966b082cf9a028302ed4184","hash":"b0bbada1e50eb5abf91c198957298cf060185502"}
,"/Users/admin/Documents/GitHub/react-sf-building-blocks/src/Services.js": {"path":"/Users/admin/Documents/GitHub/react-sf-building-blocks/src/Services.js","statementMap":{"0":{"start":{"line":3,"column":21},"end":{"line":3,"column":123}},"1":{"start":{"line":4,"column":4},"end":{"line":4,"column":33}},"2":{"start":{"line":9,"column":24},"end":{"line":11,"column":1}}},"fnMap":{"0":{"name":"getCountryCodes","decl":{"start":{"line":1,"column":15},"end":{"line":1,"column":30}},"loc":{"start":{"line":1,"column":33},"end":{"line":6,"column":1}},"line":1}},"branchMap":{},"s":{"0":44,"1":44,"2":1},"f":{"0":44},"b":{},"_coverageSchema":"43e27e138ebf9cfc5966b082cf9a028302ed4184","hash":"50a403c63f04499e334adae78812ee811276bb75"}
,"/Users/admin/Documents/GitHub/react-sf-building-blocks/src/SfButton.tsx": {"path":"/Users/admin/Documents/GitHub/react-sf-building-blocks/src/SfButton.tsx","statementMap":{"0":{"start":{"line":18,"column":17},"end":{"line":99,"column":1}},"1":{"start":{"line":21,"column":42},"end":{"line":21,"column":58}},"2":{"start":{"line":22,"column":50},"end":{"line":22,"column":66}},"3":{"start":{"line":23,"column":38},"end":{"line":23,"column":54}},"4":{"start":{"line":24,"column":20},"end":{"line":24,"column":33}},"5":{"start":{"line":28,"column":8},"end":{"line":32,"column":9}},"6":{"start":{"line":29,"column":12},"end":{"line":29,"column":66}},"7":{"start":{"line":30,"column":12},"end":{"line":30,"column":78}},"8":{"start":{"line":31,"column":12},"end":{"line":31,"column":70}},"9":{"start":{"line":38,"column":8},"end":{"line":42,"column":9}},"10":{"start":{"line":39,"column":12},"end":{"line":39,"column":130}},"11":{"start":{"line":40,"column":12},"end":{"line":40,"column":142}},"12":{"start":{"line":41,"column":12},"end":{"line":41,"column":134}},"13":{"start":{"line":46,"column":25},"end":{"line":54,"column":5}},"14":{"start":{"line":48,"column":8},"end":{"line":52,"column":9}},"15":{"start":{"line":49,"column":12},"end":{"line":49,"column":27}},"16":{"start":{"line":51,"column":11},"end":{"line":51,"column":51}},"17":{"start":{"line":51,"column":29},"end":{"line":51,"column":43}},"18":{"start":{"line":56,"column":4},"end":{"line":62,"column":11}},"19":{"start":{"line":57,"column":8},"end":{"line":57,"column":31}},"20":{"start":{"line":59,"column":8},"end":{"line":61,"column":10}},"21":{"start":{"line":60,"column":12},"end":{"line":60,"column":36}},"22":{"start":{"line":64,"column":4},"end":{"line":66,"column":10}},"23":{"start":{"line":65,"column":8},"end":{"line":65,"column":22}},"24":{"start":{"line":68,"column":4},"end":{"line":97,"column":5}},"25":{"start":{"line":88,"column":33},"end":{"line":88,"column":51}},"26":{"start":{"line":89,"column":32},"end":{"line":89,"column":50}},"27":{"start":{"line":90,"column":31},"end":{"line":90,"column":50}},"28":{"start":{"line":91,"column":30},"end":{"line":91,"column":49}},"29":{"start":{"line":92,"column":33},"end":{"line":92,"column":47}}},"fnMap":{"0":{"name":"(anonymous_0)","decl":{"start":{"line":18,"column":17},"end":{"line":18,"column":18}},"loc":{"start":{"line":18,"column":151},"end":{"line":99,"column":1}},"line":18},"1":{"name":"resetColors","decl":{"start":{"line":26,"column":13},"end":{"line":26,"column":24}},"loc":{"start":{"line":26,"column":27},"end":{"line":34,"column":5}},"line":26},"2":{"name":"invertColors","decl":{"start":{"line":36,"column":13},"end":{"line":36,"column":25}},"loc":{"start":{"line":36,"column":28},"end":{"line":44,"column":5}},"line":36},"3":{"name":"(anonymous_3)","decl":{"start":{"line":46,"column":25},"end":{"line":46,"column":26}},"loc":{"start":{"line":46,"column":45},"end":{"line":54,"column":5}},"line":46},"4":{"name":"(anonymous_4)","decl":{"start":{"line":51,"column":22},"end":{"line":51,"column":23}},"loc":{"start":{"line":51,"column":28},"end":{"line":51,"column":44}},"line":51},"5":{"name":"(anonymous_5)","decl":{"start":{"line":56,"column":20},"end":{"line":56,"column":21}},"loc":{"start":{"line":56,"column":26},"end":{"line":62,"column":5}},"line":56},"6":{"name":"(anonymous_6)","decl":{"start":{"line":59,"column":15},"end":{"line":59,"column":16}},"loc":{"start":{"line":59,"column":21},"end":{"line":61,"column":9}},"line":59},"7":{"name":"(anonymous_7)","decl":{"start":{"line":64,"column":20},"end":{"line":64,"column":21}},"loc":{"start":{"line":64,"column":26},"end":{"line":66,"column":5}},"line":64},"8":{"name":"(anonymous_8)","decl":{"start":{"line":88,"column":26},"end":{"line":88,"column":27}},"loc":{"start":{"line":88,"column":32},"end":{"line":88,"column":52}},"line":88},"9":{"name":"(anonymous_9)","decl":{"start":{"line":89,"column":25},"end":{"line":89,"column":26}},"loc":{"start":{"line":89,"column":31},"end":{"line":89,"column":51}},"line":89},"10":{"name":"(anonymous_10)","decl":{"start":{"line":90,"column":24},"end":{"line":90,"column":25}},"loc":{"start":{"line":90,"column":30},"end":{"line":90,"column":51}},"line":90},"11":{"name":"(anonymous_11)","decl":{"start":{"line":91,"column":23},"end":{"line":91,"column":24}},"loc":{"start":{"line":91,"column":29},"end":{"line":91,"column":50}},"line":91},"12":{"name":"(anonymous_12)","decl":{"start":{"line":92,"column":21},"end":{"line":92,"column":22}},"loc":{"start":{"line":92,"column":32},"end":{"line":92,"column":48}},"line":92}},"branchMap":{"0":{"loc":{"start":{"line":18,"column":35},"end":{"line":18,"column":51}},"type":"default-arg","locations":[{"start":{"line":18,"column":46},"end":{"line":18,"column":51}}],"line":18},"1":{"loc":{"start":{"line":18,"column":71},"end":{"line":18,"column":96}},"type":"default-arg","locations":[{"start":{"line":18,"column":79},"end":{"line":18,"column":96}}],"line":18},"2":{"loc":{"start":{"line":18,"column":98},"end":{"line":18,"column":109}},"type":"default-arg","locations":[{"start":{"line":18,"column":105},"end":{"line":18,"column":109}}],"line":18},"3":{"loc":{"start":{"line":18,"column":111},"end":{"line":18,"column":125}},"type":"default-arg","locations":[{"start":{"line":18,"column":123},"end":{"line":18,"column":125}}],"line":18},"4":{"loc":{"start":{"line":18,"column":127},"end":{"line":18,"column":138}},"type":"default-arg","locations":[{"start":{"line":18,"column":136},"end":{"line":18,"column":138}}],"line":18},"5":{"loc":{"start":{"line":28,"column":8},"end":{"line":32,"column":9}},"type":"if","locations":[{"start":{"line":28,"column":8},"end":{"line":32,"column":9}},{"start":{"line":28,"column":8},"end":{"line":32,"column":9}}],"line":28},"6":{"loc":{"start":{"line":38,"column":8},"end":{"line":42,"column":9}},"type":"if","locations":[{"start":{"line":38,"column":8},"end":{"line":42,"column":9}},{"start":{"line":38,"column":8},"end":{"line":42,"column":9}}],"line":38},"7":{"loc":{"start":{"line":39,"column":59},"end":{"line":39,"column":127}},"type":"cond-expr","locations":[{"start":{"line":39,"column":87},"end":{"line":39,"column":107}},{"start":{"line":39,"column":109},"end":{"line":39,"column":127}}],"line":39},"8":{"loc":{"start":{"line":40,"column":71},"end":{"line":40,"column":139}},"type":"cond-expr","locations":[{"start":{"line":40,"column":99},"end":{"line":40,"column":119}},{"start":{"line":40,"column":121},"end":{"line":40,"column":139}}],"line":40},"9":{"loc":{"start":{"line":41,"column":63},"end":{"line":41,"column":131}},"type":"cond-expr","locations":[{"start":{"line":41,"column":91},"end":{"line":41,"column":111}},{"start":{"line":41,"column":113},"end":{"line":41,"column":131}}],"line":41},"10":{"loc":{"start":{"line":48,"column":8},"end":{"line":52,"column":9}},"type":"if","locations":[{"start":{"line":48,"column":8},"end":{"line":52,"column":9}},{"start":{"line":48,"column":8},"end":{"line":52,"column":9}}],"line":48},"11":{"loc":{"start":{"line":83,"column":24},"end":{"line":83,"column":60}},"type":"cond-expr","locations":[{"start":{"line":83,"column":35},"end":{"line":83,"column":51}},{"start":{"line":83,"column":54},"end":{"line":83,"column":60}}],"line":83},"12":{"loc":{"start":{"line":94,"column":22},"end":{"line":94,"column":91}},"type":"binary-expr","locations":[{"start":{"line":94,"column":22},"end":{"line":94,"column":34}},{"start":{"line":94,"column":38},"end":{"line":94,"column":91}}],"line":94}},"s":{"0":1,"1":318,"2":318,"3":318,"4":318,"5":115,"6":115,"7":115,"8":115,"9":2,"10":2,"11":2,"12":2,"13":318,"14":4,"15":2,"16":2,"17":2,"18":318,"19":113,"20":113,"21":113,"22":318,"23":113,"24":318,"25":1,"26":1,"27":1,"28":1,"29":28},"f":{"0":318,"1":115,"2":2,"3":4,"4":2,"5":113,"6":113,"7":113,"8":1,"9":1,"10":1,"11":1,"12":28},"b":{"0":[270],"1":[318],"2":[318],"3":[94],"4":[48],"5":[115,0],"6":[2,0],"7":[0,2],"8":[0,2],"9":[0,2],"10":[2,2],"11":[2,316],"12":[318,0]},"_coverageSchema":"43e27e138ebf9cfc5966b082cf9a028302ed4184","hash":"e096ee4bbe3425550da9a25ef67f4c158aebd071"}
,"/Users/admin/Documents/GitHub/react-sf-building-blocks/src/SfInput.tsx": {"path":"/Users/admin/Documents/GitHub/react-sf-building-blocks/src/SfInput.tsx","statementMap":{"0":{"start":{"line":27,"column":16},"end":{"line":717,"column":1}},"1":{"start":{"line":30,"column":42},"end":{"line":30,"column":58}},"2":{"start":{"line":31,"column":38},"end":{"line":31,"column":54}},"3":{"start":{"line":32,"column":52},"end":{"line":32,"column":67}},"4":{"start":{"line":33,"column":48},"end":{"line":33,"column":63}},"5":{"start":{"line":34,"column":32},"end":{"line":34,"column":48}},"6":{"start":{"line":35,"column":44},"end":{"line":35,"column":58}},"7":{"start":{"line":36,"column":68},"end":{"line":36,"column":80}},"8":{"start":{"line":37,"column":58},"end":{"line":37,"column":72}},"9":{"start":{"line":38,"column":46},"end":{"line":38,"column":61}},"10":{"start":{"line":40,"column":24},"end":{"line":40,"column":36}},"11":{"start":{"line":41,"column":24},"end":{"line":41,"column":36}},"12":{"start":{"line":42,"column":28},"end":{"line":42,"column":40}},"13":{"start":{"line":43,"column":34},"end":{"line":43,"column":46}},"14":{"start":{"line":45,"column":44},"end":{"line":45,"column":78}},"15":{"start":{"line":46,"column":40},"end":{"line":46,"column":51}},"16":{"start":{"line":47,"column":40},"end":{"line":47,"column":51}},"17":{"start":{"line":49,"column":21},"end":{"line":49,"column":34}},"18":{"start":{"line":50,"column":23},"end":{"line":50,"column":36}},"19":{"start":{"line":51,"column":23},"end":{"line":51,"column":36}},"20":{"start":{"line":52,"column":25},"end":{"line":52,"column":38}},"21":{"start":{"line":54,"column":21},"end":{"line":54,"column":23}},"22":{"start":{"line":55,"column":22},"end":{"line":55,"column":61}},"23":{"start":{"line":59,"column":8},"end":{"line":61,"column":16}},"24":{"start":{"line":60,"column":12},"end":{"line":60,"column":36}},"25":{"start":{"line":65,"column":8},"end":{"line":65,"column":29}},"26":{"start":{"line":66,"column":8},"end":{"line":66,"column":29}},"27":{"start":{"line":67,"column":8},"end":{"line":71,"column":9}},"28":{"start":{"line":68,"column":12},"end":{"line":68,"column":45}},"29":{"start":{"line":70,"column":12},"end":{"line":70,"column":42}},"30":{"start":{"line":72,"column":8},"end":{"line":72,"column":50}},"31":{"start":{"line":76,"column":8},"end":{"line":76,"column":31}},"32":{"start":{"line":77,"column":8},"end":{"line":77,"column":29}},"33":{"start":{"line":79,"column":8},"end":{"line":81,"column":9}},"34":{"start":{"line":80,"column":12},"end":{"line":80,"column":47}},"35":{"start":{"line":86,"column":8},"end":{"line":86,"column":29}},"36":{"start":{"line":87,"column":8},"end":{"line":91,"column":9}},"37":{"start":{"line":88,"column":12},"end":{"line":88,"column":45}},"38":{"start":{"line":90,"column":12},"end":{"line":90,"column":42}},"39":{"start":{"line":92,"column":8},"end":{"line":92,"column":46}},"40":{"start":{"line":93,"column":8},"end":{"line":93,"column":50}},"41":{"start":{"line":97,"column":4},"end":{"line":99,"column":5}},"42":{"start":{"line":97,"column":16},"end":{"line":97,"column":40}},"43":{"start":{"line":98,"column":8},"end":{"line":98,"column":25}},"44":{"start":{"line":103,"column":8},"end":{"line":103,"column":62}},"45":{"start":{"line":103,"column":27},"end":{"line":103,"column":53}},"46":{"start":{"line":107,"column":8},"end":{"line":107,"column":54}},"47":{"start":{"line":111,"column":8},"end":{"line":111,"column":47}},"48":{"start":{"line":115,"column":8},"end":{"line":115,"column":46}},"49":{"start":{"line":119,"column":8},"end":{"line":119,"column":40}},"50":{"start":{"line":125,"column":8},"end":{"line":131,"column":9}},"51":{"start":{"line":126,"column":12},"end":{"line":126,"column":120}},"52":{"start":{"line":127,"column":12},"end":{"line":127,"column":94}},"53":{"start":{"line":129,"column":12},"end":{"line":129,"column":98}},"54":{"start":{"line":130,"column":12},"end":{"line":130,"column":116}},"55":{"start":{"line":136,"column":8},"end":{"line":138,"column":9}},"56":{"start":{"line":137,"column":12},"end":{"line":137,"column":30}},"57":{"start":{"line":139,"column":8},"end":{"line":141,"column":9}},"58":{"start":{"line":140,"column":12},"end":{"line":140,"column":31}},"59":{"start":{"line":142,"column":8},"end":{"line":144,"column":9}},"60":{"start":{"line":143,"column":12},"end":{"line":143,"column":32}},"61":{"start":{"line":145,"column":8},"end":{"line":147,"column":9}},"62":{"start":{"line":146,"column":12},"end":{"line":146,"column":32}},"63":{"start":{"line":148,"column":8},"end":{"line":150,"column":9}},"64":{"start":{"line":149,"column":12},"end":{"line":149,"column":32}},"65":{"start":{"line":154,"column":8},"end":{"line":161,"column":9}},"66":{"start":{"line":155,"column":12},"end":{"line":160,"column":13}},"67":{"start":{"line":157,"column":16},"end":{"line":157,"column":44}},"68":{"start":{"line":159,"column":16},"end":{"line":159,"column":42}},"69":{"start":{"line":166,"column":23},"end":{"line":166,"column":55}},"70":{"start":{"line":167,"column":20},"end":{"line":167,"column":22}},"71":{"start":{"line":169,"column":8},"end":{"line":175,"column":9}},"72":{"start":{"line":169,"column":20},"end":{"line":169,"column":21}},"73":{"start":{"line":171,"column":12},"end":{"line":173,"column":13}},"74":{"start":{"line":172,"column":16},"end":{"line":172,"column":36}},"75":{"start":{"line":177,"column":8},"end":{"line":177,"column":33}},"76":{"start":{"line":182,"column":8},"end":{"line":182,"column":34}},"77":{"start":{"line":187,"column":8},"end":{"line":191,"column":9}},"78":{"start":{"line":188,"column":12},"end":{"line":188,"column":42}},"79":{"start":{"line":190,"column":12},"end":{"line":190,"column":41}},"80":{"start":{"line":196,"column":8},"end":{"line":196,"column":52}},"81":{"start":{"line":201,"column":8},"end":{"line":207,"column":9}},"82":{"start":{"line":202,"column":12},"end":{"line":202,"column":117}},"83":{"start":{"line":203,"column":12},"end":{"line":203,"column":26}},"84":{"start":{"line":205,"column":12},"end":{"line":205,"column":67}},"85":{"start":{"line":206,"column":12},"end":{"line":206,"column":27}},"86":{"start":{"line":211,"column":20},"end":{"line":262,"column":5}},"87":{"start":{"line":213,"column":8},"end":{"line":222,"column":9}},"88":{"start":{"line":214,"column":12},"end":{"line":221,"column":13}},"89":{"start":{"line":215,"column":16},"end":{"line":215,"column":47}},"90":{"start":{"line":216,"column":16},"end":{"line":216,"column":30}},"91":{"start":{"line":217,"column":16},"end":{"line":217,"column":58}},"92":{"start":{"line":217,"column":41},"end":{"line":217,"column":58}},"93":{"start":{"line":219,"column":16},"end":{"line":219,"column":71}},"94":{"start":{"line":220,"column":16},"end":{"line":220,"column":31}},"95":{"start":{"line":224,"column":8},"end":{"line":233,"column":9}},"96":{"start":{"line":225,"column":12},"end":{"line":232,"column":13}},"97":{"start":{"line":226,"column":16},"end":{"line":226,"column":47}},"98":{"start":{"line":227,"column":16},"end":{"line":227,"column":30}},"99":{"start":{"line":228,"column":16},"end":{"line":228,"column":58}},"100":{"start":{"line":228,"column":41},"end":{"line":228,"column":58}},"101":{"start":{"line":230,"column":16},"end":{"line":230,"column":71}},"102":{"start":{"line":231,"column":16},"end":{"line":231,"column":31}},"103":{"start":{"line":235,"column":8},"end":{"line":244,"column":9}},"104":{"start":{"line":236,"column":12},"end":{"line":243,"column":13}},"105":{"start":{"line":237,"column":16},"end":{"line":237,"column":117}},"106":{"start":{"line":238,"column":16},"end":{"line":238,"column":30}},"107":{"start":{"line":239,"column":16},"end":{"line":239,"column":58}},"108":{"start":{"line":239,"column":41},"end":{"line":239,"column":58}},"109":{"start":{"line":241,"column":16},"end":{"line":241,"column":71}},"110":{"start":{"line":242,"column":16},"end":{"line":242,"column":31}},"111":{"start":{"line":246,"column":8},"end":{"line":260,"column":9}},"112":{"start":{"line":247,"column":12},"end":{"line":259,"column":13}},"113":{"start":{"line":248,"column":32},"end":{"line":248,"column":92}},"114":{"start":{"line":249,"column":16},"end":{"line":249,"column":41}},"115":{"start":{"line":250,"column":16},"end":{"line":250,"column":56}},"116":{"start":{"line":250,"column":39},"end":{"line":250,"column":56}},"117":{"start":{"line":251,"column":16},"end":{"line":251,"column":30}},"118":{"start":{"line":253,"column":16},"end":{"line":257,"column":17}},"119":{"start":{"line":254,"column":20},"end":{"line":254,"column":34}},"120":{"start":{"line":256,"column":20},"end":{"line":256,"column":75}},"121":{"start":{"line":258,"column":16},"end":{"line":258,"column":31}},"122":{"start":{"line":264,"column":22},"end":{"line":268,"column":5}},"123":{"start":{"line":265,"column":8},"end":{"line":265,"column":30}},"124":{"start":{"line":266,"column":8},"end":{"line":266,"column":39}},"125":{"start":{"line":267,"column":8},"end":{"line":267,"column":23}},"126":{"start":{"line":270,"column":22},"end":{"line":274,"column":5}},"127":{"start":{"line":271,"column":8},"end":{"line":271,"column":30}},"128":{"start":{"line":272,"column":8},"end":{"line":272,"column":39}},"129":{"start":{"line":273,"column":8},"end":{"line":273,"column":23}},"130":{"start":{"line":276,"column":24},"end":{"line":280,"column":5}},"131":{"start":{"line":277,"column":8},"end":{"line":277,"column":30}},"132":{"start":{"line":278,"column":8},"end":{"line":278,"column":41}},"133":{"start":{"line":279,"column":8},"end":{"line":279,"column":23}},"134":{"start":{"line":282,"column":4},"end":{"line":286,"column":21}},"135":{"start":{"line":283,"column":8},"end":{"line":285,"column":9}},"136":{"start":{"line":284,"column":12},"end":{"line":284,"column":26}},"137":{"start":{"line":288,"column":4},"end":{"line":303,"column":22}},"138":{"start":{"line":290,"column":8},"end":{"line":300,"column":9}},"139":{"start":{"line":291,"column":12},"end":{"line":299,"column":13}},"140":{"start":{"line":292,"column":16},"end":{"line":298,"column":17}},"141":{"start":{"line":292,"column":28},"end":{"line":292,"column":29}},"142":{"start":{"line":293,"column":20},"end":{"line":297,"column":21}},"143":{"start":{"line":294,"column":24},"end":{"line":294,"column":77}},"144":{"start":{"line":295,"column":24},"end":{"line":295,"column":47}},"145":{"start":{"line":296,"column":24},"end":{"line":296,"column":30}},"146":{"start":{"line":305,"column":4},"end":{"line":327,"column":10}},"147":{"start":{"line":307,"column":8},"end":{"line":307,"column":22}},"148":{"start":{"line":308,"column":8},"end":{"line":308,"column":20}},"149":{"start":{"line":309,"column":8},"end":{"line":309,"column":21}},"150":{"start":{"line":311,"column":8},"end":{"line":313,"column":9}},"151":{"start":{"line":312,"column":12},"end":{"line":312,"column":35}},"152":{"start":{"line":315,"column":8},"end":{"line":325,"column":9}},"153":{"start":{"line":316,"column":12},"end":{"line":318,"column":13}},"154":{"start":{"line":317,"column":16},"end":{"line":317,"column":55}},"155":{"start":{"line":319,"column":12},"end":{"line":321,"column":13}},"156":{"start":{"line":320,"column":16},"end":{"line":320,"column":55}},"157":{"start":{"line":322,"column":12},"end":{"line":324,"column":13}},"158":{"start":{"line":323,"column":16},"end":{"line":323,"column":59}},"159":{"start":{"line":329,"column":4},"end":{"line":341,"column":29}},"160":{"start":{"line":331,"column":8},"end":{"line":339,"column":9}},"161":{"start":{"line":335,"column":12},"end":{"line":335,"column":44}},"162":{"start":{"line":336,"column":12},"end":{"line":336,"column":43}},"163":{"start":{"line":337,"column":12},"end":{"line":337,"column":34}},"164":{"start":{"line":343,"column":4},"end":{"line":347,"column":34}},"165":{"start":{"line":345,"column":8},"end":{"line":345,"column":31}},"166":{"start":{"line":351,"column":4},"end":{"line":715,"column":5}},"167":{"start":{"line":369,"column":67},"end":{"line":369,"column":77}},"168":{"start":{"line":375,"column":281},"end":{"line":375,"column":293}},"169":{"start":{"line":396,"column":55},"end":{"line":396,"column":90}},"170":{"start":{"line":406,"column":143},"end":{"line":406,"column":155}},"171":{"start":{"line":428,"column":32},"end":{"line":447,"column":34}},"172":{"start":{"line":444,"column":40},"end":{"line":444,"column":76}},"173":{"start":{"line":462,"column":40},"end":{"line":462,"column":120}},"174":{"start":{"line":462,"column":92},"end":{"line":462,"column":119}},"175":{"start":{"line":483,"column":40},"end":{"line":483,"column":120}},"176":{"start":{"line":483,"column":92},"end":{"line":483,"column":119}},"177":{"start":{"line":504,"column":40},"end":{"line":504,"column":120}},"178":{"start":{"line":504,"column":92},"end":{"line":504,"column":119}},"179":{"start":{"line":596,"column":126},"end":{"line":596,"column":154}},"180":{"start":{"line":611,"column":40},"end":{"line":626,"column":71}},"181":{"start":{"line":613,"column":60},"end":{"line":613,"column":85}},"182":{"start":{"line":638,"column":40},"end":{"line":655,"column":90}},"183":{"start":{"line":640,"column":60},"end":{"line":640,"column":84}},"184":{"start":{"line":669,"column":40},"end":{"line":686,"column":80}},"185":{"start":{"line":671,"column":60},"end":{"line":671,"column":92}},"186":{"start":{"line":710,"column":41},"end":{"line":710,"column":55}}},"fnMap":{"0":{"name":"(anonymous_0)","decl":{"start":{"line":27,"column":16},"end":{"line":27,"column":17}},"loc":{"start":{"line":27,"column":318},"end":{"line":717,"column":1}},"line":27},"1":{"name":"(anonymous_1)","decl":{"start":{"line":27,"column":100},"end":{"line":27,"column":101}},"loc":{"start":{"line":27,"column":106},"end":{"line":27,"column":108}},"line":27},"2":{"name":"setShowDatePickerWrap","decl":{"start":{"line":58,"column":13},"end":{"line":58,"column":34}},"loc":{"start":{"line":58,"column":51},"end":{"line":62,"column":5}},"line":58},"3":{"name":"(anonymous_3)","decl":{"start":{"line":59,"column":19},"end":{"line":59,"column":20}},"loc":{"start":{"line":59,"column":25},"end":{"line":61,"column":9}},"line":59},"4":{"name":"setSelectedMMWrap","decl":{"start":{"line":64,"column":13},"end":{"line":64,"column":30}},"loc":{"start":{"line":64,"column":46},"end":{"line":73,"column":5}},"line":64},"5":{"name":"setSelectedYYYYWrap","decl":{"start":{"line":75,"column":13},"end":{"line":75,"column":32}},"loc":{"start":{"line":75,"column":48},"end":{"line":83,"column":5}},"line":75},"6":{"name":"setSelectedDDWrap","decl":{"start":{"line":85,"column":13},"end":{"line":85,"column":30}},"loc":{"start":{"line":85,"column":46},"end":{"line":95,"column":5}},"line":85},"7":{"name":"setShowCountryCodesWrap","decl":{"start":{"line":102,"column":13},"end":{"line":102,"column":36}},"loc":{"start":{"line":102,"column":53},"end":{"line":104,"column":5}},"line":102},"8":{"name":"(anonymous_8)","decl":{"start":{"line":103,"column":19},"end":{"line":103,"column":20}},"loc":{"start":{"line":103,"column":25},"end":{"line":103,"column":55}},"line":103},"9":{"name":"setSelectedCountryCodeWrap","decl":{"start":{"line":106,"column":13},"end":{"line":106,"column":39}},"loc":{"start":{"line":106,"column":52},"end":{"line":108,"column":5}},"line":106},"10":{"name":"getSelectedCountryCodeWrap","decl":{"start":{"line":110,"column":13},"end":{"line":110,"column":39}},"loc":{"start":{"line":110,"column":42},"end":{"line":112,"column":5}},"line":110},"11":{"name":"setCountryCodesWrap","decl":{"start":{"line":114,"column":13},"end":{"line":114,"column":32}},"loc":{"start":{"line":114,"column":45},"end":{"line":116,"column":5}},"line":114},"12":{"name":"getCountryCodesWrap","decl":{"start":{"line":118,"column":13},"end":{"line":118,"column":32}},"loc":{"start":{"line":118,"column":35},"end":{"line":120,"column":5}},"line":118},"13":{"name":"resetColors","decl":{"start":{"line":123,"column":13},"end":{"line":123,"column":24}},"loc":{"start":{"line":123,"column":27},"end":{"line":133,"column":5}},"line":123},"14":{"name":"resetType","decl":{"start":{"line":135,"column":13},"end":{"line":135,"column":22}},"loc":{"start":{"line":135,"column":25},"end":{"line":151,"column":5}},"line":135},"15":{"name":"resetFocus","decl":{"start":{"line":153,"column":13},"end":{"line":153,"column":23}},"loc":{"start":{"line":153,"column":26},"end":{"line":162,"column":5}},"line":153},"16":{"name":"populateCountryCodes","decl":{"start":{"line":164,"column":19},"end":{"line":164,"column":39}},"loc":{"start":{"line":164,"column":42},"end":{"line":178,"column":5}},"line":164},"17":{"name":"setFocus","decl":{"start":{"line":180,"column":13},"end":{"line":180,"column":21}},"loc":{"start":{"line":180,"column":24},"end":{"line":183,"column":5}},"line":180},"18":{"name":"onClickIsd","decl":{"start":{"line":185,"column":13},"end":{"line":185,"column":23}},"loc":{"start":{"line":185,"column":26},"end":{"line":193,"column":5}},"line":185},"19":{"name":"onChangeCountryCodesSearchString","decl":{"start":{"line":195,"column":13},"end":{"line":195,"column":45}},"loc":{"start":{"line":195,"column":53},"end":{"line":197,"column":5}},"line":195},"20":{"name":"onSubmitCountryCode","decl":{"start":{"line":199,"column":13},"end":{"line":199,"column":32}},"loc":{"start":{"line":199,"column":35},"end":{"line":209,"column":5}},"line":199},"21":{"name":"(anonymous_21)","decl":{"start":{"line":211,"column":20},"end":{"line":211,"column":21}},"loc":{"start":{"line":211,"column":36},"end":{"line":262,"column":5}},"line":211},"22":{"name":"(anonymous_22)","decl":{"start":{"line":264,"column":22},"end":{"line":264,"column":23}},"loc":{"start":{"line":264,"column":38},"end":{"line":268,"column":5}},"line":264},"23":{"name":"(anonymous_23)","decl":{"start":{"line":270,"column":22},"end":{"line":270,"column":23}},"loc":{"start":{"line":270,"column":38},"end":{"line":274,"column":5}},"line":270},"24":{"name":"(anonymous_24)","decl":{"start":{"line":276,"column":24},"end":{"line":276,"column":25}},"loc":{"start":{"line":276,"column":40},"end":{"line":280,"column":5}},"line":276},"25":{"name":"(anonymous_25)","decl":{"start":{"line":282,"column":20},"end":{"line":282,"column":21}},"loc":{"start":{"line":282,"column":26},"end":{"line":286,"column":5}},"line":282},"26":{"name":"(anonymous_26)","decl":{"start":{"line":288,"column":20},"end":{"line":288,"column":21}},"loc":{"start":{"line":288,"column":26},"end":{"line":303,"column":5}},"line":288},"27":{"name":"(anonymous_27)","decl":{"start":{"line":305,"column":20},"end":{"line":305,"column":21}},"loc":{"start":{"line":305,"column":26},"end":{"line":327,"column":5}},"line":305},"28":{"name":"(anonymous_28)","decl":{"start":{"line":329,"column":20},"end":{"line":329,"column":21}},"loc":{"start":{"line":329,"column":26},"end":{"line":341,"column":5}},"line":329},"29":{"name":"(anonymous_29)","decl":{"start":{"line":343,"column":20},"end":{"line":343,"column":21}},"loc":{"start":{"line":343,"column":26},"end":{"line":347,"column":5}},"line":343},"30":{"name":"(anonymous_30)","decl":{"start":{"line":369,"column":60},"end":{"line":369,"column":61}},"loc":{"start":{"line":369,"column":66},"end":{"line":369,"column":78}},"line":369},"31":{"name":"(anonymous_31)","decl":{"start":{"line":375,"column":274},"end":{"line":375,"column":275}},"loc":{"start":{"line":375,"column":280},"end":{"line":375,"column":294}},"line":375},"32":{"name":"(anonymous_32)","decl":{"start":{"line":396,"column":42},"end":{"line":396,"column":43}},"loc":{"start":{"line":396,"column":54},"end":{"line":396,"column":91}},"line":396},"33":{"name":"(anonymous_33)","decl":{"start":{"line":406,"column":136},"end":{"line":406,"column":137}},"loc":{"start":{"line":406,"column":142},"end":{"line":406,"column":156}},"line":406},"34":{"name":"(anonymous_34)","decl":{"start":{"line":426,"column":54},"end":{"line":426,"column":55}},"loc":{"start":{"line":426,"column":82},"end":{"line":449,"column":29}},"line":426},"35":{"name":"(anonymous_35)","decl":{"start":{"line":443,"column":45},"end":{"line":443,"column":46}},"loc":{"start":{"line":443,"column":51},"end":{"line":445,"column":37}},"line":443},"36":{"name":"(anonymous_36)","decl":{"start":{"line":462,"column":33},"end":{"line":462,"column":34}},"loc":{"start":{"line":462,"column":39},"end":{"line":462,"column":121}},"line":462},"37":{"name":"(anonymous_37)","decl":{"start":{"line":483,"column":33},"end":{"line":483,"column":34}},"loc":{"start":{"line":483,"column":39},"end":{"line":483,"column":121}},"line":483},"38":{"name":"(anonymous_38)","decl":{"start":{"line":504,"column":33},"end":{"line":504,"column":34}},"loc":{"start":{"line":504,"column":39},"end":{"line":504,"column":121}},"line":504},"39":{"name":"(anonymous_39)","decl":{"start":{"line":547,"column":119},"end":{"line":547,"column":120}},"loc":{"start":{"line":547,"column":125},"end":{"line":547,"column":127}},"line":547},"40":{"name":"(anonymous_40)","decl":{"start":{"line":596,"column":119},"end":{"line":596,"column":120}},"loc":{"start":{"line":596,"column":125},"end":{"line":596,"column":155}},"line":596},"41":{"name":"(anonymous_41)","decl":{"start":{"line":609,"column":49},"end":{"line":609,"column":50}},"loc":{"start":{"line":609,"column":59},"end":{"line":627,"column":37}},"line":609},"42":{"name":"(anonymous_42)","decl":{"start":{"line":613,"column":53},"end":{"line":613,"column":54}},"loc":{"start":{"line":613,"column":59},"end":{"line":613,"column":86}},"line":613},"43":{"name":"(anonymous_43)","decl":{"start":{"line":637,"column":50},"end":{"line":637,"column":51}},"loc":{"start":{"line":637,"column":61},"end":{"line":656,"column":37}},"line":637},"44":{"name":"(anonymous_44)","decl":{"start":{"line":640,"column":53},"end":{"line":640,"column":54}},"loc":{"start":{"line":640,"column":59},"end":{"line":640,"column":85}},"line":640},"45":{"name":"(anonymous_45)","decl":{"start":{"line":667,"column":91},"end":{"line":667,"column":92}},"loc":{"start":{"line":667,"column":100},"end":{"line":688,"column":37}},"line":667},"46":{"name":"(anonymous_46)","decl":{"start":{"line":671,"column":53},"end":{"line":671,"column":54}},"loc":{"start":{"line":671,"column":59},"end":{"line":671,"column":93}},"line":671},"47":{"name":"(anonymous_47)","decl":{"start":{"line":710,"column":29},"end":{"line":710,"column":30}},"loc":{"start":{"line":710,"column":40},"end":{"line":710,"column":56}},"line":710}},"branchMap":{"0":{"loc":{"start":{"line":27,"column":60},"end":{"line":27,"column":70}},"type":"default-arg","locations":[{"start":{"line":27,"column":68},"end":{"line":27,"column":70}}],"line":27},"1":{"loc":{"start":{"line":27,"column":72},"end":{"line":27,"column":81}},"type":"default-arg","locations":[{"start":{"line":27,"column":79},"end":{"line":27,"column":81}}],"line":27},"2":{"loc":{"start":{"line":27,"column":83},"end":{"line":27,"column":108}},"type":"default-arg","locations":[{"start":{"line":27,"column":100},"end":{"line":27,"column":108}}],"line":27},"3":{"loc":{"start":{"line":27,"column":110},"end":{"line":27,"column":126}},"type":"default-arg","locations":[{"start":{"line":27,"column":121},"end":{"line":27,"column":126}}],"line":27},"4":{"loc":{"start":{"line":27,"column":128},"end":{"line":27,"column":145}},"type":"default-arg","locations":[{"start":{"line":27,"column":140},"end":{"line":27,"column":145}}],"line":27},"5":{"loc":{"start":{"line":27,"column":147},"end":{"line":27,"column":179}},"type":"default-arg","locations":[{"start":{"line":27,"column":152},"end":{"line":27,"column":179}}],"line":27},"6":{"loc":{"start":{"line":27,"column":181},"end":{"line":27,"column":206}},"type":"default-arg","locations":[{"start":{"line":27,"column":189},"end":{"line":27,"column":206}}],"line":27},"7":{"loc":{"start":{"line":27,"column":208},"end":{"line":27,"column":219}},"type":"default-arg","locations":[{"start":{"line":27,"column":215},"end":{"line":27,"column":219}}],"line":27},"8":{"loc":{"start":{"line":27,"column":221},"end":{"line":27,"column":244}},"type":"default-arg","locations":[{"start":{"line":27,"column":242},"end":{"line":27,"column":244}}],"line":27},"9":{"loc":{"start":{"line":27,"column":246},"end":{"line":27,"column":265}},"type":"default-arg","locations":[{"start":{"line":27,"column":263},"end":{"line":27,"column":265}}],"line":27},"10":{"loc":{"start":{"line":27,"column":267},"end":{"line":27,"column":287}},"type":"default-arg","locations":[{"start":{"line":27,"column":285},"end":{"line":27,"column":287}}],"line":27},"11":{"loc":{"start":{"line":27,"column":289},"end":{"line":27,"column":305}},"type":"default-arg","locations":[{"start":{"line":27,"column":303},"end":{"line":27,"column":305}}],"line":27},"12":{"loc":{"start":{"line":67,"column":8},"end":{"line":71,"column":9}},"type":"if","locations":[{"start":{"line":67,"column":8},"end":{"line":71,"column":9}},{"start":{"line":67,"column":8},"end":{"line":71,"column":9}}],"line":67},"13":{"loc":{"start":{"line":79,"column":8},"end":{"line":81,"column":9}},"type":"if","locations":[{"start":{"line":79,"column":8},"end":{"line":81,"column":9}},{"start":{"line":79,"column":8},"end":{"line":81,"column":9}}],"line":79},"14":{"loc":{"start":{"line":87,"column":8},"end":{"line":91,"column":9}},"type":"if","locations":[{"start":{"line":87,"column":8},"end":{"line":91,"column":9}},{"start":{"line":87,"column":8},"end":{"line":91,"column":9}}],"line":87},"15":{"loc":{"start":{"line":125,"column":8},"end":{"line":131,"column":9}},"type":"if","locations":[{"start":{"line":125,"column":8},"end":{"line":131,"column":9}},{"start":{"line":125,"column":8},"end":{"line":131,"column":9}}],"line":125},"16":{"loc":{"start":{"line":136,"column":8},"end":{"line":138,"column":9}},"type":"if","locations":[{"start":{"line":136,"column":8},"end":{"line":138,"column":9}},{"start":{"line":136,"column":8},"end":{"line":138,"column":9}}],"line":136},"17":{"loc":{"start":{"line":139,"column":8},"end":{"line":141,"column":9}},"type":"if","locations":[{"start":{"line":139,"column":8},"end":{"line":141,"column":9}},{"start":{"line":139,"column":8},"end":{"line":141,"column":9}}],"line":139},"18":{"loc":{"start":{"line":142,"column":8},"end":{"line":144,"column":9}},"type":"if","locations":[{"start":{"line":142,"column":8},"end":{"line":144,"column":9}},{"start":{"line":142,"column":8},"end":{"line":144,"column":9}}],"line":142},"19":{"loc":{"start":{"line":145,"column":8},"end":{"line":147,"column":9}},"type":"if","locations":[{"start":{"line":145,"column":8},"end":{"line":147,"column":9}},{"start":{"line":145,"column":8},"end":{"line":147,"column":9}}],"line":145},"20":{"loc":{"start":{"line":148,"column":8},"end":{"line":150,"column":9}},"type":"if","locations":[{"start":{"line":148,"column":8},"end":{"line":150,"column":9}},{"start":{"line":148,"column":8},"end":{"line":150,"column":9}}],"line":148},"21":{"loc":{"start":{"line":154,"column":8},"end":{"line":161,"column":9}},"type":"if","locations":[{"start":{"line":154,"column":8},"end":{"line":161,"column":9}},{"start":{"line":154,"column":8},"end":{"line":161,"column":9}}],"line":154},"22":{"loc":{"start":{"line":155,"column":12},"end":{"line":160,"column":13}},"type":"if","locations":[{"start":{"line":155,"column":12},"end":{"line":160,"column":13}},{"start":{"line":155,"column":12},"end":{"line":160,"column":13}}],"line":155},"23":{"loc":{"start":{"line":155,"column":15},"end":{"line":156,"column":61}},"type":"binary-expr","locations":[{"start":{"line":155,"column":15},"end":{"line":155,"column":68}},{"start":{"line":156,"column":15},"end":{"line":156,"column":61}}],"line":155},"24":{"loc":{"start":{"line":171,"column":12},"end":{"line":173,"column":13}},"type":"if","locations":[{"start":{"line":171,"column":12},"end":{"line":173,"column":13}},{"start":{"line":171,"column":12},"end":{"line":173,"column":13}}],"line":171},"25":{"loc":{"start":{"line":187,"column":8},"end":{"line":191,"column":9}},"type":"if","locations":[{"start":{"line":187,"column":8},"end":{"line":191,"column":9}},{"start":{"line":187,"column":8},"end":{"line":191,"column":9}}],"line":187},"26":{"loc":{"start":{"line":201,"column":8},"end":{"line":207,"column":9}},"type":"if","locations":[{"start":{"line":201,"column":8},"end":{"line":207,"column":9}},{"start":{"line":201,"column":8},"end":{"line":207,"column":9}}],"line":201},"27":{"loc":{"start":{"line":201,"column":11},"end":{"line":201,"column":85}},"type":"binary-expr","locations":[{"start":{"line":201,"column":11},"end":{"line":201,"column":54}},{"start":{"line":201,"column":58},"end":{"line":201,"column":85}}],"line":201},"28":{"loc":{"start":{"line":213,"column":8},"end":{"line":222,"column":9}},"type":"if","locations":[{"start":{"line":213,"column":8},"end":{"line":222,"column":9}},{"start":{"line":213,"column":8},"end":{"line":222,"column":9}}],"line":213},"29":{"loc":{"start":{"line":214,"column":12},"end":{"line":221,"column":13}},"type":"if","locations":[{"start":{"line":214,"column":12},"end":{"line":221,"column":13}},{"start":{"line":214,"column":12},"end":{"line":221,"column":13}}],"line":214},"30":{"loc":{"start":{"line":217,"column":16},"end":{"line":217,"column":58}},"type":"if","locations":[{"start":{"line":217,"column":16},"end":{"line":217,"column":58}},{"start":{"line":217,"column":16},"end":{"line":217,"column":58}}],"line":217},"31":{"loc":{"start":{"line":224,"column":8},"end":{"line":233,"column":9}},"type":"if","locations":[{"start":{"line":224,"column":8},"end":{"line":233,"column":9}},{"start":{"line":224,"column":8},"end":{"line":233,"column":9}}],"line":224},"32":{"loc":{"start":{"line":225,"column":12},"end":{"line":232,"column":13}},"type":"if","locations":[{"start":{"line":225,"column":12},"end":{"line":232,"column":13}},{"start":{"line":225,"column":12},"end":{"line":232,"column":13}}],"line":225},"33":{"loc":{"start":{"line":228,"column":16},"end":{"line":228,"column":58}},"type":"if","locations":[{"start":{"line":228,"column":16},"end":{"line":228,"column":58}},{"start":{"line":228,"column":16},"end":{"line":228,"column":58}}],"line":228},"34":{"loc":{"start":{"line":235,"column":8},"end":{"line":244,"column":9}},"type":"if","locations":[{"start":{"line":235,"column":8},"end":{"line":244,"column":9}},{"start":{"line":235,"column":8},"end":{"line":244,"column":9}}],"line":235},"35":{"loc":{"start":{"line":236,"column":12},"end":{"line":243,"column":13}},"type":"if","locations":[{"start":{"line":236,"column":12},"end":{"line":243,"column":13}},{"start":{"line":236,"column":12},"end":{"line":243,"column":13}}],"line":236},"36":{"loc":{"start":{"line":236,"column":15},"end":{"line":236,"column":85}},"type":"binary-expr","locations":[{"start":{"line":236,"column":15},"end":{"line":236,"column":54}},{"start":{"line":236,"column":58},"end":{"line":236,"column":85}}],"line":236},"37":{"loc":{"start":{"line":239,"column":16},"end":{"line":239,"column":58}},"type":"if","locations":[{"start":{"line":239,"column":16},"end":{"line":239,"column":58}},{"start":{"line":239,"column":16},"end":{"line":239,"column":58}}],"line":239},"38":{"loc":{"start":{"line":246,"column":8},"end":{"line":260,"column":9}},"type":"if","locations":[{"start":{"line":246,"column":8},"end":{"line":260,"column":9}},{"start":{"line":246,"column":8},"end":{"line":260,"column":9}}],"line":246},"39":{"loc":{"start":{"line":247,"column":12},"end":{"line":259,"column":13}},"type":"if","locations":[{"start":{"line":247,"column":12},"end":{"line":259,"column":13}},{"start":{"line":247,"column":12},"end":{"line":259,"column":13}}],"line":247},"40":{"loc":{"start":{"line":250,"column":16},"end":{"line":250,"column":56}},"type":"if","locations":[{"start":{"line":250,"column":16},"end":{"line":250,"column":56}},{"start":{"line":250,"column":16},"end":{"line":250,"column":56}}],"line":250},"41":{"loc":{"start":{"line":253,"column":16},"end":{"line":257,"column":17}},"type":"if","locations":[{"start":{"line":253,"column":16},"end":{"line":257,"column":17}},{"start":{"line":253,"column":16},"end":{"line":257,"column":17}}],"line":253},"42":{"loc":{"start":{"line":253,"column":19},"end":{"line":253,"column":53}},"type":"binary-expr","locations":[{"start":{"line":253,"column":19},"end":{"line":253,"column":27}},{"start":{"line":253,"column":31},"end":{"line":253,"column":39}},{"start":{"line":253,"column":43},"end":{"line":253,"column":53}}],"line":253},"43":{"loc":{"start":{"line":283,"column":8},"end":{"line":285,"column":9}},"type":"if","locations":[{"start":{"line":283,"column":8},"end":{"line":285,"column":9}},{"start":{"line":283,"column":8},"end":{"line":285,"column":9}}],"line":283},"44":{"loc":{"start":{"line":290,"column":8},"end":{"line":300,"column":9}},"type":"if","locations":[{"start":{"line":290,"column":8},"end":{"line":300,"column":9}},{"start":{"line":290,"column":8},"end":{"line":300,"column":9}}],"line":290},"45":{"loc":{"start":{"line":291,"column":12},"end":{"line":299,"column":13}},"type":"if","locations":[{"start":{"line":291,"column":12},"end":{"line":299,"column":13}},{"start":{"line":291,"column":12},"end":{"line":299,"column":13}}],"line":291},"46":{"loc":{"start":{"line":293,"column":20},"end":{"line":297,"column":21}},"type":"if","locations":[{"start":{"line":293,"column":20},"end":{"line":297,"column":21}},{"start":{"line":293,"column":20},"end":{"line":297,"column":21}}],"line":293},"47":{"loc":{"start":{"line":311,"column":8},"end":{"line":313,"column":9}},"type":"if","locations":[{"start":{"line":311,"column":8},"end":{"line":313,"column":9}},{"start":{"line":311,"column":8},"end":{"line":313,"column":9}}],"line":311},"48":{"loc":{"start":{"line":315,"column":8},"end":{"line":325,"column":9}},"type":"if","locations":[{"start":{"line":315,"column":8},"end":{"line":325,"column":9}},{"start":{"line":315,"column":8},"end":{"line":325,"column":9}}],"line":315},"49":{"loc":{"start":{"line":316,"column":12},"end":{"line":318,"column":13}},"type":"if","locations":[{"start":{"line":316,"column":12},"end":{"line":318,"column":13}},{"start":{"line":316,"column":12},"end":{"line":318,"column":13}}],"line":316},"50":{"loc":{"start":{"line":319,"column":12},"end":{"line":321,"column":13}},"type":"if","locations":[{"start":{"line":319,"column":12},"end":{"line":321,"column":13}},{"start":{"line":319,"column":12},"end":{"line":321,"column":13}}],"line":319},"51":{"loc":{"start":{"line":322,"column":12},"end":{"line":324,"column":13}},"type":"if","locations":[{"start":{"line":322,"column":12},"end":{"line":324,"column":13}},{"start":{"line":322,"column":12},"end":{"line":324,"column":13}}],"line":322},"52":{"loc":{"start":{"line":331,"column":8},"end":{"line":339,"column":9}},"type":"if","locations":[{"start":{"line":331,"column":8},"end":{"line":339,"column":9}},{"start":{"line":331,"column":8},"end":{"line":339,"column":9}}],"line":331},"53":{"loc":{"start":{"line":363,"column":24},"end":{"line":363,"column":60}},"type":"cond-expr","locations":[{"start":{"line":363,"column":35},"end":{"line":363,"column":51}},{"start":{"line":363,"column":54},"end":{"line":363,"column":60}}],"line":363},"54":{"loc":{"start":{"line":367,"column":17},"end":{"line":367,"column":37}},"type":"binary-expr","locations":[{"start":{"line":367,"column":17},"end":{"line":367,"column":29}},{"start":{"line":367,"column":33},"end":{"line":367,"column":37}}],"line":367},"55":{"loc":{"start":{"line":368,"column":17},"end":{"line":368,"column":58}},"type":"binary-expr","locations":[{"start":{"line":368,"column":17},"end":{"line":368,"column":29}},{"start":{"line":368,"column":33},"end":{"line":368,"column":58}}],"line":368},"56":{"loc":{"start":{"line":371,"column":17},"end":{"line":455,"column":22}},"type":"binary-expr","locations":[{"start":{"line":371,"column":17},"end":{"line":371,"column":65}},{"start":{"line":371,"column":69},"end":{"line":455,"column":22}}],"line":371},"57":{"loc":{"start":{"line":375,"column":73},"end":{"line":375,"column":263}},"type":"cond-expr","locations":[{"start":{"line":375,"column":104},"end":{"line":375,"column":140}},{"start":{"line":375,"column":144},"end":{"line":375,"column":263}}],"line":375},"58":{"loc":{"start":{"line":375,"column":104},"end":{"line":375,"column":140}},"type":"cond-expr","locations":[{"start":{"line":375,"column":123},"end":{"line":375,"column":130}},{"start":{"line":375,"column":133},"end":{"line":375,"column":140}}],"line":375},"59":{"loc":{"start":{"line":375,"column":235},"end":{"line":375,"column":262}},"type":"cond-expr","locations":[{"start":{"line":375,"column":254},"end":{"line":375,"column":257}},{"start":{"line":375,"column":260},"end":{"line":375,"column":262}}],"line":375},"60":{"loc":{"start":{"line":376,"column":21},"end":{"line":452,"column":26}},"type":"binary-expr","locations":[{"start":{"line":376,"column":21},"end":{"line":376,"column":37}},{"start":{"line":376,"column":41},"end":{"line":452,"column":26}}],"line":376},"61":{"loc":{"start":{"line":381,"column":41},"end":{"line":381,"column":98}},"type":"cond-expr","locations":[{"start":{"line":381,"column":79},"end":{"line":381,"column":88}},{"start":{"line":381,"column":91},"end":{"line":381,"column":98}}],"line":381},"62":{"loc":{"start":{"line":382,"column":31},"end":{"line":382,"column":88}},"type":"cond-expr","locations":[{"start":{"line":382,"column":69},"end":{"line":382,"column":76}},{"start":{"line":382,"column":79},"end":{"line":382,"column":88}}],"line":382},"63":{"loc":{"start":{"line":403,"column":66},"end":{"line":403,"column":117}},"type":"cond-expr","locations":[{"start":{"line":403,"column":96},"end":{"line":403,"column":105}},{"start":{"line":403,"column":108},"end":{"line":403,"column":117}}],"line":403},"64":{"loc":{"start":{"line":438,"column":57},"end":{"line":438,"column":116}},"type":"cond-expr","locations":[{"start":{"line":438,"column":95},"end":{"line":438,"column":104}},{"start":{"line":438,"column":107},"end":{"line":438,"column":116}}],"line":438},"65":{"loc":{"start":{"line":456,"column":17},"end":{"line":694,"column":22}},"type":"binary-expr","locations":[{"start":{"line":456,"column":18},"end":{"line":456,"column":71}},{"start":{"line":456,"column":75},"end":{"line":456,"column":121}},{"start":{"line":456,"column":126},"end":{"line":694,"column":22}}],"line":456},"66":{"loc":{"start":{"line":462,"column":40},"end":{"line":462,"column":120}},"type":"if","locations":[{"start":{"line":462,"column":40},"end":{"line":462,"column":120}},{"start":{"line":462,"column":40},"end":{"line":462,"column":120}}],"line":462},"67":{"loc":{"start":{"line":480,"column":34},"end":{"line":480,"column":95}},"type":"cond-expr","locations":[{"start":{"line":480,"column":83},"end":{"line":480,"column":87}},{"start":{"line":480,"column":90},"end":{"line":480,"column":95}}],"line":480},"68":{"loc":{"start":{"line":483,"column":40},"end":{"line":483,"column":120}},"type":"if","locations":[{"start":{"line":483,"column":40},"end":{"line":483,"column":120}},{"start":{"line":483,"column":40},"end":{"line":483,"column":120}}],"line":483},"69":{"loc":{"start":{"line":501,"column":34},"end":{"line":501,"column":95}},"type":"cond-expr","locations":[{"start":{"line":501,"column":83},"end":{"line":501,"column":87}},{"start":{"line":501,"column":90},"end":{"line":501,"column":95}}],"line":501},"70":{"loc":{"start":{"line":504,"column":40},"end":{"line":504,"column":120}},"type":"if","locations":[{"start":{"line":504,"column":40},"end":{"line":504,"column":120}},{"start":{"line":504,"column":40},"end":{"line":504,"column":120}}],"line":504},"71":{"loc":{"start":{"line":521,"column":34},"end":{"line":521,"column":95}},"type":"cond-expr","locations":[{"start":{"line":521,"column":83},"end":{"line":521,"column":87}},{"start":{"line":521,"column":90},"end":{"line":521,"column":95}}],"line":521},"72":{"loc":{"start":{"line":523,"column":21},"end":{"line":693,"column":26}},"type":"binary-expr","locations":[{"start":{"line":523,"column":21},"end":{"line":523,"column":35}},{"start":{"line":523,"column":39},"end":{"line":693,"column":26}}],"line":523},"73":{"loc":{"start":{"line":528,"column":41},"end":{"line":528,"column":98}},"type":"cond-expr","locations":[{"start":{"line":528,"column":79},"end":{"line":528,"column":88}},{"start":{"line":528,"column":91},"end":{"line":528,"column":98}}],"line":528},"74":{"loc":{"start":{"line":529,"column":31},"end":{"line":529,"column":88}},"type":"cond-expr","locations":[{"start":{"line":529,"column":69},"end":{"line":529,"column":76}},{"start":{"line":529,"column":79},"end":{"line":529,"column":88}}],"line":529},"75":{"loc":{"start":{"line":558,"column":60},"end":{"line":558,"column":119}},"type":"cond-expr","locations":[{"start":{"line":558,"column":98},"end":{"line":558,"column":107}},{"start":{"line":558,"column":110},"end":{"line":558,"column":119}}],"line":558},"76":{"loc":{"start":{"line":559,"column":53},"end":{"line":559,"column":112}},"type":"cond-expr","locations":[{"start":{"line":559,"column":91},"end":{"line":559,"column":100}},{"start":{"line":559,"column":103},"end":{"line":559,"column":112}}],"line":559},"77":{"loc":{"start":{"line":560,"column":43},"end":{"line":560,"column":102}},"type":"cond-expr","locations":[{"start":{"line":560,"column":81},"end":{"line":560,"column":90}},{"start":{"line":560,"column":93},"end":{"line":560,"column":102}}],"line":560},"78":{"loc":{"start":{"line":571,"column":60},"end":{"line":571,"column":119}},"type":"cond-expr","locations":[{"start":{"line":571,"column":98},"end":{"line":571,"column":107}},{"start":{"line":571,"column":110},"end":{"line":571,"column":119}}],"line":571},"79":{"loc":{"start":{"line":572,"column":53},"end":{"line":572,"column":112}},"type":"cond-expr","locations":[{"start":{"line":572,"column":91},"end":{"line":572,"column":100}},{"start":{"line":572,"column":103},"end":{"line":572,"column":112}}],"line":572},"80":{"loc":{"start":{"line":573,"column":43},"end":{"line":573,"column":102}},"type":"cond-expr","locations":[{"start":{"line":573,"column":81},"end":{"line":573,"column":90}},{"start":{"line":573,"column":93},"end":{"line":573,"column":102}}],"line":573},"81":{"loc":{"start":{"line":575,"column":43},"end":{"line":575,"column":95}},"type":"cond-expr","locations":[{"start":{"line":575,"column":62},"end":{"line":575,"column":64}},{"start":{"line":575,"column":67},"end":{"line":575,"column":95}}],"line":575},"82":{"loc":{"start":{"line":584,"column":60},"end":{"line":584,"column":119}},"type":"cond-expr","locations":[{"start":{"line":584,"column":98},"end":{"line":584,"column":107}},{"start":{"line":584,"column":110},"end":{"line":584,"column":119}}],"line":584},"83":{"loc":{"start":{"line":585,"column":53},"end":{"line":585,"column":112}},"type":"cond-expr","locations":[{"start":{"line":585,"column":91},"end":{"line":585,"column":100}},{"start":{"line":585,"column":103},"end":{"line":585,"column":112}}],"line":585},"84":{"loc":{"start":{"line":586,"column":43},"end":{"line":586,"column":102}},"type":"cond-expr","locations":[{"start":{"line":586,"column":81},"end":{"line":586,"column":90}},{"start":{"line":586,"column":93},"end":{"line":586,"column":102}}],"line":586},"85":{"loc":{"start":{"line":588,"column":43},"end":{"line":588,"column":77}},"type":"cond-expr","locations":[{"start":{"line":588,"column":62},"end":{"line":588,"column":64}},{"start":{"line":588,"column":67},"end":{"line":588,"column":77}}],"line":588},"86":{"loc":{"start":{"line":623,"column":65},"end":{"line":623,"column":161}},"type":"cond-expr","locations":[{"start":{"line":623,"column":103},"end":{"line":623,"column":112}},{"start":{"line":623,"column":116},"end":{"line":623,"column":160}}],"line":623},"87":{"loc":{"start":{"line":623,"column":116},"end":{"line":623,"column":160}},"type":"cond-expr","locations":[{"start":{"line":623,"column":139},"end":{"line":623,"column":148}},{"start":{"line":623,"column":151},"end":{"line":623,"column":160}}],"line":623},"88":{"loc":{"start":{"line":624,"column":55},"end":{"line":624,"column":188}},"type":"cond-expr","locations":[{"start":{"line":624,"column":94},"end":{"line":624,"column":138}},{"start":{"line":624,"column":143},"end":{"line":624,"column":187}}],"line":624},"89":{"loc":{"start":{"line":624,"column":94},"end":{"line":624,"column":138}},"type":"cond-expr","locations":[{"start":{"line":624,"column":117},"end":{"line":624,"column":126}},{"start":{"line":624,"column":129},"end":{"line":624,"column":138}}],"line":624},"90":{"loc":{"start":{"line":624,"column":143},"end":{"line":624,"column":187}},"type":"cond-expr","locations":[{"start":{"line":624,"column":166},"end":{"line":624,"column":175}},{"start":{"line":624,"column":178},"end":{"line":624,"column":187}}],"line":624},"91":{"loc":{"start":{"line":652,"column":65},"end":{"line":652,"column":160}},"type":"cond-expr","locations":[{"start":{"line":652,"column":103},"end":{"line":652,"column":112}},{"start":{"line":652,"column":116},"end":{"line":652,"column":159}}],"line":652},"92":{"loc":{"start":{"line":652,"column":116},"end":{"line":652,"column":159}},"type":"cond-expr","locations":[{"start":{"line":652,"column":138},"end":{"line":652,"column":147}},{"start":{"line":652,"column":150},"end":{"line":652,"column":159}}],"line":652},"93":{"loc":{"start":{"line":653,"column":55},"end":{"line":653,"column":186}},"type":"cond-expr","locations":[{"start":{"line":653,"column":94},"end":{"line":653,"column":137}},{"start":{"line":653,"column":142},"end":{"line":653,"column":185}}],"line":653},"94":{"loc":{"start":{"line":653,"column":94},"end":{"line":653,"column":137}},"type":"cond-expr","locations":[{"start":{"line":653,"column":116},"end":{"line":653,"column":125}},{"start":{"line":653,"column":128},"end":{"line":653,"column":137}}],"line":653},"95":{"loc":{"start":{"line":653,"column":142},"end":{"line":653,"column":185}},"type":"cond-expr","locations":[{"start":{"line":653,"column":164},"end":{"line":653,"column":173}},{"start":{"line":653,"column":176},"end":{"line":653,"column":185}}],"line":653},"96":{"loc":{"start":{"line":683,"column":65},"end":{"line":683,"column":168}},"type":"cond-expr","locations":[{"start":{"line":683,"column":103},"end":{"line":683,"column":112}},{"start":{"line":683,"column":116},"end":{"line":683,"column":167}}],"line":683},"97":{"loc":{"start":{"line":683,"column":116},"end":{"line":683,"column":167}},"type":"cond-expr","locations":[{"start":{"line":683,"column":146},"end":{"line":683,"column":155}},{"start":{"line":683,"column":158},"end":{"line":683,"column":167}}],"line":683},"98":{"loc":{"start":{"line":684,"column":55},"end":{"line":684,"column":202}},"type":"cond-expr","locations":[{"start":{"line":684,"column":94},"end":{"line":684,"column":145}},{"start":{"line":684,"column":150},"end":{"line":684,"column":201}}],"line":684},"99":{"loc":{"start":{"line":684,"column":94},"end":{"line":684,"column":145}},"type":"cond-expr","locations":[{"start":{"line":684,"column":124},"end":{"line":684,"column":133}},{"start":{"line":684,"column":136},"end":{"line":684,"column":145}}],"line":684},"100":{"loc":{"start":{"line":684,"column":150},"end":{"line":684,"column":201}},"type":"cond-expr","locations":[{"start":{"line":684,"column":180},"end":{"line":684,"column":189}},{"start":{"line":684,"column":192},"end":{"line":684,"column":201}}],"line":684},"101":{"loc":{"start":{"line":695,"column":17},"end":{"line":713,"column":109}},"type":"binary-expr","locations":[{"start":{"line":695,"column":18},"end":{"line":695,"column":71}},{"start":{"line":695,"column":75},"end":{"line":695,"column":121}},{"start":{"line":695,"column":126},"end":{"line":713,"column":109}}],"line":695},"102":{"loc":{"start":{"line":713,"column":34},"end":{"line":713,"column":105}},"type":"cond-expr","locations":[{"start":{"line":713,"column":85},"end":{"line":713,"column":90}},{"start":{"line":713,"column":93},"end":{"line":713,"column":105}}],"line":713}},"s":{"0":1,"1":192,"2":192,"3":192,"4":192,"5":192,"6":192,"7":192,"8":192,"9":192,"10":192,"11":192,"12":192,"13":192,"14":192,"15":192,"16":192,"17":192,"18":192,"19":192,"20":192,"21":192,"22":192,"23":6,"24":6,"25":2,"26":2,"27":2,"28":1,"29":1,"30":2,"31":1,"32":1,"33":1,"34":1,"35":3,"36":3,"37":1,"38":2,"39":3,"40":3,"41":192,"42":192,"43":12096,"44":15,"45":15,"46":6,"47":49,"48":44,"49":218,"50":73,"51":72,"52":72,"53":1,"54":1,"55":36,"56":12,"57":36,"58":2,"59":36,"60":6,"61":36,"62":10,"63":36,"64":6,"65":36,"66":10,"67":6,"68":4,"69":44,"70":44,"71":44,"72":44,"73":10604,"74":10366,"75":44,"76":1,"77":9,"78":2,"79":7,"80":1,"81":6,"82":3,"83":3,"84":3,"85":3,"86":192,"87":72,"88":8,"89":7,"90":7,"91":7,"92":3,"93":1,"94":1,"95":72,"96":3,"97":2,"98":2,"99":2,"100":1,"101":1,"102":1,"103":72,"104":6,"105":2,"106":2,"107":2,"108":1,"109":4,"110":4,"111":72,"112":55,"113":3,"114":3,"115":3,"116":3,"117":3,"118":52,"119":20,"120":32,"121":52,"122":192,"123":10,"124":10,"125":10,"126":192,"127":10,"128":10,"129":10,"130":192,"131":10,"132":10,"133":10,"134":192,"135":51,"136":25,"137":192,"138":73,"139":73,"140":2,"141":2,"142":98,"143":1,"144":1,"145":1,"146":192,"147":36,"148":36,"149":36,"150":36,"151":6,"152":36,"153":6,"154":4,"155":6,"156":4,"157":6,"158":4,"159":192,"160":42,"161":6,"162":6,"163":6,"164":192,"165":38,"166":192,"167":1,"168":8,"169":1,"170":1,"171":4106,"172":5,"173":1,"174":1,"175":1,"176":1,"177":1,"178":1,"179":3,"180":378,"181":1,"182":72,"183":1,"184":155,"185":1,"186":17},"f":{"0":192,"1":4,"2":6,"3":6,"4":2,"5":1,"6":3,"7":15,"8":15,"9":6,"10":49,"11":44,"12":218,"13":73,"14":36,"15":36,"16":44,"17":1,"18":9,"19":1,"20":6,"21":72,"22":10,"23":10,"24":10,"25":51,"26":73,"27":36,"28":42,"29":38,"30":1,"31":8,"32":1,"33":1,"34":4106,"35":5,"36":1,"37":1,"38":1,"39":0,"40":3,"41":378,"42":1,"43":72,"44":1,"45":155,"46":1,"47":17},"b":{"0":[163],"1":[192],"2":[152],"3":[192],"4":[118],"5":[189],"6":[192],"7":[164],"8":[164],"9":[164],"10":[164],"11":[164],"12":[1,1],"13":[1,0],"14":[1,2],"15":[72,1],"16":[12,24],"17":[2,34],"18":[6,30],"19":[10,26],"20":[6,30],"21":[10,26],"22":[6,4],"23":[10,5],"24":[10366,238],"25":[2,7],"26":[3,3],"27":[6,3],"28":[8,64],"29":[7,1],"30":[3,4],"31":[3,69],"32":[2,1],"33":[1,1],"34":[6,66],"35":[2,4],"36":[6,4],"37":[1,1],"38":[55,17],"39":[3,52],"40":[3,0],"41":[20,32],"42":[52,20,20],"43":[25,26],"44":[73,0],"45":[2,71],"46":[1,97],"47":[6,30],"48":[6,30],"49":[4,2],"50":[4,2],"51":[4,2],"52":[36,6],"53":[0,192],"54":[192,25],"55":[192,25],"56":[192,51],"57":[29,22],"58":[7,22],"59":[13,9],"60":[51,20],"61":[20,0],"62":[20,0],"63":[20,0],"64":[4106,0],"65":[192,132,87],"66":[1,0],"67":[27,60],"68":[1,0],"69":[27,60],"70":[1,0],"71":[27,60],"72":[87,6],"73":[6,0],"74":[6,0],"75":[6,0],"76":[6,0],"77":[6,0],"78":[6,0],"79":[6,0],"80":[6,0],"81":[1,5],"82":[6,0],"83":[6,0],"84":[6,0],"85":[2,4],"86":[378,0],"87":[0,0],"88":[0,378],"89":[0,0],"90":[6,372],"91":[72,0],"92":[0,0],"93":[0,72],"94":[0,0],"95":[5,67],"96":[155,0],"97":[0,0],"98":[0,155],"99":[0,0],"100":[4,151],"101":[192,132,105],"102":[54,51]},"_coverageSchema":"43e27e138ebf9cfc5966b082cf9a028302ed4184","hash":"6edb536f0fbc84a12f3cb1656792f8abf3d7de65"}
,"/Users/admin/Documents/GitHub/react-sf-building-blocks/src/SfNav.tsx": {"path":"/Users/admin/Documents/GitHub/react-sf-building-blocks/src/SfNav.tsx","statementMap":{"0":{"start":{"line":93,"column":16},"end":{"line":280,"column":1}},"1":{"start":{"line":95,"column":4},"end":{"line":278,"column":6}},"2":{"start":{"line":103,"column":69},"end":{"line":103,"column":93}},"3":{"start":{"line":103,"column":94},"end":{"line":103,"column":115}},"4":{"start":{"line":140,"column":44},"end":{"line":140,"column":68}},"5":{"start":{"line":140,"column":69},"end":{"line":140,"column":107}},"6":{"start":{"line":140,"column":108},"end":{"line":140,"column":129}},"7":{"start":{"line":157,"column":24},"end":{"line":255,"column":25}},"8":{"start":{"line":159,"column":28},"end":{"line":229,"column":30}},"9":{"start":{"line":178,"column":185},"end":{"line":178,"column":209}},"10":{"start":{"line":178,"column":210},"end":{"line":178,"column":248}},"11":{"start":{"line":193,"column":183},"end":{"line":193,"column":207}},"12":{"start":{"line":193,"column":208},"end":{"line":193,"column":246}},"13":{"start":{"line":208,"column":48},"end":{"line":222,"column":49}},"14":{"start":{"line":221,"column":142},"end":{"line":221,"column":166}},"15":{"start":{"line":221,"column":168},"end":{"line":221,"column":206}},"16":{"start":{"line":221,"column":207},"end":{"line":221,"column":231}},"17":{"start":{"line":221,"column":232},"end":{"line":221,"column":252}},"18":{"start":{"line":233,"column":28},"end":{"line":253,"column":30}},"19":{"start":{"line":251,"column":132},"end":{"line":251,"column":156}},"20":{"start":{"line":251,"column":157},"end":{"line":251,"column":195}},"21":{"start":{"line":251,"column":196},"end":{"line":251,"column":220}},"22":{"start":{"line":251,"column":221},"end":{"line":251,"column":244}},"23":{"start":{"line":282,"column":14},"end":{"line":730,"column":1}},"24":{"start":{"line":284,"column":44},"end":{"line":284,"column":56}},"25":{"start":{"line":285,"column":52},"end":{"line":285,"column":66}},"26":{"start":{"line":286,"column":66},"end":{"line":286,"column":80}},"27":{"start":{"line":287,"column":44},"end":{"line":287,"column":59}},"28":{"start":{"line":288,"column":46},"end":{"line":288,"column":61}},"29":{"start":{"line":289,"column":46},"end":{"line":289,"column":61}},"30":{"start":{"line":292,"column":8},"end":{"line":292,"column":41}},"31":{"start":{"line":296,"column":8},"end":{"line":296,"column":38}},"32":{"start":{"line":300,"column":8},"end":{"line":300,"column":40}},"33":{"start":{"line":304,"column":8},"end":{"line":304,"column":28}},"34":{"start":{"line":308,"column":18},"end":{"line":308,"column":43}},"35":{"start":{"line":310,"column":8},"end":{"line":325,"column":9}},"36":{"start":{"line":311,"column":12},"end":{"line":313,"column":13}},"37":{"start":{"line":311,"column":24},"end":{"line":311,"column":25}},"38":{"start":{"line":312,"column":16},"end":{"line":312,"column":31}},"39":{"start":{"line":314,"column":12},"end":{"line":314,"column":53}},"40":{"start":{"line":316,"column":12},"end":{"line":323,"column":13}},"41":{"start":{"line":317,"column":16},"end":{"line":317,"column":41}},"42":{"start":{"line":319,"column":16},"end":{"line":321,"column":17}},"43":{"start":{"line":319,"column":28},"end":{"line":319,"column":29}},"44":{"start":{"line":320,"column":20},"end":{"line":320,"column":35}},"45":{"start":{"line":322,"column":16},"end":{"line":322,"column":34}},"46":{"start":{"line":324,"column":12},"end":{"line":324,"column":53}},"47":{"start":{"line":331,"column":8},"end":{"line":331,"column":44}},"48":{"start":{"line":335,"column":18},"end":{"line":335,"column":50}},"49":{"start":{"line":337,"column":8},"end":{"line":352,"column":9}},"50":{"start":{"line":338,"column":12},"end":{"line":340,"column":13}},"51":{"start":{"line":338,"column":24},"end":{"line":338,"column":25}},"52":{"start":{"line":339,"column":16},"end":{"line":339,"column":31}},"53":{"start":{"line":341,"column":12},"end":{"line":341,"column":60}},"54":{"start":{"line":343,"column":12},"end":{"line":350,"column":13}},"55":{"start":{"line":344,"column":16},"end":{"line":344,"column":41}},"56":{"start":{"line":346,"column":16},"end":{"line":348,"column":17}},"57":{"start":{"line":346,"column":28},"end":{"line":346,"column":29}},"58":{"start":{"line":347,"column":20},"end":{"line":347,"column":35}},"59":{"start":{"line":349,"column":16},"end":{"line":349,"column":34}},"60":{"start":{"line":351,"column":12},"end":{"line":351,"column":60}},"61":{"start":{"line":358,"column":8},"end":{"line":358,"column":51}},"62":{"start":{"line":362,"column":4},"end":{"line":728,"column":5}},"63":{"start":{"line":384,"column":71},"end":{"line":384,"column":87}},"64":{"start":{"line":398,"column":44},"end":{"line":398,"column":59}},"65":{"start":{"line":406,"column":44},"end":{"line":406,"column":59}},"66":{"start":{"line":418,"column":40},"end":{"line":418,"column":57}},"67":{"start":{"line":450,"column":39},"end":{"line":450,"column":70}},"68":{"start":{"line":450,"column":71},"end":{"line":450,"column":87}},"69":{"start":{"line":456,"column":28},"end":{"line":550,"column":29}},"70":{"start":{"line":458,"column":32},"end":{"line":525,"column":34}},"71":{"start":{"line":476,"column":177},"end":{"line":476,"column":208}},"72":{"start":{"line":491,"column":175},"end":{"line":491,"column":206}},"73":{"start":{"line":505,"column":52},"end":{"line":518,"column":53}},"74":{"start":{"line":517,"column":142},"end":{"line":517,"column":173}},"75":{"start":{"line":517,"column":174},"end":{"line":517,"column":197}},"76":{"start":{"line":517,"column":198},"end":{"line":517,"column":218}},"77":{"start":{"line":529,"column":32},"end":{"line":548,"column":34}},"78":{"start":{"line":546,"column":131},"end":{"line":546,"column":162}},"79":{"start":{"line":546,"column":163},"end":{"line":546,"column":186}},"80":{"start":{"line":546,"column":187},"end":{"line":546,"column":210}},"81":{"start":{"line":575,"column":39},"end":{"line":575,"column":56}},"82":{"start":{"line":592,"column":362},"end":{"line":592,"column":384}},"83":{"start":{"line":592,"column":410},"end":{"line":592,"column":428}},"84":{"start":{"line":592,"column":429},"end":{"line":592,"column":458}},"85":{"start":{"line":593,"column":259},"end":{"line":593,"column":277}},"86":{"start":{"line":593,"column":278},"end":{"line":593,"column":296}},"87":{"start":{"line":618,"column":37},"end":{"line":618,"column":52}},"88":{"start":{"line":627,"column":36},"end":{"line":627,"column":51}},"89":{"start":{"line":642,"column":38},"end":{"line":642,"column":63}},"90":{"start":{"line":643,"column":28},"end":{"line":643,"column":44}},"91":{"start":{"line":645,"column":28},"end":{"line":713,"column":29}},"92":{"start":{"line":647,"column":32},"end":{"line":697,"column":33}},"93":{"start":{"line":654,"column":174},"end":{"line":654,"column":205}},"94":{"start":{"line":672,"column":67},"end":{"line":672,"column":98}},"95":{"start":{"line":677,"column":56},"end":{"line":690,"column":57}},"96":{"start":{"line":689,"column":145},"end":{"line":689,"column":177}},"97":{"start":{"line":689,"column":178},"end":{"line":689,"column":198}},"98":{"start":{"line":701,"column":32},"end":{"line":701,"column":44}},"99":{"start":{"line":703,"column":32},"end":{"line":712,"column":33}},"100":{"start":{"line":710,"column":40},"end":{"line":710,"column":64}},"101":{"start":{"line":722,"column":358},"end":{"line":722,"column":380}},"102":{"start":{"line":722,"column":406},"end":{"line":722,"column":435}},"103":{"start":{"line":723,"column":301},"end":{"line":723,"column":318}}},"fnMap":{"0":{"name":"(anonymous_0)","decl":{"start":{"line":93,"column":16},"end":{"line":93,"column":17}},"loc":{"start":{"line":93,"column":488},"end":{"line":280,"column":1}},"line":93},"1":{"name":"(anonymous_1)","decl":{"start":{"line":103,"column":57},"end":{"line":103,"column":58}},"loc":{"start":{"line":103,"column":68},"end":{"line":103,"column":116}},"line":103},"2":{"name":"(anonymous_2)","decl":{"start":{"line":140,"column":32},"end":{"line":140,"column":33}},"loc":{"start":{"line":140,"column":43},"end":{"line":140,"column":130}},"line":140},"3":{"name":"(anonymous_3)","decl":{"start":{"line":155,"column":36},"end":{"line":155,"column":37}},"loc":{"start":{"line":155,"column":64},"end":{"line":257,"column":21}},"line":155},"4":{"name":"(anonymous_4)","decl":{"start":{"line":178,"column":173},"end":{"line":178,"column":174}},"loc":{"start":{"line":178,"column":184},"end":{"line":178,"column":249}},"line":178},"5":{"name":"(anonymous_5)","decl":{"start":{"line":193,"column":171},"end":{"line":193,"column":172}},"loc":{"start":{"line":193,"column":182},"end":{"line":193,"column":247}},"line":193},"6":{"name":"(anonymous_6)","decl":{"start":{"line":206,"column":65},"end":{"line":206,"column":66}},"loc":{"start":{"line":206,"column":91},"end":{"line":224,"column":45}},"line":206},"7":{"name":"(anonymous_7)","decl":{"start":{"line":221,"column":130},"end":{"line":221,"column":131}},"loc":{"start":{"line":221,"column":141},"end":{"line":221,"column":253}},"line":221},"8":{"name":"(anonymous_8)","decl":{"start":{"line":251,"column":120},"end":{"line":251,"column":121}},"loc":{"start":{"line":251,"column":131},"end":{"line":251,"column":245}},"line":251},"9":{"name":"(anonymous_9)","decl":{"start":{"line":282,"column":14},"end":{"line":282,"column":15}},"loc":{"start":{"line":282,"column":1398},"end":{"line":730,"column":1}},"line":282},"10":{"name":"(anonymous_10)","decl":{"start":{"line":282,"column":435},"end":{"line":282,"column":436}},"loc":{"start":{"line":282,"column":441},"end":{"line":282,"column":443}},"line":282},"11":{"name":"(anonymous_11)","decl":{"start":{"line":282,"column":461},"end":{"line":282,"column":462}},"loc":{"start":{"line":282,"column":467},"end":{"line":282,"column":469}},"line":282},"12":{"name":"(anonymous_12)","decl":{"start":{"line":282,"column":489},"end":{"line":282,"column":490}},"loc":{"start":{"line":282,"column":495},"end":{"line":282,"column":497}},"line":282},"13":{"name":"(anonymous_13)","decl":{"start":{"line":282,"column":517},"end":{"line":282,"column":518}},"loc":{"start":{"line":282,"column":523},"end":{"line":282,"column":525}},"line":282},"14":{"name":"toggleExpandProfile","decl":{"start":{"line":291,"column":13},"end":{"line":291,"column":32}},"loc":{"start":{"line":291,"column":35},"end":{"line":293,"column":5}},"line":291},"15":{"name":"toggleLeftMenu","decl":{"start":{"line":295,"column":13},"end":{"line":295,"column":27}},"loc":{"start":{"line":295,"column":30},"end":{"line":297,"column":5}},"line":295},"16":{"name":"toggleRightMenu","decl":{"start":{"line":299,"column":13},"end":{"line":299,"column":28}},"loc":{"start":{"line":299,"column":31},"end":{"line":301,"column":5}},"line":299},"17":{"name":"clickMenu","decl":{"start":{"line":303,"column":13},"end":{"line":303,"column":22}},"loc":{"start":{"line":303,"column":37},"end":{"line":305,"column":5}},"line":303},"18":{"name":"toggleDropdownExpandedWrap","decl":{"start":{"line":307,"column":13},"end":{"line":307,"column":39}},"loc":{"start":{"line":307,"column":55},"end":{"line":328,"column":5}},"line":307},"19":{"name":"getDropdownExpandedWrap","decl":{"start":{"line":330,"column":13},"end":{"line":330,"column":36}},"loc":{"start":{"line":330,"column":39},"end":{"line":332,"column":5}},"line":330},"20":{"name":"toggleProfileDropdownExpandedWrap","decl":{"start":{"line":334,"column":13},"end":{"line":334,"column":46}},"loc":{"start":{"line":334,"column":62},"end":{"line":355,"column":5}},"line":334},"21":{"name":"getProfileDropdownExpandedWrap","decl":{"start":{"line":357,"column":13},"end":{"line":357,"column":43}},"loc":{"start":{"line":357,"column":46},"end":{"line":359,"column":5}},"line":357},"22":{"name":"(anonymous_22)","decl":{"start":{"line":384,"column":64},"end":{"line":384,"column":65}},"loc":{"start":{"line":384,"column":70},"end":{"line":384,"column":88}},"line":384},"23":{"name":"(anonymous_23)","decl":{"start":{"line":398,"column":37},"end":{"line":398,"column":38}},"loc":{"start":{"line":398,"column":43},"end":{"line":398,"column":60}},"line":398},"24":{"name":"(anonymous_24)","decl":{"start":{"line":406,"column":37},"end":{"line":406,"column":38}},"loc":{"start":{"line":406,"column":43},"end":{"line":406,"column":60}},"line":406},"25":{"name":"(anonymous_25)","decl":{"start":{"line":418,"column":33},"end":{"line":418,"column":34}},"loc":{"start":{"line":418,"column":39},"end":{"line":418,"column":58}},"line":418},"26":{"name":"(anonymous_26)","decl":{"start":{"line":450,"column":32},"end":{"line":450,"column":33}},"loc":{"start":{"line":450,"column":38},"end":{"line":450,"column":88}},"line":450},"27":{"name":"(anonymous_27)","decl":{"start":{"line":454,"column":33},"end":{"line":454,"column":34}},"loc":{"start":{"line":454,"column":61},"end":{"line":552,"column":25}},"line":454},"28":{"name":"(anonymous_28)","decl":{"start":{"line":476,"column":170},"end":{"line":476,"column":171}},"loc":{"start":{"line":476,"column":176},"end":{"line":476,"column":209}},"line":476},"29":{"name":"(anonymous_29)","decl":{"start":{"line":491,"column":168},"end":{"line":491,"column":169}},"loc":{"start":{"line":491,"column":174},"end":{"line":491,"column":207}},"line":491},"30":{"name":"(anonymous_30)","decl":{"start":{"line":503,"column":69},"end":{"line":503,"column":70}},"loc":{"start":{"line":503,"column":95},"end":{"line":520,"column":49}},"line":503},"31":{"name":"(anonymous_31)","decl":{"start":{"line":517,"column":134},"end":{"line":517,"column":135}},"loc":{"start":{"line":517,"column":140},"end":{"line":517,"column":219}},"line":517},"32":{"name":"(anonymous_32)","decl":{"start":{"line":546,"column":124},"end":{"line":546,"column":125}},"loc":{"start":{"line":546,"column":130},"end":{"line":546,"column":211}},"line":546},"33":{"name":"(anonymous_33)","decl":{"start":{"line":575,"column":32},"end":{"line":575,"column":33}},"loc":{"start":{"line":575,"column":38},"end":{"line":575,"column":57}},"line":575},"34":{"name":"(anonymous_34)","decl":{"start":{"line":592,"column":350},"end":{"line":592,"column":351}},"loc":{"start":{"line":592,"column":361},"end":{"line":592,"column":385}},"line":592},"35":{"name":"(anonymous_35)","decl":{"start":{"line":592,"column":403},"end":{"line":592,"column":404}},"loc":{"start":{"line":592,"column":409},"end":{"line":592,"column":459}},"line":592},"36":{"name":"(anonymous_36)","decl":{"start":{"line":593,"column":252},"end":{"line":593,"column":253}},"loc":{"start":{"line":593,"column":258},"end":{"line":593,"column":297}},"line":593},"37":{"name":"(anonymous_37)","decl":{"start":{"line":618,"column":30},"end":{"line":618,"column":31}},"loc":{"start":{"line":618,"column":36},"end":{"line":618,"column":53}},"line":618},"38":{"name":"(anonymous_38)","decl":{"start":{"line":627,"column":29},"end":{"line":627,"column":30}},"loc":{"start":{"line":627,"column":35},"end":{"line":627,"column":52}},"line":627},"39":{"name":"(anonymous_39)","decl":{"start":{"line":640,"column":33},"end":{"line":640,"column":34}},"loc":{"start":{"line":640,"column":61},"end":{"line":715,"column":25}},"line":640},"40":{"name":"(anonymous_40)","decl":{"start":{"line":654,"column":167},"end":{"line":654,"column":168}},"loc":{"start":{"line":654,"column":173},"end":{"line":654,"column":206}},"line":654},"41":{"name":"(anonymous_41)","decl":{"start":{"line":672,"column":60},"end":{"line":672,"column":61}},"loc":{"start":{"line":672,"column":66},"end":{"line":672,"column":99}},"line":672},"42":{"name":"(anonymous_42)","decl":{"start":{"line":675,"column":73},"end":{"line":675,"column":74}},"loc":{"start":{"line":675,"column":99},"end":{"line":692,"column":53}},"line":675},"43":{"name":"(anonymous_43)","decl":{"start":{"line":689,"column":138},"end":{"line":689,"column":139}},"loc":{"start":{"line":689,"column":144},"end":{"line":689,"column":199}},"line":689},"44":{"name":"(anonymous_44)","decl":{"start":{"line":709,"column":48},"end":{"line":709,"column":49}},"loc":{"start":{"line":709,"column":54},"end":{"line":711,"column":37}},"line":709},"45":{"name":"(anonymous_45)","decl":{"start":{"line":722,"column":346},"end":{"line":722,"column":347}},"loc":{"start":{"line":722,"column":357},"end":{"line":722,"column":381}},"line":722},"46":{"name":"(anonymous_46)","decl":{"start":{"line":722,"column":399},"end":{"line":722,"column":400}},"loc":{"start":{"line":722,"column":405},"end":{"line":722,"column":436}},"line":722},"47":{"name":"(anonymous_47)","decl":{"start":{"line":723,"column":294},"end":{"line":723,"column":295}},"loc":{"start":{"line":723,"column":300},"end":{"line":723,"column":319}},"line":723}},"branchMap":{"0":{"loc":{"start":{"line":108,"column":17},"end":{"line":114,"column":18}},"type":"binary-expr","locations":[{"start":{"line":108,"column":17},"end":{"line":108,"column":42}},{"start":{"line":108,"column":46},"end":{"line":114,"column":18}}],"line":108},"1":{"loc":{"start":{"line":117,"column":29},"end":{"line":117,"column":50}},"type":"binary-expr","locations":[{"start":{"line":117,"column":29},"end":{"line":117,"column":43}},{"start":{"line":117,"column":47},"end":{"line":117,"column":50}}],"line":117},"2":{"loc":{"start":{"line":118,"column":29},"end":{"line":118,"column":49}},"type":"binary-expr","locations":[{"start":{"line":118,"column":29},"end":{"line":118,"column":42}},{"start":{"line":118,"column":46},"end":{"line":118,"column":49}}],"line":118},"3":{"loc":{"start":{"line":122,"column":13},"end":{"line":273,"column":18}},"type":"binary-expr","locations":[{"start":{"line":122,"column":13},"end":{"line":122,"column":26}},{"start":{"line":122,"column":30},"end":{"line":273,"column":18}}],"line":122},"4":{"loc":{"start":{"line":143,"column":17},"end":{"line":152,"column":40}},"type":"binary-expr","locations":[{"start":{"line":143,"column":17},"end":{"line":143,"column":40}},{"start":{"line":143,"column":44},"end":{"line":152,"column":40}}],"line":143},"5":{"loc":{"start":{"line":157,"column":24},"end":{"line":255,"column":25}},"type":"if","locations":[{"start":{"line":157,"column":24},"end":{"line":255,"column":25}},{"start":{"line":157,"column":24},"end":{"line":255,"column":25}}],"line":157},"6":{"loc":{"start":{"line":166,"column":37},"end":{"line":178,"column":252}},"type":"binary-expr","locations":[{"start":{"line":166,"column":37},"end":{"line":166,"column":74}},{"start":{"line":166,"column":78},"end":{"line":178,"column":252}}],"line":166},"7":{"loc":{"start":{"line":168,"column":61},"end":{"line":168,"column":121}},"type":"cond-expr","locations":[{"start":{"line":168,"column":88},"end":{"line":168,"column":93}},{"start":{"line":168,"column":96},"end":{"line":168,"column":121}}],"line":168},"8":{"loc":{"start":{"line":168,"column":96},"end":{"line":168,"column":121}},"type":"cond-expr","locations":[{"start":{"line":168,"column":108},"end":{"line":168,"column":113}},{"start":{"line":168,"column":116},"end":{"line":168,"column":121}}],"line":168},"9":{"loc":{"start":{"line":169,"column":62},"end":{"line":169,"column":122}},"type":"cond-expr","locations":[{"start":{"line":169,"column":89},"end":{"line":169,"column":94}},{"start":{"line":169,"column":97},"end":{"line":169,"column":122}}],"line":169},"10":{"loc":{"start":{"line":169,"column":97},"end":{"line":169,"column":122}},"type":"cond-expr","locations":[{"start":{"line":169,"column":109},"end":{"line":169,"column":114}},{"start":{"line":169,"column":117},"end":{"line":169,"column":122}}],"line":169},"11":{"loc":{"start":{"line":170,"column":64},"end":{"line":170,"column":145}},"type":"cond-expr","locations":[{"start":{"line":170,"column":91},"end":{"line":170,"column":96}},{"start":{"line":170,"column":99},"end":{"line":170,"column":145}}]
[...]
"end":{"line":104,"column":13}}],"line":100},"10":{"loc":{"start":{"line":102,"column":19},"end":{"line":104,"column":13}},"type":"if","locations":[{"start":{"line":102,"column":19},"end":{"line":104,"column":13}},{"start":{"line":102,"column":19},"end":{"line":104,"column":13}}],"line":102},"11":{"loc":{"start":{"line":105,"column":15},"end":{"line":147,"column":9}},"type":"if","locations":[{"start":{"line":105,"column":15},"end":{"line":147,"column":9}},{"start":{"line":105,"column":15},"end":{"line":147,"column":9}}],"line":105},"12":{"loc":{"start":{"line":106,"column":12},"end":{"line":110,"column":13}},"type":"if","locations":[{"start":{"line":106,"column":12},"end":{"line":110,"column":13}},{"start":{"line":106,"column":12},"end":{"line":110,"column":13}}],"line":106},"13":{"loc":{"start":{"line":108,"column":19},"end":{"line":110,"column":13}},"type":"if","locations":[{"start":{"line":108,"column":19},"end":{"line":110,"column":13}},{"start":{"line":108,"column":19},"end":{"line":110,"column":13}}],"line":108},"14":{"loc":{"start":{"line":111,"column":15},"end":{"line":147,"column":9}},"type":"if","locations":[{"start":{"line":111,"column":15},"end":{"line":147,"column":9}},{"start":{"line":111,"column":15},"end":{"line":147,"column":9}}],"line":111},"15":{"loc":{"start":{"line":112,"column":12},"end":{"line":116,"column":13}},"type":"if","locations":[{"start":{"line":112,"column":12},"end":{"line":116,"column":13}},{"start":{"line":112,"column":12},"end":{"line":116,"column":13}}],"line":112},"16":{"loc":{"start":{"line":114,"column":19},"end":{"line":116,"column":13}},"type":"if","locations":[{"start":{"line":114,"column":19},"end":{"line":116,"column":13}},{"start":{"line":114,"column":19},"end":{"line":116,"column":13}}],"line":114},"17":{"loc":{"start":{"line":117,"column":15},"end":{"line":147,"column":9}},"type":"if","locations":[{"start":{"line":117,"column":15},"end":{"line":147,"column":9}},{"start":{"line":117,"column":15},"end":{"line":147,"column":9}}],"line":117},"18":{"loc":{"start":{"line":118,"column":12},"end":{"line":122,"column":13}},"type":"if","locations":[{"start":{"line":118,"column":12},"end":{"line":122,"column":13}},{"start":{"line":118,"column":12},"end":{"line":122,"column":13}}],"line":118},"19":{"loc":{"start":{"line":120,"column":19},"end":{"line":122,"column":13}},"type":"if","locations":[{"start":{"line":120,"column":19},"end":{"line":122,"column":13}},{"start":{"line":120,"column":19},"end":{"line":122,"column":13}}],"line":120},"20":{"loc":{"start":{"line":123,"column":15},"end":{"line":147,"column":9}},"type":"if","locations":[{"start":{"line":123,"column":15},"end":{"line":147,"column":9}},{"start":{"line":123,"column":15},"end":{"line":147,"column":9}}],"line":123},"21":{"loc":{"start":{"line":124,"column":12},"end":{"line":128,"column":13}},"type":"if","locations":[{"start":{"line":124,"column":12},"end":{"line":128,"column":13}},{"start":{"line":124,"column":12},"end":{"line":128,"column":13}}],"line":124},"22":{"loc":{"start":{"line":126,"column":19},"end":{"line":128,"column":13}},"type":"if","locations":[{"start":{"line":126,"column":19},"end":{"line":128,"column":13}},{"start":{"line":126,"column":19},"end":{"line":128,"column":13}}],"line":126},"23":{"loc":{"start":{"line":129,"column":15},"end":{"line":147,"column":9}},"type":"if","locations":[{"start":{"line":129,"column":15},"end":{"line":147,"column":9}},{"start":{"line":129,"column":15},"end":{"line":147,"column":9}}],"line":129},"24":{"loc":{"start":{"line":130,"column":12},"end":{"line":134,"column":13}},"type":"if","locations":[{"start":{"line":130,"column":12},"end":{"line":134,"column":13}},{"start":{"line":130,"column":12},"end":{"line":134,"column":13}}],"line":130},"25":{"loc":{"start":{"line":132,"column":19},"end":{"line":134,"column":13}},"type":"if","locations":[{"start":{"line":132,"column":19},"end":{"line":134,"column":13}},{"start":{"line":132,"column":19},"end":{"line":134,"column":13}}],"line":132},"26":{"loc":{"start":{"line":135,"column":15},"end":{"line":147,"column":9}},"type":"if","locations":[{"start":{"line":135,"column":15},"end":{"line":147,"column":9}},{"start":{"line":135,"column":15},"end":{"line":147,"column":9}}],"line":135},"27":{"loc":{"start":{"line":136,"column":12},"end":{"line":140,"column":13}},"type":"if","locations":[{"start":{"line":136,"column":12},"end":{"line":140,"column":13}},{"start":{"line":136,"column":12},"end":{"line":140,"column":13}}],"line":136},"28":{"loc":{"start":{"line":138,"column":19},"end":{"line":140,"column":13}},"type":"if","locations":[{"start":{"line":138,"column":19},"end":{"line":140,"column":13}},{"start":{"line":138,"column":19},"end":{"line":140,"column":13}}],"line":138},"29":{"loc":{"start":{"line":141,"column":15},"end":{"line":147,"column":9}},"type":"if","locations":[{"start":{"line":141,"column":15},"end":{"line":147,"column":9}},{"start":{"line":141,"column":15},"end":{"line":147,"column":9}}],"line":141},"30":{"loc":{"start":{"line":142,"column":12},"end":{"line":146,"column":13}},"type":"if","locations":[{"start":{"line":142,"column":12},"end":{"line":146,"column":13}},{"start":{"line":142,"column":12},"end":{"line":146,"column":13}}],"line":142},"31":{"loc":{"start":{"line":144,"column":19},"end":{"line":146,"column":13}},"type":"if","locations":[{"start":{"line":144,"column":19},"end":{"line":146,"column":13}},{"start":{"line":144,"column":19},"end":{"line":146,"column":13}}],"line":144},"32":{"loc":{"start":{"line":157,"column":8},"end":{"line":205,"column":9}},"type":"if","locations":[{"start":{"line":157,"column":8},"end":{"line":205,"column":9}},{"start":{"line":157,"column":8},"end":{"line":205,"column":9}}],"line":157},"33":{"loc":{"start":{"line":158,"column":12},"end":{"line":162,"column":13}},"type":"if","locations":[{"start":{"line":158,"column":12},"end":{"line":162,"column":13}},{"start":{"line":158,"column":12},"end":{"line":162,"column":13}}],"line":158},"34":{"loc":{"start":{"line":160,"column":19},"end":{"line":162,"column":13}},"type":"if","locations":[{"start":{"line":160,"column":19},"end":{"line":162,"column":13}},{"start":{"line":160,"column":19},"end":{"line":162,"column":13}}],"line":160},"35":{"loc":{"start":{"line":163,"column":15},"end":{"line":205,"column":9}},"type":"if","locations":[{"start":{"line":163,"column":15},"end":{"line":205,"column":9}},{"start":{"line":163,"column":15},"end":{"line":205,"column":9}}],"line":163},"36":{"loc":{"start":{"line":164,"column":12},"end":{"line":168,"column":13}},"type":"if","locations":[{"start":{"line":164,"column":12},"end":{"line":168,"column":13}},{"start":{"line":164,"column":12},"end":{"line":168,"column":13}}],"line":164},"37":{"loc":{"start":{"line":166,"column":19},"end":{"line":168,"column":13}},"type":"if","locations":[{"start":{"line":166,"column":19},"end":{"line":168,"column":13}},{"start":{"line":166,"column":19},"end":{"line":168,"column":13}}],"line":166},"38":{"loc":{"start":{"line":169,"column":15},"end":{"line":205,"column":9}},"type":"if","locations":[{"start":{"line":169,"column":15},"end":{"line":205,"column":9}},{"start":{"line":169,"column":15},"end":{"line":205,"column":9}}],"line":169},"39":{"loc":{"start":{"line":170,"column":12},"end":{"line":174,"column":13}},"type":"if","locations":[{"start":{"line":170,"column":12},"end":{"line":174,"column":13}},{"start":{"line":170,"column":12},"end":{"line":174,"column":13}}],"line":170},"40":{"loc":{"start":{"line":172,"column":19},"end":{"line":174,"column":13}},"type":"if","locations":[{"start":{"line":172,"column":19},"end":{"line":174,"column":13}},{"start":{"line":172,"column":19},"end":{"line":174,"column":13}}],"line":172},"41":{"loc":{"start":{"line":175,"column":15},"end":{"line":205,"column":9}},"type":"if","locations":[{"start":{"line":175,"column":15},"end":{"line":205,"column":9}},{"start":{"line":175,"column":15},"end":{"line":205,"column":9}}],"line":175},"42":{"loc":{"start":{"line":176,"column":12},"end":{"line":180,"column":13}},"type":"if","locations":[{"start":{"line":176,"column":12},"end":{"line":180,"column":13}},{"start":{"line":176,"column":12},"end":{"line":180,"column":13}}],"line":176},"43":{"loc":{"start":{"line":178,"column":19},"end":{"line":180,"column":13}},"type":"if","locations":[{"start":{"line":178,"column":19},"end":{"line":180,"column":13}},{"start":{"line":178,"column":19},"end":{"line":180,"column":13}}],"line":178},"44":{"loc":{"start":{"line":181,"column":15},"end":{"line":205,"column":9}},"type":"if","locations":[{"start":{"line":181,"column":15},"end":{"line":205,"column":9}},{"start":{"line":181,"column":15},"end":{"line":205,"column":9}}],"line":181},"45":{"loc":{"start":{"line":182,"column":12},"end":{"line":186,"column":13}},"type":"if","locations":[{"start":{"line":182,"column":12},"end":{"line":186,"column":13}},{"start":{"line":182,"column":12},"end":{"line":186,"column":13}}],"line":182},"46":{"loc":{"start":{"line":184,"column":19},"end":{"line":186,"column":13}},"type":"if","locations":[{"start":{"line":184,"column":19},"end":{"line":186,"column":13}},{"start":{"line":184,"column":19},"end":{"line":186,"column":13}}],"line":184},"47":{"loc":{"start":{"line":187,"column":15},"end":{"line":205,"column":9}},"type":"if","locations":[{"start":{"line":187,"column":15},"end":{"line":205,"column":9}},{"start":{"line":187,"column":15},"end":{"line":205,"column":9}}],"line":187},"48":{"loc":{"start":{"line":188,"column":12},"end":{"line":192,"column":13}},"type":"if","locations":[{"start":{"line":188,"column":12},"end":{"line":192,"column":13}},{"start":{"line":188,"column":12},"end":{"line":192,"column":13}}],"line":188},"49":{"loc":{"start":{"line":190,"column":19},"end":{"line":192,"column":13}},"type":"if","locations":[{"start":{"line":190,"column":19},"end":{"line":192,"column":13}},{"start":{"line":190,"column":19},"end":{"line":192,"column":13}}],"line":190},"50":{"loc":{"start":{"line":193,"column":15},"end":{"line":205,"column":9}},"type":"if","locations":[{"start":{"line":193,"column":15},"end":{"line":205,"column":9}},{"start":{"line":193,"column":15},"end":{"line":205,"column":9}}],"line":193},"51":{"loc":{"start":{"line":194,"column":12},"end":{"line":198,"column":13}},"type":"if","locations":[{"start":{"line":194,"column":12},"end":{"line":198,"column":13}},{"start":{"line":194,"column":12},"end":{"line":198,"column":13}}],"line":194},"52":{"loc":{"start":{"line":196,"column":19},"end":{"line":198,"column":13}},"type":"if","locations":[{"start":{"line":196,"column":19},"end":{"line":198,"column":13}},{"start":{"line":196,"column":19},"end":{"line":198,"column":13}}],"line":196},"53":{"loc":{"start":{"line":199,"column":15},"end":{"line":205,"column":9}},"type":"if","locations":[{"start":{"line":199,"column":15},"end":{"line":205,"column":9}},{"start":{"line":199,"column":15},"end":{"line":205,"column":9}}],"line":199},"54":{"loc":{"start":{"line":200,"column":12},"end":{"line":204,"column":13}},"type":"if","locations":[{"start":{"line":200,"column":12},"end":{"line":204,"column":13}},{"start":{"line":200,"column":12},"end":{"line":204,"column":13}}],"line":200},"55":{"loc":{"start":{"line":202,"column":19},"end":{"line":204,"column":13}},"type":"if","locations":[{"start":{"line":202,"column":19},"end":{"line":204,"column":13}},{"start":{"line":202,"column":19},"end":{"line":204,"column":13}}],"line":202},"56":{"loc":{"start":{"line":215,"column":8},"end":{"line":263,"column":9}},"type":"if","locations":[{"start":{"line":215,"column":8},"end":{"line":263,"column":9}},{"start":{"line":215,"column":8},"end":{"line":263,"column":9}}],"line":215},"57":{"loc":{"start":{"line":216,"column":12},"end":{"line":220,"column":13}},"type":"if","locations":[{"start":{"line":216,"column":12},"end":{"line":220,"column":13}},{"start":{"line":216,"column":12},"end":{"line":220,"column":13}}],"line":216},"58":{"loc":{"start":{"line":218,"column":19},"end":{"line":220,"column":13}},"type":"if","locations":[{"start":{"line":218,"column":19},"end":{"line":220,"column":13}},{"start":{"line":218,"column":19},"end":{"line":220,"column":13}}],"line":218},"59":{"loc":{"start":{"line":221,"column":15},"end":{"line":263,"column":9}},"type":"if","locations":[{"start":{"line":221,"column":15},"end":{"line":263,"column":9}},{"start":{"line":221,"column":15},"end":{"line":263,"column":9}}],"line":221},"60":{"loc":{"start":{"line":222,"column":12},"end":{"line":226,"column":13}},"type":"if","locations":[{"start":{"line":222,"column":12},"end":{"line":226,"column":13}},{"start":{"line":222,"column":12},"end":{"line":226,"column":13}}],"line":222},"61":{"loc":{"start":{"line":224,"column":19},"end":{"line":226,"column":13}},"type":"if","locations":[{"start":{"line":224,"column":19},"end":{"line":226,"column":13}},{"start":{"line":224,"column":19},"end":{"line":226,"column":13}}],"line":224},"62":{"loc":{"start":{"line":227,"column":15},"end":{"line":263,"column":9}},"type":"if","locations":[{"start":{"line":227,"column":15},"end":{"line":263,"column":9}},{"start":{"line":227,"column":15},"end":{"line":263,"column":9}}],"line":227},"63":{"loc":{"start":{"line":228,"column":12},"end":{"line":232,"column":13}},"type":"if","locations":[{"start":{"line":228,"column":12},"end":{"line":232,"column":13}},{"start":{"line":228,"column":12},"end":{"line":232,"column":13}}],"line":228},"64":{"loc":{"start":{"line":230,"column":19},"end":{"line":232,"column":13}},"type":"if","locations":[{"start":{"line":230,"column":19},"end":{"line":232,"column":13}},{"start":{"line":230,"column":19},"end":{"line":232,"column":13}}],"line":230},"65":{"loc":{"start":{"line":233,"column":15},"end":{"line":263,"column":9}},"type":"if","locations":[{"start":{"line":233,"column":15},"end":{"line":263,"column":9}},{"start":{"line":233,"column":15},"end":{"line":263,"column":9}}],"line":233},"66":{"loc":{"start":{"line":234,"column":12},"end":{"line":238,"column":13}},"type":"if","locations":[{"start":{"line":234,"column":12},"end":{"line":238,"column":13}},{"start":{"line":234,"column":12},"end":{"line":238,"column":13}}],"line":234},"67":{"loc":{"start":{"line":236,"column":19},"end":{"line":238,"column":13}},"type":"if","locations":[{"start":{"line":236,"column":19},"end":{"line":238,"column":13}},{"start":{"line":236,"column":19},"end":{"line":238,"column":13}}],"line":236},"68":{"loc":{"start":{"line":239,"column":15},"end":{"line":263,"column":9}},"type":"if","locations":[{"start":{"line":239,"column":15},"end":{"line":263,"column":9}},{"start":{"line":239,"column":15},"end":{"line":263,"column":9}}],"line":239},"69":{"loc":{"start":{"line":240,"column":12},"end":{"line":244,"column":13}},"type":"if","locations":[{"start":{"line":240,"column":12},"end":{"line":244,"column":13}},{"start":{"line":240,"column":12},"end":{"line":244,"column":13}}],"line":240},"70":{"loc":{"start":{"line":242,"column":19},"end":{"line":244,"column":13}},"type":"if","locations":[{"start":{"line":242,"column":19},"end":{"line":244,"column":13}},{"start":{"line":242,"column":19},"end":{"line":244,"column":13}}],"line":242},"71":{"loc":{"start":{"line":245,"column":15},"end":{"line":263,"column":9}},"type":"if","locations":[{"start":{"line":245,"column":15},"end":{"line":263,"column":9}},{"start":{"line":245,"column":15},"end":{"line":263,"column":9}}],"line":245},"72":{"loc":{"start":{"line":246,"column":12},"end":{"line":250,"column":13}},"type":"if","locations":[{"start":{"line":246,"column":12},"end":{"line":250,"column":13}},{"start":{"line":246,"column":12},"end":{"line":250,"column":13}}],"line":246},"73":{"loc":{"start":{"line":248,"column":19},"end":{"line":250,"column":13}},"type":"if","locations":[{"start":{"line":248,"column":19},"end":{"line":250,"column":13}},{"start":{"line":248,"column":19},"end":{"line":250,"column":13}}],"line":248},"74":{"loc":{"start":{"line":251,"column":15},"end":{"line":263,"column":9}},"type":"if","locations":[{"start":{"line":251,"column":15},"end":{"line":263,"column":9}},{"start":{"line":251,"column":15},"end":{"line":263,"column":9}}],"line":251},"75":{"loc":{"start":{"line":252,"column":12},"end":{"line":256,"column":13}},"type":"if","locations":[{"start":{"line":252,"column":12},"end":{"line":256,"column":13}},{"start":{"line":252,"column":12},"end":{"line":256,"column":13}}],"line":252},"76":{"loc":{"start":{"line":254,"column":19},"end":{"line":256,"column":13}},"type":"if","locations":[{"start":{"line":254,"column":19},"end":{"line":256,"column":13}},{"start":{"line":254,"column":19},"end":{"line":256,"column":13}}],"line":254},"77":{"loc":{"start":{"line":257,"column":15},"end":{"line":263,"column":9}},"type":"if","locations":[{"start":{"line":257,"column":15},"end":{"line":263,"column":9}},{"start":{"line":257,"column":15},"end":{"line":263,"column":9}}],"line":257},"78":{"loc":{"start":{"line":258,"column":12},"end":{"line":262,"column":13}},"type":"if","locations":[{"start":{"line":258,"column":12},"end":{"line":262,"column":13}},{"start":{"line":258,"column":12},"end":{"line":262,"column":13}}],"line":258},"79":{"loc":{"start":{"line":260,"column":19},"end":{"line":262,"column":13}},"type":"if","locations":[{"start":{"line":260,"column":19},"end":{"line":262,"column":13}},{"start":{"line":260,"column":19},"end":{"line":262,"column":13}}],"line":260}},"s":{"0":1,"1":90,"2":90,"3":77,"4":77,"5":77,"6":6,"7":6,"8":6,"9":155,"10":155,"11":6,"12":55,"13":50,"14":5,"15":2,"16":1,"17":1,"18":3,"19":2,"20":1,"21":1,"22":1,"23":12,"24":8,"25":3,"26":73,"27":219,"28":239,"29":239,"30":217,"31":92,"32":125,"33":125,"34":22,"35":2,"36":1,"37":1,"38":1,"39":20,"40":2,"41":1,"42":1,"43":1,"44":18,"45":2,"46":1,"47":1,"48":1,"49":16,"50":2,"51":1,"52":1,"53":1,"54":14,"55":2,"56":1,"57":1,"58":1,"59":12,"60":10,"61":3,"62":7,"63":7,"64":2,"65":2,"66":1,"67":1,"68":1,"69":239,"70":117,"71":117,"72":95,"73":88,"74":7,"75":7,"76":22,"77":2,"78":1,"79":1,"80":1,"81":20,"82":2,"83":1,"84":1,"85":1,"86":18,"87":2,"88":1,"89":1,"90":1,"91":16,"92":2,"93":1,"94":1,"95":1,"96":14,"97":2,"98":1,"99":1,"100":1,"101":12,"102":10,"103":3,"104":7,"105":7,"106":2,"107":2,"108":1,"109":1,"110":1,"111":117,"112":194,"113":194,"114":172,"115":88,"116":84,"117":84,"118":22,"119":2,"120":1,"121":1,"122":1,"123":20,"124":2,"125":1,"126":1,"127":1,"128":18,"129":2,"130":1,"131":1,"132":1,"133":16,"134":2,"135":1,"136":1,"137":1,"138":14,"139":2,"140":1,"141":1,"142":1,"143":12,"144":10,"145":3,"146":7,"147":7,"148":2,"149":2,"150":1,"151":1,"152":1,"153":194},"f":{"0":90,"1":77,"2":6,"3":55,"4":12,"5":8,"6":3,"7":73,"8":219,"9":239,"10":117,"11":194},"b":{"0":[50,5],"1":[55,35,20,5,5,5,5,5,5],"2":[2,3],"3":[1,1],"4":[2,0,2,2],"5":[2,1],"6":[3,1,1,1],"7":[1,1],"8":[217,22],"9":[92,125],"10":[125,0],"11":[2,20],"12":[1,1],"13":[1,0],"14":[2,18],"15":[1,1],"16":[1,0],"17":[2,16],"18":[1,1],"19":[1,0],"20":[2,14],"21":[1,1],"22":[1,0],"23":[2,12],"24":[1,1],"25":[1,0],"26":[10,2],"27":[3,7],"28":[7,0],"29":[2,0],"30":[1,1],"31":[1,0],"32":[95,22],"33":[88,7],"34":[7,0],"35":[2,20],"36":[1,1],"37":[1,0],"38":[2,18],"39":[1,1],"40":[1,0],"41":[2,16],"42":[1,1],"43":[1,0],"44":[2,14],"45":[1,1],"46":[1,0],"47":[2,12],"48":[1,1],"49":[1,0],"50":[10,2],"51":[3,7],"52":[7,0],"53":[2,0],"54":[1,1],"55":[1,0],"56":[172,22],"57":[88,84],"58":[84,0],"59":[2,20],"60":[1,1],"61":[1,0],"62":[2,18],"63":[1,1],"64":[1,0],"65":[2,16],"66":[1,1],"67":[1,0],"68":[2,14],"69":[1,1],"70":[1,0],"71":[2,12],"72":[1,1],"73":[1,0],"74":[10,2],"75":[3,7],"76":[7,0],"77":[2,0],"78":[1,1],"79":[1,0]},"_coverageSchema":"43e27e138ebf9cfc5966b082cf9a028302ed4184","hash":"b09fe78e8bcb926c95030d7f3d9db24b547e43b0"}
,"/Users/admin/Documents/GitHub/react-sf-building-blocks/src/index.tsx": {"path":"/Users/admin/Documents/GitHub/react-sf-building-blocks/src/index.tsx","statementMap":{},"fnMap":{},"branchMap":{},"s":{},"f":{},"b":{},"_coverageSchema":"43e27e138ebf9cfc5966b082cf9a028302ed4184","hash":"076fd590ada6e8bc727268fd56d9fdd5992fda8e"}
}
