{"/Users/admin/Documents/GitHub/react-sf-building-blocks/src/Services.js": {"path":"/Users/admin/Documents/GitHub/react-sf-building-blocks/src/Services.js","statementMap":{"0":{"start":{"line":3,"column":21},"end":{"line":3,"column":123}},"1":{"start":{"line":4,"column":4},"end":{"line":4,"column":33}},"2":{"start":{"line":9,"column":24},"end":{"line":11,"column":1}}},"fnMap":{"0":{"name":"getCountryCodes","decl":{"start":{"line":1,"column":15},"end":{"line":1,"column":30}},"loc":{"start":{"line":1,"column":33},"end":{"line":6,"column":1}},"line":1}},"branchMap":{},"s":{"0":31,"1":31,"2":1},"f":{"0":31},"b":{},"_coverageSchema":"43e27e138ebf9cfc5966b082cf9a028302ed4184","hash":"50a403c63f04499e334adae78812ee811276bb75"}
,"/Users/admin/Documents/GitHub/react-sf-building-blocks/src/SfButton.tsx": {"path":"/Users/admin/Documents/GitHub/react-sf-building-blocks/src/SfButton.tsx","statementMap":{"0":{"start":{"line":18,"column":17},"end":{"line":86,"column":1}},"1":{"start":{"line":21,"column":42},"end":{"line":21,"column":58}},"2":{"start":{"line":22,"column":50},"end":{"line":22,"column":66}},"3":{"start":{"line":23,"column":38},"end":{"line":23,"column":54}},"4":{"start":{"line":27,"column":8},"end":{"line":27,"column":62}},"5":{"start":{"line":28,"column":8},"end":{"line":28,"column":74}},"6":{"start":{"line":29,"column":8},"end":{"line":29,"column":66}},"7":{"start":{"line":35,"column":8},"end":{"line":35,"column":126}},"8":{"start":{"line":36,"column":8},"end":{"line":36,"column":138}},"9":{"start":{"line":37,"column":8},"end":{"line":37,"column":130}},"10":{"start":{"line":41,"column":25},"end":{"line":49,"column":5}},"11":{"start":{"line":43,"column":8},"end":{"line":47,"column":9}},"12":{"start":{"line":44,"column":12},"end":{"line":44,"column":27}},"13":{"start":{"line":46,"column":11},"end":{"line":46,"column":51}},"14":{"start":{"line":46,"column":29},"end":{"line":46,"column":43}},"15":{"start":{"line":51,"column":4},"end":{"line":53,"column":10}},"16":{"start":{"line":52,"column":8},"end":{"line":52,"column":22}},"17":{"start":{"line":55,"column":4},"end":{"line":84,"column":5}},"18":{"start":{"line":75,"column":33},"end":{"line":75,"column":51}},"19":{"start":{"line":76,"column":32},"end":{"line":76,"column":50}},"20":{"start":{"line":77,"column":31},"end":{"line":77,"column":50}},"21":{"start":{"line":78,"column":30},"end":{"line":78,"column":49}},"22":{"start":{"line":79,"column":33},"end":{"line":79,"column":47}}},"fnMap":{"0":{"name":"(anonymous_0)","decl":{"start":{"line":18,"column":17},"end":{"line":18,"column":18}},"loc":{"start":{"line":18,"column":151},"end":{"line":86,"column":1}},"line":18},"1":{"name":"resetColors","decl":{"start":{"line":25,"column":13},"end":{"line":25,"column":24}},"loc":{"start":{"line":25,"column":27},"end":{"line":31,"column":5}},"line":25},"2":{"name":"invertColors","decl":{"start":{"line":33,"column":13},"end":{"line":33,"column":25}},"loc":{"start":{"line":33,"column":28},"end":{"line":39,"column":5}},"line":33},"3":{"name":"(anonymous_3)","decl":{"start":{"line":41,"column":25},"end":{"line":41,"column":26}},"loc":{"start":{"line":41,"column":45},"end":{"line":49,"column":5}},"line":41},"4":{"name":"(anonymous_4)","decl":{"start":{"line":46,"column":22},"end":{"line":46,"column":23}},"loc":{"start":{"line":46,"column":28},"end":{"line":46,"column":44}},"line":46},"5":{"name":"(anonymous_5)","decl":{"start":{"line":51,"column":20},"end":{"line":51,"column":21}},"loc":{"start":{"line":51,"column":26},"end":{"line":53,"column":5}},"line":51},"6":{"name":"(anonymous_6)","decl":{"start":{"line":75,"column":26},"end":{"line":75,"column":27}},"loc":{"start":{"line":75,"column":32},"end":{"line":75,"column":52}},"line":75},"7":{"name":"(anonymous_7)","decl":{"start":{"line":76,"column":25},"end":{"line":76,"column":26}},"loc":{"start":{"line":76,"column":31},"end":{"line":76,"column":51}},"line":76},"8":{"name":"(anonymous_8)","decl":{"start":{"line":77,"column":24},"end":{"line":77,"column":25}},"loc":{"start":{"line":77,"column":30},"end":{"line":77,"column":51}},"line":77},"9":{"name":"(anonymous_9)","decl":{"start":{"line":78,"column":23},"end":{"line":78,"column":24}},"loc":{"start":{"line":78,"column":29},"end":{"line":78,"column":50}},"line":78},"10":{"name":"(anonymous_10)","decl":{"start":{"line":79,"column":21},"end":{"line":79,"column":22}},"loc":{"start":{"line":79,"column":32},"end":{"line":79,"column":48}},"line":79}},"branchMap":{"0":{"loc":{"start":{"line":18,"column":35},"end":{"line":18,"column":51}},"type":"default-arg","locations":[{"start":{"line":18,"column":46},"end":{"line":18,"column":51}}],"line":18},"1":{"loc":{"start":{"line":18,"column":71},"end":{"line":18,"column":96}},"type":"default-arg","locations":[{"start":{"line":18,"column":79},"end":{"line":18,"column":96}}],"line":18},"2":{"loc":{"start":{"line":18,"column":98},"end":{"line":18,"column":109}},"type":"default-arg","locations":[{"start":{"line":18,"column":105},"end":{"line":18,"column":109}}],"line":18},"3":{"loc":{"start":{"line":18,"column":111},"end":{"line":18,"column":125}},"type":"default-arg","locations":[{"start":{"line":18,"column":123},"end":{"line":18,"column":125}}],"line":18},"4":{"loc":{"start":{"line":18,"column":127},"end":{"line":18,"column":138}},"type":"default-arg","locations":[{"start":{"line":18,"column":136},"end":{"line":18,"column":138}}],"line":18},"5":{"loc":{"start":{"line":35,"column":55},"end":{"line":35,"column":123}},"type":"cond-expr","locations":[{"start":{"line":35,"column":83},"end":{"line":35,"column":103}},{"start":{"line":35,"column":105},"end":{"line":35,"column":123}}],"line":35},"6":{"loc":{"start":{"line":36,"column":67},"end":{"line":36,"column":135}},"type":"cond-expr","locations":[{"start":{"line":36,"column":95},"end":{"line":36,"column":115}},{"start":{"line":36,"column":117},"end":{"line":36,"column":135}}],"line":36},"7":{"loc":{"start":{"line":37,"column":59},"end":{"line":37,"column":127}},"type":"cond-expr","locations":[{"start":{"line":37,"column":87},"end":{"line":37,"column":107}},{"start":{"line":37,"column":109},"end":{"line":37,"column":127}}],"line":37},"8":{"loc":{"start":{"line":43,"column":8},"end":{"line":47,"column":9}},"type":"if","locations":[{"start":{"line":43,"column":8},"end":{"line":47,"column":9}},{"start":{"line":43,"column":8},"end":{"line":47,"column":9}}],"line":43},"9":{"loc":{"start":{"line":70,"column":24},"end":{"line":70,"column":60}},"type":"cond-expr","locations":[{"start":{"line":70,"column":35},"end":{"line":70,"column":51}},{"start":{"line":70,"column":54},"end":{"line":70,"column":60}}],"line":70},"10":{"loc":{"start":{"line":81,"column":22},"end":{"line":81,"column":91}},"type":"binary-expr","locations":[{"start":{"line":81,"column":22},"end":{"line":81,"column":34}},{"start":{"line":81,"column":38},"end":{"line":81,"column":91}}],"line":81}},"s":{"0":1,"1":119,"2":119,"3":119,"4":35,"5":35,"6":35,"7":2,"8":2,"9":2,"10":119,"11":4,"12":2,"13":2,"14":2,"15":119,"16":33,"17":119,"18":1,"19":1,"20":1,"21":1,"22":10},"f":{"0":119,"1":35,"2":2,"3":4,"4":2,"5":33,"6":1,"7":1,"8":1,"9":1,"10":10},"b":{"0":[71],"1":[119],"2":[119],"3":[94],"4":[48],"5":[0,2],"6":[0,2],"7":[0,2],"8":[2,2],"9":[2,117],"10":[119,0]},"_coverageSchema":"43e27e138ebf9cfc5966b082cf9a028302ed4184","hash":"35147e0e2a911d191ba1282f02e1615b3cde5931"}
,"/Users/admin/Documents/GitHub/react-sf-building-blocks/src/SfInput.tsx": {"path":"/Users/admin/Documents/GitHub/react-sf-building-blocks/src/SfInput.tsx","statementMap":{"0":{"start":{"line":27,"column":16},"end":{"line":468,"column":1}},"1":{"start":{"line":30,"column":42},"end":{"line":30,"column":58}},"2":{"start":{"line":31,"column":38},"end":{"line":31,"column":54}},"3":{"start":{"line":32,"column":52},"end":{"line":32,"column":67}},"4":{"start":{"line":33,"column":32},"end":{"line":33,"column":48}},"5":{"start":{"line":34,"column":44},"end":{"line":34,"column":58}},"6":{"start":{"line":35,"column":68},"end":{"line":35,"column":80}},"7":{"start":{"line":36,"column":58},"end":{"line":36,"column":72}},"8":{"start":{"line":37,"column":46},"end":{"line":37,"column":61}},"9":{"start":{"line":39,"column":24},"end":{"line":39,"column":36}},"10":{"start":{"line":40,"column":24},"end":{"line":40,"column":36}},"11":{"start":{"line":41,"column":28},"end":{"line":41,"column":40}},"12":{"start":{"line":42,"column":34},"end":{"line":42,"column":46}},"13":{"start":{"line":44,"column":21},"end":{"line":44,"column":34}},"14":{"start":{"line":45,"column":23},"end":{"line":45,"column":36}},"15":{"start":{"line":46,"column":23},"end":{"line":46,"column":36}},"16":{"start":{"line":47,"column":25},"end":{"line":47,"column":38}},"17":{"start":{"line":50,"column":8},"end":{"line":50,"column":62}},"18":{"start":{"line":50,"column":27},"end":{"line":50,"column":53}},"19":{"start":{"line":54,"column":8},"end":{"line":54,"column":54}},"20":{"start":{"line":58,"column":8},"end":{"line":58,"column":47}},"21":{"start":{"line":62,"column":8},"end":{"line":62,"column":46}},"22":{"start":{"line":66,"column":8},"end":{"line":66,"column":40}},"23":{"start":{"line":72,"column":8},"end":{"line":78,"column":9}},"24":{"start":{"line":73,"column":12},"end":{"line":73,"column":120}},"25":{"start":{"line":74,"column":12},"end":{"line":74,"column":94}},"26":{"start":{"line":76,"column":12},"end":{"line":76,"column":98}},"27":{"start":{"line":77,"column":12},"end":{"line":77,"column":116}},"28":{"start":{"line":83,"column":8},"end":{"line":85,"column":9}},"29":{"start":{"line":84,"column":12},"end":{"line":84,"column":30}},"30":{"start":{"line":86,"column":8},"end":{"line":88,"column":9}},"31":{"start":{"line":87,"column":12},"end":{"line":87,"column":31}},"32":{"start":{"line":89,"column":8},"end":{"line":91,"column":9}},"33":{"start":{"line":90,"column":12},"end":{"line":90,"column":32}},"34":{"start":{"line":92,"column":8},"end":{"line":94,"column":9}},"35":{"start":{"line":93,"column":12},"end":{"line":93,"column":32}},"36":{"start":{"line":98,"column":8},"end":{"line":104,"column":9}},"37":{"start":{"line":99,"column":12},"end":{"line":103,"column":13}},"38":{"start":{"line":100,"column":16},"end":{"line":100,"column":44}},"39":{"start":{"line":102,"column":16},"end":{"line":102,"column":42}},"40":{"start":{"line":109,"column":23},"end":{"line":109,"column":55}},"41":{"start":{"line":110,"column":20},"end":{"line":110,"column":22}},"42":{"start":{"line":112,"column":8},"end":{"line":118,"column":9}},"43":{"start":{"line":112,"column":20},"end":{"line":112,"column":21}},"44":{"start":{"line":114,"column":12},"end":{"line":116,"column":13}},"45":{"start":{"line":115,"column":16},"end":{"line":115,"column":36}},"46":{"start":{"line":120,"column":8},"end":{"line":120,"column":33}},"47":{"start":{"line":125,"column":8},"end":{"line":125,"column":34}},"48":{"start":{"line":130,"column":8},"end":{"line":134,"column":9}},"49":{"start":{"line":131,"column":12},"end":{"line":131,"column":42}},"50":{"start":{"line":133,"column":12},"end":{"line":133,"column":41}},"51":{"start":{"line":139,"column":8},"end":{"line":139,"column":52}},"52":{"start":{"line":144,"column":8},"end":{"line":150,"column":9}},"53":{"start":{"line":145,"column":12},"end":{"line":145,"column":117}},"54":{"start":{"line":146,"column":12},"end":{"line":146,"column":26}},"55":{"start":{"line":148,"column":12},"end":{"line":148,"column":67}},"56":{"start":{"line":149,"column":12},"end":{"line":149,"column":27}},"57":{"start":{"line":154,"column":20},"end":{"line":205,"column":5}},"58":{"start":{"line":156,"column":8},"end":{"line":165,"column":9}},"59":{"start":{"line":157,"column":12},"end":{"line":164,"column":13}},"60":{"start":{"line":158,"column":16},"end":{"line":158,"column":47}},"61":{"start":{"line":159,"column":16},"end":{"line":159,"column":30}},"62":{"start":{"line":160,"column":16},"end":{"line":160,"column":58}},"63":{"start":{"line":160,"column":41},"end":{"line":160,"column":58}},"64":{"start":{"line":162,"column":16},"end":{"line":162,"column":71}},"65":{"start":{"line":163,"column":16},"end":{"line":163,"column":31}},"66":{"start":{"line":167,"column":8},"end":{"line":176,"column":9}},"67":{"start":{"line":168,"column":12},"end":{"line":175,"column":13}},"68":{"start":{"line":169,"column":16},"end":{"line":169,"column":47}},"69":{"start":{"line":170,"column":16},"end":{"line":170,"column":30}},"70":{"start":{"line":171,"column":16},"end":{"line":171,"column":58}},"71":{"start":{"line":171,"column":41},"end":{"line":171,"column":58}},"72":{"start":{"line":173,"column":16},"end":{"line":173,"column":71}},"73":{"start":{"line":174,"column":16},"end":{"line":174,"column":31}},"74":{"start":{"line":178,"column":8},"end":{"line":187,"column":9}},"75":{"start":{"line":179,"column":12},"end":{"line":186,"column":13}},"76":{"start":{"line":180,"column":16},"end":{"line":180,"column":117}},"77":{"start":{"line":181,"column":16},"end":{"line":181,"column":30}},"78":{"start":{"line":182,"column":16},"end":{"line":182,"column":58}},"79":{"start":{"line":182,"column":41},"end":{"line":182,"column":58}},"80":{"start":{"line":184,"column":16},"end":{"line":184,"column":71}},"81":{"start":{"line":185,"column":16},"end":{"line":185,"column":31}},"82":{"start":{"line":189,"column":8},"end":{"line":203,"column":9}},"83":{"start":{"line":190,"column":12},"end":{"line":202,"column":13}},"84":{"start":{"line":191,"column":32},"end":{"line":191,"column":92}},"85":{"start":{"line":192,"column":16},"end":{"line":192,"column":41}},"86":{"start":{"line":193,"column":16},"end":{"line":193,"column":56}},"87":{"start":{"line":193,"column":39},"end":{"line":193,"column":56}},"88":{"start":{"line":194,"column":16},"end":{"line":194,"column":30}},"89":{"start":{"line":196,"column":16},"end":{"line":200,"column":17}},"90":{"start":{"line":197,"column":20},"end":{"line":197,"column":34}},"91":{"start":{"line":199,"column":20},"end":{"line":199,"column":75}},"92":{"start":{"line":201,"column":16},"end":{"line":201,"column":31}},"93":{"start":{"line":207,"column":22},"end":{"line":211,"column":5}},"94":{"start":{"line":208,"column":8},"end":{"line":208,"column":30}},"95":{"start":{"line":209,"column":8},"end":{"line":209,"column":39}},"96":{"start":{"line":210,"column":8},"end":{"line":210,"column":23}},"97":{"start":{"line":213,"column":22},"end":{"line":217,"column":5}},"98":{"start":{"line":214,"column":8},"end":{"line":214,"column":30}},"99":{"start":{"line":215,"column":8},"end":{"line":215,"column":39}},"100":{"start":{"line":216,"column":8},"end":{"line":216,"column":23}},"101":{"start":{"line":219,"column":24},"end":{"line":223,"column":5}},"102":{"start":{"line":220,"column":8},"end":{"line":220,"column":30}},"103":{"start":{"line":221,"column":8},"end":{"line":221,"column":41}},"104":{"start":{"line":222,"column":8},"end":{"line":222,"column":23}},"105":{"start":{"line":225,"column":4},"end":{"line":229,"column":21}},"106":{"start":{"line":226,"column":8},"end":{"line":228,"column":9}},"107":{"start":{"line":227,"column":12},"end":{"line":227,"column":26}},"108":{"start":{"line":231,"column":4},"end":{"line":246,"column":22}},"109":{"start":{"line":233,"column":8},"end":{"line":243,"column":9}},"110":{"start":{"line":234,"column":12},"end":{"line":242,"column":13}},"111":{"start":{"line":235,"column":16},"end":{"line":241,"column":17}},"112":{"start":{"line":235,"column":28},"end":{"line":235,"column":29}},"113":{"start":{"line":236,"column":20},"end":{"line":240,"column":21}},"114":{"start":{"line":237,"column":24},"end":{"line":237,"column":77}},"115":{"start":{"line":238,"column":24},"end":{"line":238,"column":47}},"116":{"start":{"line":239,"column":24},"end":{"line":239,"column":30}},"117":{"start":{"line":248,"column":4},"end":{"line":257,"column":10}},"118":{"start":{"line":250,"column":8},"end":{"line":250,"column":22}},"119":{"start":{"line":251,"column":8},"end":{"line":251,"column":20}},"120":{"start":{"line":252,"column":8},"end":{"line":252,"column":21}},"121":{"start":{"line":253,"column":8},"end":{"line":255,"column":9}},"122":{"start":{"line":254,"column":12},"end":{"line":254,"column":35}},"123":{"start":{"line":259,"column":4},"end":{"line":271,"column":29}},"124":{"start":{"line":261,"column":8},"end":{"line":269,"column":9}},"125":{"start":{"line":265,"column":12},"end":{"line":265,"column":44}},"126":{"start":{"line":266,"column":12},"end":{"line":266,"column":43}},"127":{"start":{"line":267,"column":12},"end":{"line":267,"column":34}},"128":{"start":{"line":273,"column":4},"end":{"line":277,"column":34}},"129":{"start":{"line":275,"column":8},"end":{"line":275,"column":31}},"130":{"start":{"line":279,"column":4},"end":{"line":466,"column":5}},"131":{"start":{"line":297,"column":67},"end":{"line":297,"column":77}},"132":{"start":{"line":303,"column":281},"end":{"line":303,"column":293}},"133":{"start":{"line":324,"column":55},"end":{"line":324,"column":90}},"134":{"start":{"line":334,"column":143},"end":{"line":334,"column":155}},"135":{"start":{"line":356,"column":32},"end":{"line":375,"column":34}},"136":{"start":{"line":372,"column":40},"end":{"line":372,"column":76}},"137":{"start":{"line":461,"column":41},"end":{"line":461,"column":55}}},"fnMap":{"0":{"name":"(anonymous_0)","decl":{"start":{"line":27,"column":16},"end":{"line":27,"column":17}},"loc":{"start":{"line":27,"column":318},"end":{"line":468,"column":1}},"line":27},"1":{"name":"(anonymous_1)","decl":{"start":{"line":27,"column":100},"end":{"line":27,"column":101}},"loc":{"start":{"line":27,"column":106},"end":{"line":27,"column":108}},"line":27},"2":{"name":"setShowCountryCodesWrap","decl":{"start":{"line":49,"column":13},"end":{"line":49,"column":36}},"loc":{"start":{"line":49,"column":53},"end":{"line":51,"column":5}},"line":49},"3":{"name":"(anonymous_3)","decl":{"start":{"line":50,"column":19},"end":{"line":50,"column":20}},"loc":{"start":{"line":50,"column":25},"end":{"line":50,"column":55}},"line":50},"4":{"name":"setSelectedCountryCodeWrap","decl":{"start":{"line":53,"column":13},"end":{"line":53,"column":39}},"loc":{"start":{"line":53,"column":52},"end":{"line":55,"column":5}},"line":53},"5":{"name":"getSelectedCountryCodeWrap","decl":{"start":{"line":57,"column":13},"end":{"line":57,"column":39}},"loc":{"start":{"line":57,"column":42},"end":{"line":59,"column":5}},"line":57},"6":{"name":"setCountryCodesWrap","decl":{"start":{"line":61,"column":13},"end":{"line":61,"column":32}},"loc":{"start":{"line":61,"column":45},"end":{"line":63,"column":5}},"line":61},"7":{"name":"getCountryCodesWrap","decl":{"start":{"line":65,"column":13},"end":{"line":65,"column":32}},"loc":{"start":{"line":65,"column":35},"end":{"line":67,"column":5}},"line":65},"8":{"name":"resetColors","decl":{"start":{"line":70,"column":13},"end":{"line":70,"column":24}},"loc":{"start":{"line":70,"column":27},"end":{"line":80,"column":5}},"line":70},"9":{"name":"resetType","decl":{"start":{"line":82,"column":13},"end":{"line":82,"column":22}},"loc":{"start":{"line":82,"column":25},"end":{"line":95,"column":5}},"line":82},"10":{"name":"resetFocus","decl":{"start":{"line":97,"column":13},"end":{"line":97,"column":23}},"loc":{"start":{"line":97,"column":26},"end":{"line":105,"column":5}},"line":97},"11":{"name":"populateCountryCodes","decl":{"start":{"line":107,"column":19},"end":{"line":107,"column":39}},"loc":{"start":{"line":107,"column":42},"end":{"line":121,"column":5}},"line":107},"12":{"name":"setFocus","decl":{"start":{"line":123,"column":13},"end":{"line":123,"column":21}},"loc":{"start":{"line":123,"column":24},"end":{"line":126,"column":5}},"line":123},"13":{"name":"onClickIsd","decl":{"start":{"line":128,"column":13},"end":{"line":128,"column":23}},"loc":{"start":{"line":128,"column":26},"end":{"line":136,"column":5}},"line":128},"14":{"name":"onChangeCountryCodesSearchString","decl":{"start":{"line":138,"column":13},"end":{"line":138,"column":45}},"loc":{"start":{"line":138,"column":53},"end":{"line":140,"column":5}},"line":138},"15":{"name":"onSubmitCountryCode","decl":{"start":{"line":142,"column":13},"end":{"line":142,"column":32}},"loc":{"start":{"line":142,"column":35},"end":{"line":152,"column":5}},"line":142},"16":{"name":"(anonymous_16)","decl":{"start":{"line":154,"column":20},"end":{"line":154,"column":21}},"loc":{"start":{"line":154,"column":36},"end":{"line":205,"column":5}},"line":154},"17":{"name":"(anonymous_17)","decl":{"start":{"line":207,"column":22},"end":{"line":207,"column":23}},"loc":{"start":{"line":207,"column":38},"end":{"line":211,"column":5}},"line":207},"18":{"name":"(anonymous_18)","decl":{"start":{"line":213,"column":22},"end":{"line":213,"column":23}},"loc":{"start":{"line":213,"column":38},"end":{"line":217,"column":5}},"line":213},"19":{"name":"(anonymous_19)","decl":{"start":{"line":219,"column":24},"end":{"line":219,"column":25}},"loc":{"start":{"line":219,"column":40},"end":{"line":223,"column":5}},"line":219},"20":{"name":"(anonymous_20)","decl":{"start":{"line":225,"column":20},"end":{"line":225,"column":21}},"loc":{"start":{"line":225,"column":26},"end":{"line":229,"column":5}},"line":225},"21":{"name":"(anonymous_21)","decl":{"start":{"line":231,"column":20},"end":{"line":231,"column":21}},"loc":{"start":{"line":231,"column":26},"end":{"line":246,"column":5}},"line":231},"22":{"name":"(anonymous_22)","decl":{"start":{"line":248,"column":20},"end":{"line":248,"column":21}},"loc":{"start":{"line":248,"column":26},"end":{"line":257,"column":5}},"line":248},"23":{"name":"(anonymous_23)","decl":{"start":{"line":259,"column":20},"end":{"line":259,"column":21}},"loc":{"start":{"line":259,"column":26},"end":{"line":271,"column":5}},"line":259},"24":{"name":"(anonymous_24)","decl":{"start":{"line":273,"column":20},"end":{"line":273,"column":21}},"loc":{"start":{"line":273,"column":26},"end":{"line":277,"column":5}},"line":273},"25":{"name":"(anonymous_25)","decl":{"start":{"line":297,"column":60},"end":{"line":297,"column":61}},"loc":{"start":{"line":297,"column":66},"end":{"line":297,"column":78}},"line":297},"26":{"name":"(anonymous_26)","decl":{"start":{"line":303,"column":274},"end":{"line":303,"column":275}},"loc":{"start":{"line":303,"column":280},"end":{"line":303,"column":294}},"line":303},"27":{"name":"(anonymous_27)","decl":{"start":{"line":324,"column":42},"end":{"line":324,"column":43}},"loc":{"start":{"line":324,"column":54},"end":{"line":324,"column":91}},"line":324},"28":{"name":"(anonymous_28)","decl":{"start":{"line":334,"column":136},"end":{"line":334,"column":137}},"loc":{"start":{"line":334,"column":142},"end":{"line":334,"column":156}},"line":334},"29":{"name":"(anonymous_29)","decl":{"start":{"line":354,"column":54},"end":{"line":354,"column":55}},"loc":{"start":{"line":354,"column":82},"end":{"line":377,"column":29}},"line":354},"30":{"name":"(anonymous_30)","decl":{"start":{"line":371,"column":45},"end":{"line":371,"column":46}},"loc":{"start":{"line":371,"column":51},"end":{"line":373,"column":37}},"line":371},"31":{"name":"(anonymous_31)","decl":{"start":{"line":461,"column":29},"end":{"line":461,"column":30}},"loc":{"start":{"line":461,"column":40},"end":{"line":461,"column":56}},"line":461}},"branchMap":{"0":{"loc":{"start":{"line":27,"column":60},"end":{"line":27,"column":70}},"type":"default-arg","locations":[{"start":{"line":27,"column":68},"end":{"line":27,"column":70}}],"line":27},"1":{"loc":{"start":{"line":27,"column":72},"end":{"line":27,"column":81}},"type":"default-arg","locations":[{"start":{"line":27,"column":79},"end":{"line":27,"column":81}}],"line":27},"2":{"loc":{"start":{"line":27,"column":83},"end":{"line":27,"column":108}},"type":"default-arg","locations":[{"start":{"line":27,"column":100},"end":{"line":27,"column":108}}],"line":27},"3":{"loc":{"start":{"line":27,"column":110},"end":{"line":27,"column":126}},"type":"default-arg","locations":[{"start":{"line":27,"column":121},"end":{"line":27,"column":126}}],"line":27},"4":{"loc":{"start":{"line":27,"column":128},"end":{"line":27,"column":145}},"type":"default-arg","locations":[{"start":{"line":27,"column":140},"end":{"line":27,"column":145}}],"line":27},"5":{"loc":{"start":{"line":27,"column":147},"end":{"line":27,"column":179}},"type":"default-arg","locations":[{"start":{"line":27,"column":152},"end":{"line":27,"column":179}}],"line":27},"6":{"loc":{"start":{"line":27,"column":181},"end":{"line":27,"column":206}},"type":"default-arg","locations":[{"start":{"line":27,"column":189},"end":{"line":27,"column":206}}],"line":27},"7":{"loc":{"start":{"line":27,"column":208},"end":{"line":27,"column":219}},"type":"default-arg","locations":[{"start":{"line":27,"column":215},"end":{"line":27,"column":219}}],"line":27},"8":{"loc":{"start":{"line":27,"column":221},"end":{"line":27,"column":244}},"type":"default-arg","locations":[{"start":{"line":27,"column":242},"end":{"line":27,"column":244}}],"line":27},"9":{"loc":{"start":{"line":27,"column":246},"end":{"line":27,"column":265}},"type":"default-arg","locations":[{"start":{"line":27,"column":263},"end":{"line":27,"column":265}}],"line":27},"10":{"loc":{"start":{"line":27,"column":267},"end":{"line":27,"column":287}},"type":"default-arg","locations":[{"start":{"line":27,"column":285},"end":{"line":27,"column":287}}],"line":27},"11":{"loc":{"start":{"line":27,"column":289},"end":{"line":27,"column":305}},"type":"default-arg","locations":[{"start":{"line":27,"column":303},"end":{"line":27,"column":305}}],"line":27},"12":{"loc":{"start":{"line":72,"column":8},"end":{"line":78,"column":9}},"type":"if","locations":[{"start":{"line":72,"column":8},"end":{"line":78,"column":9}},{"start":{"line":72,"column":8},"end":{"line":78,"column":9}}],"line":72},"13":{"loc":{"start":{"line":83,"column":8},"end":{"line":85,"column":9}},"type":"if","locations":[{"start":{"line":83,"column":8},"end":{"line":85,"column":9}},{"start":{"line":83,"column":8},"end":{"line":85,"column":9}}],"line":83},"14":{"loc":{"start":{"line":86,"column":8},"end":{"line":88,"column":9}},"type":"if","locations":[{"start":{"line":86,"column":8},"end":{"line":88,"column":9}},{"start":{"line":86,"column":8},"end":{"line":88,"column":9}}],"line":86},"15":{"loc":{"start":{"line":89,"column":8},"end":{"line":91,"column":9}},"type":"if","locations":[{"start":{"line":89,"column":8},"end":{"line":91,"column":9}},{"start":{"line":89,"column":8},"end":{"line":91,"column":9}}],"line":89},"16":{"loc":{"start":{"line":92,"column":8},"end":{"line":94,"column":9}},"type":"if","locations":[{"start":{"line":92,"column":8},"end":{"line":94,"column":9}},{"start":{"line":92,"column":8},"end":{"line":94,"column":9}}],"line":92},"17":{"loc":{"start":{"line":98,"column":8},"end":{"line":104,"column":9}},"type":"if","locations":[{"start":{"line":98,"column":8},"end":{"line":104,"column":9}},{"start":{"line":98,"column":8},"end":{"line":104,"column":9}}],"line":98},"18":{"loc":{"start":{"line":99,"column":12},"end":{"line":103,"column":13}},"type":"if","locations":[{"start":{"line":99,"column":12},"end":{"line":103,"column":13}},{"start":{"line":99,"column":12},"end":{"line":103,"column":13}}],"line":99},"19":{"loc":{"start":{"line":114,"column":12},"end":{"line":116,"column":13}},"type":"if","locations":[{"start":{"line":114,"column":12},"end":{"line":116,"column":13}},{"start":{"line":114,"column":12},"end":{"line":116,"column":13}}],"line":114},"20":{"loc":{"start":{"line":130,"column":8},"end":{"line":134,"column":9}},"type":"if","locations":[{"start":{"line":130,"column":8},"end":{"line":134,"column":9}},{"start":{"line":130,"column":8},"end":{"line":134,"column":9}}],"line":130},"21":{"loc":{"start":{"line":144,"column":8},"end":{"line":150,"column":9}},"type":"if","locations":[{"start":{"line":144,"column":8},"end":{"line":150,"column":9}},{"start":{"line":144,"column":8},"end":{"line":150,"column":9}}],"line":144},"22":{"loc":{"start":{"line":144,"column":11},"end":{"line":144,"column":85}},"type":"binary-expr","locations":[{"start":{"line":144,"column":11},"end":{"line":144,"column":54}},{"start":{"line":144,"column":58},"end":{"line":144,"column":85}}],"line":144},"23":{"loc":{"start":{"line":156,"column":8},"end":{"line":165,"column":9}},"type":"if","locations":[{"start":{"line":156,"column":8},"end":{"line":165,"column":9}},{"start":{"line":156,"column":8},"end":{"line":165,"column":9}}],"line":156},"24":{"loc":{"start":{"line":157,"column":12},"end":{"line":164,"column":13}},"type":"if","locations":[{"start":{"line":157,"column":12},"end":{"line":164,"column":13}},{"start":{"line":157,"column":12},"end":{"line":164,"column":13}}],"line":157},"25":{"loc":{"start":{"line":160,"column":16},"end":{"line":160,"column":58}},"type":"if","locations":[{"start":{"line":160,"column":16},"end":{"line":160,"column":58}},{"start":{"line":160,"column":16},"end":{"line":160,"column":58}}],"line":160},"26":{"loc":{"start":{"line":167,"column":8},"end":{"line":176,"column":9}},"type":"if","locations":[{"start":{"line":167,"column":8},"end":{"line":176,"column":9}},{"start":{"line":167,"column":8},"end":{"line":176,"column":9}}],"line":167},"27":{"loc":{"start":{"line":168,"column":12},"end":{"line":175,"column":13}},"type":"if","locations":[{"start":{"line":168,"column":12},"end":{"line":175,"column":13}},{"start":{"line":168,"column":12},"end":{"line":175,"column":13}}],"line":168},"28":{"loc":{"start":{"line":171,"column":16},"end":{"line":171,"column":58}},"type":"if","locations":[{"start":{"line":171,"column":16},"end":{"line":171,"column":58}},{"start":{"line":171,"column":16},"end":{"line":171,"column":58}}],"line":171},"29":{"loc":{"start":{"line":178,"column":8},"end":{"line":187,"column":9}},"type":"if","locations":[{"start":{"line":178,"column":8},"end":{"line":187,"column":9}},{"start":{"line":178,"column":8},"end":{"line":187,"column":9}}],"line":178},"30":{"loc":{"start":{"line":179,"column":12},"end":{"line":186,"column":13}},"type":"if","locations":[{"start":{"line":179,"column":12},"end":{"line":186,"column":13}},{"start":{"line":179,"column":12},"end":{"line":186,"column":13}}],"line":179},"31":{"loc":{"start":{"line":179,"column":15},"end":{"line":179,"column":85}},"type":"binary-expr","locations":[{"start":{"line":179,"column":15},"end":{"line":179,"column":54}},{"start":{"line":179,"column":58},"end":{"line":179,"column":85}}],"line":179},"32":{"loc":{"start":{"line":182,"column":16},"end":{"line":182,"column":58}},"type":"if","locations":[{"start":{"line":182,"column":16},"end":{"line":182,"column":58}},{"start":{"line":182,"column":16},"end":{"line":182,"column":58}}],"line":182},"33":{"loc":{"start":{"line":189,"column":8},"end":{"line":203,"column":9}},"type":"if","locations":[{"start":{"line":189,"column":8},"end":{"line":203,"column":9}},{"start":{"line":189,"column":8},"end":{"line":203,"column":9}}],"line":189},"34":{"loc":{"start":{"line":190,"column":12},"end":{"line":202,"column":13}},"type":"if","locations":[{"start":{"line":190,"column":12},"end":{"line":202,"column":13}},{"start":{"line":190,"column":12},"end":{"line":202,"column":13}}],"line":190},"35":{"loc":{"start":{"line":193,"column":16},"end":{"line":193,"column":56}},"type":"if","locations":[{"start":{"line":193,"column":16},"end":{"line":193,"column":56}},{"start":{"line":193,"column":16},"end":{"line":193,"column":56}}],"line":193},"36":{"loc":{"start":{"line":196,"column":16},"end":{"line":200,"column":17}},"type":"if","locations":[{"start":{"line":196,"column":16},"end":{"line":200,"column":17}},{"start":{"line":196,"column":16},"end":{"line":200,"column":17}}],"line":196},"37":{"loc":{"start":{"line":196,"column":19},"end":{"line":196,"column":53}},"type":"binary-expr","locations":[{"start":{"line":196,"column":19},"end":{"line":196,"column":27}},{"start":{"line":196,"column":31},"end":{"line":196,"column":39}},{"start":{"line":196,"column":43},"end":{"line":196,"column":53}}],"line":196},"38":{"loc":{"start":{"line":226,"column":8},"end":{"line":228,"column":9}},"type":"if","locations":[{"start":{"line":226,"column":8},"end":{"line":228,"column":9}},{"start":{"line":226,"column":8},"end":{"line":228,"column":9}}],"line":226},"39":{"loc":{"start":{"line":233,"column":8},"end":{"line":243,"column":9}},"type":"if","locations":[{"start":{"line":233,"column":8},"end":{"line":243,"column":9}},{"start":{"line":233,"column":8},"end":{"line":243,"column":9}}],"line":233},"40":{"loc":{"start":{"line":234,"column":12},"end":{"line":242,"column":13}},"type":"if","locations":[{"start":{"line":234,"column":12},"end":{"line":242,"column":13}},{"start":{"line":234,"column":12},"end":{"line":242,"column":13}}],"line":234},"41":{"loc":{"start":{"line":236,"column":20},"end":{"line":240,"column":21}},"type":"if","locations":[{"start":{"line":236,"column":20},"end":{"line":240,"column":21}},{"start":{"line":236,"column":20},"end":{"line":240,"column":21}}],"line":236},"42":{"loc":{"start":{"line":253,"column":8},"end":{"line":255,"column":9}},"type":"if","locations":[{"start":{"line":253,"column":8},"end":{"line":255,"column":9}},{"start":{"line":253,"column":8},"end":{"line":255,"column":9}}],"line":253},"43":{"loc":{"start":{"line":261,"column":8},"end":{"line":269,"column":9}},"type":"if","locations":[{"start":{"line":261,"column":8},"end":{"line":269,"column":9}},{"start":{"line":261,"column":8},"end":{"line":269,"column":9}}],"line":261},"44":{"loc":{"start":{"line":291,"column":24},"end":{"line":291,"column":60}},"type":"cond-expr","locations":[{"start":{"line":291,"column":35},"end":{"line":291,"column":51}},{"start":{"line":291,"column":54},"end":{"line":291,"column":60}}],"line":291},"45":{"loc":{"start":{"line":295,"column":17},"end":{"line":295,"column":37}},"type":"binary-expr","locations":[{"start":{"line":295,"column":17},"end":{"line":295,"column":29}},{"start":{"line":295,"column":33},"end":{"line":295,"column":37}}],"line":295},"46":{"loc":{"start":{"line":296,"column":17},"end":{"line":296,"column":58}},"type":"binary-expr","locations":[{"start":{"line":296,"column":17},"end":{"line":296,"column":29}},{"start":{"line":296,"column":33},"end":{"line":296,"column":58}}],"line":296},"47":{"loc":{"start":{"line":299,"column":17},"end":{"line":383,"column":22}},"type":"binary-expr","locations":[{"start":{"line":299,"column":17},"end":{"line":299,"column":65}},{"start":{"line":299,"column":69},"end":{"line":383,"column":22}}],"line":299},"48":{"loc":{"start":{"line":303,"column":73},"end":{"line":303,"column":263}},"type":"cond-expr","locations":[{"start":{"line":303,"column":104},"end":{"line":303,"column":140}},{"start":{"line":303,"column":144},"end":{"line":303,"column":263}}],"line":303},"49":{"loc":{"start":{"line":303,"column":104},"end":{"line":303,"column":140}},"type":"cond-expr","locations":[{"start":{"line":303,"column":123},"end":{"line":303,"column":130}},{"start":{"line":303,"column":133},"end":{"line":303,"column":140}}],"line":303},"50":{"loc":{"start":{"line":303,"column":235},"end":{"line":303,"column":262}},"type":"cond-expr","locations":[{"start":{"line":303,"column":254},"end":{"line":303,"column":257}},{"start":{"line":303,"column":260},"end":{"line":303,"column":262}}],"line":303},"51":{"loc":{"start":{"line":304,"column":21},"end":{"line":380,"column":26}},"type":"binary-expr","locations":[{"start":{"line":304,"column":21},"end":{"line":304,"column":37}},{"start":{"line":304,"column":41},"end":{"line":380,"column":26}}],"line":304},"52":{"loc":{"start":{"line":309,"column":41},"end":{"line":309,"column":98}},"type":"cond-expr","locations":[{"start":{"line":309,"column":79},"end":{"line":309,"column":88}},{"start":{"line":309,"column":91},"end":{"line":309,"column":98}}],"line":309},"53":{"loc":{"start":{"line":310,"column":31},"end":{"line":310,"column":88}},"type":"cond-expr","locations":[{"start":{"line":310,"column":69},"end":{"line":310,"column":76}},{"start":{"line":310,"column":79},"end":{"line":310,"column":88}}],"line":310},"54":{"loc":{"start":{"line":331,"column":66},"end":{"line":331,"column":117}},"type":"cond-expr","locations":[{"start":{"line":331,"column":96},"end":{"line":331,"column":105}},{"start":{"line":331,"column":108},"end":{"line":331,"column":117}}],"line":331},"55":{"loc":{"start":{"line":366,"column":57},"end":{"line":366,"column":116}},"type":"cond-expr","locations":[{"start":{"line":366,"column":95},"end":{"line":366,"column":104}},{"start":{"line":366,"column":107},"end":{"line":366,"column":116}}],"line":366},"56":{"loc":{"start":{"line":384,"column":17},"end":{"line":445,"column":22}},"type":"binary-expr","locations":[{"start":{"line":384,"column":17},"end":{"line":384,"column":70}},{"start":{"line":384,"column":74},"end":{"line":445,"column":22}}],"line":384},"57":{"loc":{"start":{"line":446,"column":17},"end":{"line":464,"column":109}},"type":"binary-expr","locations":[{"start":{"line":446,"column":17},"end":{"line":446,"column":70}},{"start":{"line":446,"column":74},"end":{"line":464,"column":109}}],"line":446},"58":{"loc":{"start":{"line":464,"column":34},"end":{"line":464,"column":105}},"type":"cond-expr","locations":[{"start":{"line":464,"column":85},"end":{"line":464,"column":90}},{"start":{"line":464,"column":93},"end":{"line":464,"column":105}}],"line":464}},"s":{"0":1,"1":135,"2":135,"3":135,"4":135,"5":135,"6":135,"7":135,"8":135,"9":135,"10":135,"11":135,"12":135,"13":135,"14":135,"15":135,"16":135,"17":15,"18":15,"19":6,"20":49,"21":31,"22":218,"23":56,"24":55,"25":55,"26":1,"27":1,"28":23,"29":5,"30":23,"31":2,"32":23,"33":6,"34":23,"35":10,"36":23,"37":9,"38":5,"39":4,"40":31,"41":31,"42":31,"43":31,"44":7471,"45":7233,"46":31,"47":1,"48":9,"49":2,"50":7,"51":1,"52":6,"53":3,"54":3,"55":3,"56":3,"57":135,"58":68,"59":4,"60":3,"61":3,"62":3,"63":1,"64":1,"65":1,"66":68,"67":3,"68":2,"69":2,"70":2,"71":1,"72":1,"73":1,"74":68,"75":6,"76":2,"77":2,"78":2,"79":1,"80":4,"81":4,"82":68,"83":55,"84":3,"85":3,"86":3,"87":3,"88":3,"89":52,"90":20,"91":32,"92":52,"93":135,"94":10,"95":10,"96":10,"97":135,"98":10,"99":10,"100":10,"101":135,"102":10,"103":10,"104":10,"105":135,"106":38,"107":25,"108":135,"109":46,"110":46,"111":2,"112":2,"113":98,"114":1,"115":1,"116":1,"117":135,"118":23,"119":23,"120":23,"121":23,"122":6,"123":135,"124":29,"125":6,"126":6,"127":6,"128":135,"129":25,"130":135,"131":1,"132":8,"133":1,"134":1,"135":4106,"136":5,"137":13},"f":{"0":135,"1":4,"2":15,"3":15,"4":6,"5":49,"6":31,"7":218,"8":56,"9":23,"10":23,"11":31,"12":1,"13":9,"14":1,"15":6,"16":68,"17":10,"18":10,"19":10,"20":38,"21":46,"22":23,"23":29,"24":25,"25":1,"26":8,"27":1,"28":1,"29":4106,"30":5,"31":13},"b":{"0":[118],"1":[135],"2":[123],"3":[135],"4":[73],"5":[132],"6":[135],"7":[135],"8":[135],"9":[135],"10":[135],"11":[135],"12":[55,1],"13":[5,18],"14":[2,21],"15":[6,17],"16":[10,13],"17":[9,14],"18":[5,4],"19":[7233,238],"20":[2,7],"21":[3,3],"22":[6,3],"23":[4,64],"24":[3,1],"25":[1,2],"26":[3,65],"27":[2,1],"28":[1,1],"29":[6,62],"30":[2,4],"31":[6,4],"32":[1,1],"33":[55,13],"34":[3,52],"35":[3,0],"36":[20,32],"37":[52,20,20],"38":[25,13],"39":[46,0],"40":[2,44],"41":[1,97],"42":[6,17],"43":[23,6],"44":[0,135],"45":[135,0],"46":[135,0],"47":[135,51],"48":[29,22],"49":[7,22],"50":[13,9],"51":[51,20],"52":[20,0],"53":[20,0],"54":[20,0],"55":[4106,0],"56":[135,59],"57":[135,76],"58":[25,51]},"_coverageSchema":"43e27e138ebf9cfc5966b082cf9a028302ed4184","hash":"ffc7278a22cb705d3b8d99f334b536f6e76d78b8"}
,"/Users/admin/Documents/GitHub/react-sf-building-blocks/src/Util.tsx": {"path":"/Users/admin/Documents/GitHub/react-sf-building-blocks/src/Util.tsx","statementMap":{"0":{"start":{"line":1,"column":13},"end":{"line":242,"column":1}},"1":{"start":{"line":5,"column":8},"end":{"line":36,"column":9}},"2":{"start":{"line":16,"column":16},"end":{"line":16,"column":29}},"3":{"start":{"line":20,"column":12},"end":{"line":33,"column":13}},"4":{"start":{"line":21,"column":16},"end":{"line":26,"column":21}},"5":{"start":{"line":23,"column":24},"end":{"line":23,"column":37}},"6":{"start":{"line":25,"column":24},"end":{"line":25,"column":36}},"7":{"start":{"line":27,"column":19},"end":{"line":33,"column":13}},"8":{"start":{"line":28,"column":16},"end":{"line":32,"column":17}},"9":{"start":{"line":29,"column":20},"end":{"line":29,"column":33}},"10":{"start":{"line":31,"column":20},"end":{"line":31,"column":32}},"11":{"start":{"line":35,"column":12},"end":{"line":35,"column":24}},"12":{"start":{"line":42,"column":8},"end":{"line":44,"column":10}},"13":{"start":{"line":50,"column":8},"end":{"line":52,"column":10}},"14":{"start":{"line":58,"column":8},"end":{"line":60,"column":12}},"15":{"start":{"line":65,"column":8},"end":{"line":65,"column":157}},"16":{"start":{"line":65,"column":69},"end":{"line":65,"column":155}},"17":{"start":{"line":70,"column":18},"end":{"line":70,"column":22}},"18":{"start":{"line":72,"column":8},"end":{"line":120,"column":9}},"19":{"start":{"line":73,"column":12},"end":{"line":77,"column":13}},"20":{"start":{"line":74,"column":16},"end":{"line":74,"column":51}},"21":{"start":{"line":75,"column":19},"end":{"line":77,"column":13}},"22":{"start":{"line":76,"column":16},"end":{"line":76,"column":49}},"23":{"start":{"line":78,"column":15},"end":{"line":120,"column":9}},"24":{"start":{"line":79,"column":12},"end":{"line":83,"column":13}},"25":{"start":{"line":80,"column":16},"end":{"line":80,"column":53}},"26":{"start":{"line":81,"column":19},"end":{"line":83,"column":13}},"27":{"start":{"line":82,"column":16},"end":{"line":82,"column":51}},"28":{"start":{"line":84,"column":15},"end":{"line":120,"column":9}},"29":{"start":{"line":85,"column":12},"end":{"line":89,"column":13}},"30":{"start":{"line":86,"column":16},"end":{"line":86,"column":50}},"31":{"start":{"line":87,"column":19},"end":{"line":89,"column":13}},"32":{"start":{"line":88,"column":16},"end":{"line":88,"column":48}},"33":{"start":{"line":90,"column":15},"end":{"line":120,"column":9}},"34":{"start":{"line":91,"column":12},"end":{"line":95,"column":13}},"35":{"start":{"line":92,"column":16},"end":{"line":92,"column":51}},"36":{"start":{"line":93,"column":19},"end":{"line":95,"column":13}},"37":{"start":{"line":94,"column":16},"end":{"line":94,"column":49}},"38":{"start":{"line":96,"column":15},"end":{"line":120,"column":9}},"39":{"start":{"line":97,"column":12},"end":{"line":101,"column":13}},"40":{"start":{"line":98,"column":16},"end":{"line":98,"column":51}},"41":{"start":{"line":99,"column":19},"end":{"line":101,"column":13}},"42":{"start":{"line":100,"column":16},"end":{"line":100,"column":49}},"43":{"start":{"line":102,"column":15},"end":{"line":120,"column":9}},"44":{"start":{"line":103,"column":12},"end":{"line":107,"column":13}},"45":{"start":{"line":104,"column":16},"end":{"line":104,"column":48}},"46":{"start":{"line":105,"column":19},"end":{"line":107,"column":13}},"47":{"start":{"line":106,"column":16},"end":{"line":106,"column":46}},"48":{"start":{"line":108,"column":15},"end":{"line":120,"column":9}},"49":{"start":{"line":109,"column":12},"end":{"line":113,"column":13}},"50":{"start":{"line":110,"column":16},"end":{"line":110,"column":49}},"51":{"start":{"line":111,"column":19},"end":{"line":113,"column":13}},"52":{"start":{"line":112,"column":16},"end":{"line":112,"column":47}},"53":{"start":{"line":114,"column":15},"end":{"line":120,"column":9}},"54":{"start":{"line":115,"column":12},"end":{"line":119,"column":13}},"55":{"start":{"line":116,"column":16},"end":{"line":116,"column":48}},"56":{"start":{"line":117,"column":19},"end":{"line":119,"column":13}},"57":{"start":{"line":118,"column":16},"end":{"line":118,"column":46}},"58":{"start":{"line":122,"column":8},"end":{"line":122,"column":19}},"59":{"start":{"line":128,"column":18},"end":{"line":128,"column":22}},"60":{"start":{"line":130,"column":8},"end":{"line":178,"column":9}},"61":{"start":{"line":131,"column":12},"end":{"line":135,"column":13}},"62":{"start":{"line":132,"column":16},"end":{"line":132,"column":49}},"63":{"start":{"line":133,"column":19},"end":{"line":135,"column":13}},"64":{"start":{"line":134,"column":16},"end":{"line":134,"column":51}},"65":{"start":{"line":136,"column":15},"end":{"line":178,"column":9}},"66":{"start":{"line":137,"column":12},"end":{"line":141,"column":13}},"67":{"start":{"line":138,"column":16},"end":{"line":138,"column":51}},"68":{"start":{"line":139,"column":19},"end":{"line":141,"column":13}},"69":{"start":{"line":140,"column":16},"end":{"line":140,"column":53}},"70":{"start":{"line":142,"column":15},"end":{"line":178,"column":9}},"71":{"start":{"line":143,"column":12},"end":{"line":147,"column":13}},"72":{"start":{"line":144,"column":16},"end":{"line":144,"column":48}},"73":{"start":{"line":145,"column":19},"end":{"line":147,"column":13}},"74":{"start":{"line":146,"column":16},"end":{"line":146,"column":50}},"75":{"start":{"line":148,"column":15},"end":{"line":178,"column":9}},"76":{"start":{"line":149,"column":12},"end":{"line":153,"column":13}},"77":{"start":{"line":150,"column":16},"end":{"line":150,"column":49}},"78":{"start":{"line":151,"column":19},"end":{"line":153,"column":13}},"79":{"start":{"line":152,"column":16},"end":{"line":152,"column":51}},"80":{"start":{"line":154,"column":15},"end":{"line":178,"column":9}},"81":{"start":{"line":155,"column":12},"end":{"line":159,"column":13}},"82":{"start":{"line":156,"column":16},"end":{"line":156,"column":49}},"83":{"start":{"line":157,"column":19},"end":{"line":159,"column":13}},"84":{"start":{"line":158,"column":16},"end":{"line":158,"column":51}},"85":{"start":{"line":160,"column":15},"end":{"line":178,"column":9}},"86":{"start":{"line":161,"column":12},"end":{"line":165,"column":13}},"87":{"start":{"line":162,"column":16},"end":{"line":162,"column":46}},"88":{"start":{"line":163,"column":19},"end":{"line":165,"column":13}},"89":{"start":{"line":164,"column":16},"end":{"line":164,"column":48}},"90":{"start":{"line":166,"column":15},"end":{"line":178,"column":9}},"91":{"start":{"line":167,"column":12},"end":{"line":171,"column":13}},"92":{"start":{"line":168,"column":16},"end":{"line":168,"column":47}},"93":{"start":{"line":169,"column":19},"end":{"line":171,"column":13}},"94":{"start":{"line":170,"column":16},"end":{"line":170,"column":49}},"95":{"start":{"line":172,"column":15},"end":{"line":178,"column":9}},"96":{"start":{"line":173,"column":12},"end":{"line":177,"column":13}},"97":{"start":{"line":174,"column":16},"end":{"line":174,"column":46}},"98":{"start":{"line":175,"column":19},"end":{"line":177,"column":13}},"99":{"start":{"line":176,"column":16},"end":{"line":176,"column":48}},"100":{"start":{"line":180,"column":8},"end":{"line":180,"column":19}},"101":{"start":{"line":186,"column":18},"end":{"line":186,"column":22}},"102":{"start":{"line":188,"column":8},"end":{"line":236,"column":9}},"103":{"start":{"line":189,"column":12},"end":{"line":193,"column":13}},"104":{"start":{"line":190,"column":16},"end":{"line":190,"column":49}},"105":{"start":{"line":191,"column":19},"end":{"line":193,"column":13}},"106":{"start":{"line":192,"column":16},"end":{"line":192,"column":49}},"107":{"start":{"line":194,"column":15},"end":{"line":236,"column":9}},"108":{"start":{"line":195,"column":12},"end":{"line":199,"column":13}},"109":{"start":{"line":196,"column":16},"end":{"line":196,"column":51}},"110":{"start":{"line":197,"column":19},"end":{"line":199,"column":13}},"111":{"start":{"line":198,"column":16},"end":{"line":198,"column":51}},"112":{"start":{"line":200,"column":15},"end":{"line":236,"column":9}},"113":{"start":{"line":201,"column":12},"end":{"line":205,"column":13}},"114":{"start":{"line":202,"column":16},"end":{"line":202,"column":48}},"115":{"start":{"line":203,"column":19},"end":{"line":205,"column":13}},"116":{"start":{"line":204,"column":16},"end":{"line":204,"column":48}},"117":{"start":{"line":206,"column":15},"end":{"line":236,"column":9}},"118":{"start":{"line":207,"column":12},"end":{"line":211,"column":13}},"119":{"start":{"line":208,"column":16},"end":{"line":208,"column":49}},"120":{"start":{"line":209,"column":19},"end":{"line":211,"column":13}},"121":{"start":{"line":210,"column":16},"end":{"line":210,"column":49}},"122":{"start":{"line":212,"column":15},"end":{"line":236,"column":9}},"123":{"start":{"line":213,"column":12},"end":{"line":217,"column":13}},"124":{"start":{"line":214,"column":16},"end":{"line":214,"column":49}},"125":{"start":{"line":215,"column":19},"end":{"line":217,"column":13}},"126":{"start":{"line":216,"column":16},"end":{"line":216,"column":49}},"127":{"start":{"line":218,"column":15},"end":{"line":236,"column":9}},"128":{"start":{"line":219,"column":12},"end":{"line":223,"column":13}},"129":{"start":{"line":220,"column":16},"end":{"line":220,"column":46}},"130":{"start":{"line":221,"column":19},"end":{"line":223,"column":13}},"131":{"start":{"line":222,"column":16},"end":{"line":222,"column":46}},"132":{"start":{"line":224,"column":15},"end":{"line":236,"column":9}},"133":{"start":{"line":225,"column":12},"end":{"line":229,"column":13}},"134":{"start":{"line":226,"column":16},"end":{"line":226,"column":47}},"135":{"start":{"line":227,"column":19},"end":{"line":229,"column":13}},"136":{"start":{"line":228,"column":16},"end":{"line":228,"column":47}},"137":{"start":{"line":230,"column":15},"end":{"line":236,"column":9}},"138":{"start":{"line":231,"column":12},"end":{"line":235,"column":13}},"139":{"start":{"line":232,"column":16},"end":{"line":232,"column":46}},"140":{"start":{"line":233,"column":19},"end":{"line":235,"column":13}},"141":{"start":{"line":234,"column":16},"end":{"line":234,"column":46}},"142":{"start":{"line":238,"column":8},"end":{"line":238,"column":19}}},"fnMap":{"0":{"name":"(anonymous_0)","decl":{"start":{"line":3,"column":22},"end":{"line":3,"column":23}},"loc":{"start":{"line":3,"column":69},"end":{"line":38,"column":5}},"line":3},"1":{"name":"(anonymous_1)","decl":{"start":{"line":40,"column":20},"end":{"line":40,"column":21}},"loc":{"start":{"line":40,"column":44},"end":{"line":46,"column":5}},"line":40},"2":{"name":"(anonymous_2)","decl":{"start":{"line":48,"column":18},"end":{"line":48,"column":19}},"loc":{"start":{"line":48,"column":42},"end":{"line":54,"column":5}},"line":48},"3":{"name":"(anonymous_3)","decl":{"start":{"line":56,"column":19},"end":{"line":56,"column":20}},"loc":{"start":{"line":56,"column":43},"end":{"line":62,"column":5}},"line":56},"4":{"name":"(anonymous_4)","decl":{"start":{"line":64,"column":16},"end":{"line":64,"column":17}},"loc":{"start":{"line":64,"column":57},"end":{"line":66,"column":5}},"line":64},"5":{"name":"(anonymous_5)","decl":{"start":{"line":65,"column":60},"end":{"line":65,"column":61}},"loc":{"start":{"line":65,"column":69},"end":{"line":65,"column":155}},"line":65},"6":{"name":"(anonymous_6)","decl":{"start":{"line":68,"column":18},"end":{"line":68,"column":19}},"loc":{"start":{"line":68,"column":71},"end":{"line":124,"column":5}},"line":68},"7":{"name":"(anonymous_7)","decl":{"start":{"line":126,"column":24},"end":{"line":126,"column":25}},"loc":{"start":{"line":126,"column":77},"end":{"line":182,"column":5}},"line":126},"8":{"name":"(anonymous_8)","decl":{"start":{"line":184,"column":20},"end":{"line":184,"column":21}},"loc":{"start":{"line":184,"column":73},"end":{"line":240,"column":5}},"line":184}},"branchMap":{"0":{"loc":{"start":{"line":5,"column":8},"end":{"line":36,"column":9}},"type":"if","locations":[{"start":{"line":5,"column":8},"end":{"line":36,"column":9}},{"start":{"line":5,"column":8},"end":{"line":36,"column":9}}],"line":5},"1":{"loc":{"start":{"line":5,"column":12},"end":{"line":13,"column":33}},"type":"binary-expr","locations":[{"start":{"line":5,"column":12},"end":{"line":5,"column":20}},{"start":{"line":6,"column":12},"end":{"line":6,"column":20}},{"start":{"line":7,"column":12},"end":{"line":7,"column":22}},{"start":{"line":8,"column":12},"end":{"line":8,"column":29}},{"start":{"line":9,"column":12},"end":{"line":9,"column":29}},{"start":{"line":10,"column":12},"end":{"line":10,"column":28}},{"start":{"line":11,"column":12},"end":{"line":11,"column":29}},{"start":{"line":12,"column":12},"end":{"line":12,"column":33}},{"start":{"line":13,"column":12},"end":{"line":13,"column":33}}],"line":5},"2":{"loc":{"start":{"line":20,"column":12},"end":{"line":33,"column":13}},"type":"if","locations":[{"start":{"line":20,"column":12},"end":{"line":33,"column":13}},{"start":{"line":20,"column":12},"end":{"line":33,"column":13}}],"line":20},"3":{"loc":{"start":{"line":21,"column":16},"end":{"line":26,"column":21}},"type":"if","locations":[{"start":{"line":21,"column":16},"end":{"line":26,"column":21}},{"start":{"line":21,"column":16},"end":{"line":26,"column":21}}],"line":21},"4":{"loc":{"start":{"line":21,"column":19},"end":{"line":22,"column":61}},"type":"binary-expr","locations":[{"start":{"line":21,"column":20},"end":{"line":21,"column":40}},{"start":{"line":21,"column":44},"end":{"line":21,"column":61}},{"start":{"line":22,"column":21},"end":{"line":22,"column":39}},{"start":{"line":22,"column":43},"end":{"line":22,"column":60}}],"line":21},"5":{"loc":{"start":{"line":27,"column":19},"end":{"line":33,"column":13}},"type":"if","locations":[{"start":{"line":27,"column":19},"end":{"line":33,"column":13}},{"start":{"line":27,"column":19},"end":{"line":33,"column":13}}],"line":27},"6":{"loc":{"start":{"line":27,"column":23},"end":{"line":27,"column":72}},"type":"binary-expr","locations":[{"start":{"line":27,"column":23},"end":{"line":27,"column":32}},{"start":{"line":27,"column":36},"end":{"line":27,"column":45}},{"start":{"line":27,"column":49},"end":{"line":27,"column":58}},{"start":{"line":27,"column":62},"end":{"line":27,"column":72}}],"line":27},"7":{"loc":{"start":{"line":28,"column":16},"end":{"line":32,"column":17}},"type":"if","locations":[{"start":{"line":28,"column":16},"end":{"line":32,"column":17}},{"start":{"line":28,"column":16},"end":{"line":32,"column":17}}],"line":28},"8":{"loc":{"start":{"line":72,"column":8},"end":{"line":120,"column":9}},"type":"if","locations":[{"start":{"line":72,"column":8},"end":{"line":120,"column":9}},{"start":{"line":72,"column":8},"end":{"line":120,"column":9}}],"line":72},"9":{"loc":{"start":{"line":73,"column":12},"end":{"line":77,"column":13}},"type":"if","locations":[{"start":{"line":73,"column":12},"end":{"line":77,"column":13}},{"start":{"line":73,"column":12},"end":{"line":77,"column":13}}],"line":73},"10":{"loc":{"start":{"line":75,"column":19},"end":{"line":77,"column":13}},"type":"if","locations":[{"start":{"line":75,"column":19},"end":{"line":77,"column":13}},{"start":{"line":75,"column":19},"end":{"line":77,"column":13}}],"line":75},"11":{"loc":{"start":{"line":78,"column":15},"end":{"line":120,"column":9}},"type":"if","locations":[{"start":{"line":78,"column":15},"end":{"line":120,"column":9}},{"start":{"line":78,"column":15},"end":{"line":120,"column":9}}],"line":78},"12":{"loc":{"start":{"line":79,"column":12},"end":{"line":83,"column":13}},"type":"if","locations":[{"start":{"line":79,"column":12},"end":{"line":83,"column":13}},{"start":{"line":79,"column":12},"end":{"line":83,"column":13}}],"line":79},"13":{"loc":{"start":{"line":81,"column":19},"end":{"line":83,"column":13}},"type":"if","locations":[{"start":{"line":81,"column":19},"end":{"line":83,"column":13}},{"start":{"line":81,"column":19},"end":{"line":83,"column":13}}],"line":81},"14":{"loc":{"start":{"line":84,"column":15},"end":{"line":120,"column":9}},"type":"if","locations":[{"start":{"line":84,"column":15},"end":{"line":120,"column":9}},{"start":{"line":84,"column":15},"end":{"line":120,"column":9}}],"line":84},"15":{"loc":{"start":{"line":85,"column":12},"end":{"line":89,"column":13}},"type":"if","locations":[{"start":{"line":85,"column":12},"end":{"line":89,"column":13}},{"start":{"line":85,"column":12},"end":{"line":89,"column":13}}],"line":85},"16":{"loc":{"start":{"line":87,"column":19},"end":{"line":89,"column":13}},"type":"if","locations":[{"start":{"line":87,"column":19},"end":{"line":89,"column":13}},{"start":{"line":87,"column":19},"end":{"line":89,"column":13}}],"line":87},"17":{"loc":{"start":{"line":90,"column":15},"end":{"line":120,"column":9}},"type":"if","locations":[{"start":{"line":90,"column":15},"end":{"line":120,"column":9}},{"start":{"line":90,"column":15},"end":{"line":120,"column":9}}],"line":90},"18":{"loc":{"start":{"line":91,"column":12},"end":{"line":95,"column":13}},"type":"if","locations":[{"start":{"line":91,"column":12},"end":{"line":95,"column":13}},{"start":{"line":91,"column":12},"end":{"line":95,"column":13}}],"line":91},"19":{"loc":{"start":{"line":93,"column":19},"end":{"line":95,"column":13}},"type":"if","locations":[{"start":{"line":93,"column":19},"end":{"line":95,"column":13}},{"start":{"line":93,"column":19},"end":{"line":95,"column":13}}],"line":93},"20":{"loc":{"start":{"line":96,"column":15},"end":{"line":120,"column":9}},"type":"if","locations":[{"start":{"line":96,"column":15},"end":{"line":120,"column":9}},{"start":{"line":96,"column":15},"end":{"line":120,"column":9}}],"line":96},"21":{"loc":{"start":{"line":97,"column":12},"end":{"line":101,"column":13}},"type":"if","locations":[{"start":{"line":97,"column":12},"end":{"line":101,"column":13}},{"start":{"line":97,"column":12},"end":{"line":101,"column":13}}],"line":97},"22":{"loc":{"start":{"line":99,"column":19},"end":{"line":101,"column":13}},"type":"if","locations":[{"start":{"line":99,"column":19},"end":{"line":101,"column":13}},{"start":{"line":99,"column":19},"end":{"line":101,"column":13}}],"line":99},"23":{"loc":{"start":{"line":102,"column":15},"end":{"line":120,"column":9}},"type":"if","locations":[{"start":{"line":102,"column":15},"end":{"line":120,"column":9}},{"start":{"line":102,"column":15},"end":{"line":120,"column":9}}],"line":102},"24":{"loc":{"start":{"line":103,"column":12},"end":{"line":107,"column":13}},"type":"if","locations":[{"start":{"line":103,"column":12},"end":{"line":107,"column":13}},{"start":{"line":103,"column":12},"end":{"line":107,"column":13}}],"line":103},"25":{"loc":{"start":{"line":105,"column":19},"end":{"line":107,"column":13}},"type":"if","locations":[{"start":{"line":105,"column":19},"end":{"line":107,"column":13}},{"start":{"line":105,"column":19},"end":{"line":107,"column":13}}],"line":105},"26":{"loc":{"start":{"line":108,"column":15},"end":{"line":120,"column":9}},"type":"if","locations":[{"start":{"line":108,"column":15},"end":{"line":120,"column":9}},{"start":{"line":108,"column":15},"end":{"line":120,"column":9}}],"line":108},"27":{"loc":{"start":{"line":109,"column":12},"end":{"line":113,"column":13}},"type":"if","locations":[{"start":{"line":109,"column":12},"end":{"line":113,"column":13}},{"start":{"line":109,"column":12},"end":{"line":113,"column":13}}],"line":109},"28":{"loc":{"start":{"line":111,"column":19},"end":{"line":113,"column":13}},"type":"if","locations":[{"start":{"line":111,"column":19},"end":{"line":113,"column":13}},{"start":{"line":111,"column":19},"end":{"line":113,"column":13}}],"line":111},"29":{"loc":{"start":{"line":114,"column":15},"end":{"line":120,"column":9}},"type":"if","locations":[{"start":{"line":114,"column":15},"end":{"line":120,"column":9}},{"start":{"line":114,"column":15},"end":{"line":120,"column":9}}],"line":114},"30":{"loc":{"start":{"line":115,"column":12},"end":{"line":119,"column":13}},"type":"if","locations":[{"start":{"line":115,"column":12},"end":{"line":119,"column":13}},{"start":{"line":115,"column":12},"end":{"line":119,"column":13}}],"line":115},"31":{"loc":{"start":{"line":117,"column":19},"end":{"line":119,"column":13}},"type":"if","locations":[{"start":{"line":117,"column":19},"end":{"line":119,"column":13}},{"start":{"line":117,"column":19},"end":{"line":119,"column":13}}],"line":117},"32":{"loc":{"start":{"line":130,"column":8},"end":{"line":178,"column":9}},"type":"if","locations":[{"start":{"line":130,"column":8},"end":{"line":178,"column":9}},{"start":{"line":130,"column":8},"end":{"line":178,"column":9}}],"line":130},"33":{"loc":{"start":{"line":131,"column":12},"end":{"line":135,"column":13}},"type":"if","locations":[{"start":{"line":131,"column":12},"end":{"line":135,"column":13}},{"start":{"line":131,"column":12},"end":{"line":135,"column":13}}],"line":131},"34":{"loc":{"start":{"line":133,"column":19},"end":{"line":135,"column":13}},"type":"if","locations":[{"start":{"line":133,"column":19},"end":{"line":135,"column":13}},{"start":{"line":133,"column":19},"end":{"line":135,"column":13}}],"line":133},"35":{"loc":{"start":{"line":136,"column":15},"end":{"line":178,"column":9}},"type":"if","locations":[{"start":{"line":136,"column":15},"end":{"line":178,"column":9}},{"start":{"line":136,"column":15},"end":{"line":178,"column":9}}],"line":136},"36":{"loc":{"start":{"line":137,"column":12},"end":{"line":141,"column":13}},"type":"if","locations":[{"start":{"line":137,"column":12},"end":{"line":141,"column":13}},{"start":{"line":137,"column":12},"end":{"line":141,"column":13}}],"line":137},"37":{"loc":{"start":{"line":139,"column":19},"end":{"line":141,"column":13}},"type":"if","locations":[{"start":{"line":139,"column":19},"end":{"line":141,"column":13}},{"start":{"line":139,"column":19},"end":{"line":141,"column":13}}],"line":139},"38":{"loc":{"start":{"line":142,"column":15},"end":{"line":178,"column":9}},"type":"if","locations":[{"start":{"line":142,"column":15},"end":{"line":178,"column":9}},{"start":{"line":142,"column":15},"end":{"line":178,"column":9}}],"line":142},"39":{"loc":{"start":{"line":143,"column":12},"end":{"line":147,"column":13}},"type":"if","locations":[{"start":{"line":143,"column":12},"end":{"line":147,"column":13}},{"start":{"line":143,"column":12},"end":{"line":147,"column":13}}],"line":143},"40":{"loc":{"start":{"line":145,"column":19},"end":{"line":147,"column":13}},"type":"if","locations":[{"start":{"line":145,"column":19},"end":{"line":147,"column":13}},{"start":{"line":145,"column":19},"end":{"line":147,"column":13}}],"line":145},"41":{"loc":{"start":{"line":148,"column":15},"end":{"line":178,"column":9}},"type":"if","locations":[{"start":{"line":148,"column":15},"end":{"line":178,"column":9}},{"start":{"line":148,"column":15},"end":{"line":178,"column":9}}],"line":148},"42":{"loc":{"start":{"line":149,"column":12},"end":{"line":153,"column":13}},"type":"if","locations":[{"start":{"line":149,"column":12},"end":{"line":153,"column":13}},{"start":{"line":149,"column":12},"end":{"line":153,"column":13}}],"line":149},"43":{"loc":{"start":{"line":151,"column":19},"end":{"line":153,"column":13}},"type":"if","locations":[{"start":{"line":151,"column":19},"end":{"line":153,"column":13}},{"start":{"line":151,"column":19},"end":{"line":153,"column":13}}],"line":151},"44":{"loc":{"start":{"line":154,"column":15},"end":{"line":178,"column":9}},"type":"if","locations":[{"start":{"line":154,"column":15},"end":{"line":178,"column":9}},{"start":{"line":154,"column":15},"end":{"line":178,"column":9}}],"line":154},"45":{"loc":{"start":{"line":155,"column":12},"end":{"line":159,"column":13}},"type":"if","locations":[{"start":{"line":155,"column":12},"end":{"line":159,"column":13}},{"start":{"line":155,"column":12},"end":{"line":159,"column":13}}],"line":155},"46":{"loc":{"start":{"line":157,"column":19},"end":{"line":159,"column":13}},"type":"if","locations":[{"start":{"line":157,"column":19},"end":{"line":159,"column":13}},{"start":{"line":157,"column":19},"end":{"line":159,"column":13}}],"line":157},"47":{"loc":{"start":{"line":160,"column":15},"end":{"line":178,"column":9}},"type":"if","locations":[{"start":{"line":160,"column":15},"end":{"line":178,"column":9}},{"start":{"line":160,"column":15},"end":{"line":178,"column":9}}],"line":160},"48":{"loc":{"start":{"line":161,"column":12},"end":{"line":165,"column":13}},"type":"if","locations":[{"start":{"line":161,"column":12},"end":{"line":165,"column":13}},{"start":{"line":161,"column":12},"end":{"line":165,"column":13}}],"line":161},"49":{"loc":{"start":{"line":163,"column":19},"end":{"line":165,"column":13}},"type":"if","locations":[{"start":{"line":163,"column":19},"end":{"line":165,"column":13}},{"start":{"line":163,"column":19},"end":{"line":165,"column":13}}],"line":163},"50":{"loc":{"start":{"line":166,"column":15},"end":{"line":178,"column":9}},"type":"if","locations":[{"start":{"line":166,"column":15},"end":{"line":178,"column":9}},{"start":{"line":166,"column":15},"end":{"line":178,"column":9}}],"line":166},"51":{"loc":{"start":{"line":167,"column":12},"end":{"line":171,"column":13}},"type":"if","locations":[{"start":{"line":167,"column":12},"end":{"line":171,"column":13}},{"start":{"line":167,"column":12},"end":{"line":171,"column":13}}],"line":167},"52":{"loc":{"start":{"line":169,"column":19},"end":{"line":171,"column":13}},"type":"if","locations":[{"start":{"line":169,"column":19},"end":{"line":171,"column":13}},{"start":{"line":169,"column":19},"end":{"line":171,"column":13}}],"line":169},"53":{"loc":{"start":{"line":172,"column":15},"end":{"line":178,"column":9}},"type":"if","locations":[{"start":{"line":172,"column":15},"end":{"line":178,"column":9}},{"start":{"line":172,"column":15},"end":{"line":178,"column":9}}],"line":172},"54":{"loc":{"start":{"line":173,"column":12},"end":{"line":177,"column":13}},"type":"if","locations":[{"start":{"line":173,"column":12},"end":{"line":177,"column":13}},{"start":{"line":173,"column":12},"end":{"line":177,"column":13}}],"line":173},"55":{"loc":{"start":{"line":175,"column":19},"end":{"line":177,"column":13}},"type":"if","locations":[{"start":{"line":175,"column":19},"end":{"line":177,"column":13}},{"start":{"line":175,"column":19},"end":{"line":177,"column":13}}],"line":175},"56":{"loc":{"start":{"line":188,"column":8},"end":{"line":236,"column":9}},"type":"if","locations":[{"start":{"line":188,"column":8},"end":{"line":236,"column":9}},{"start":{"line":188,"column":8},"end":{"line":236,"column":9}}],"line":188},"57":{"loc":{"start":{"line":189,"column":12},"end":{"line":193,"column":13}},"type":"if","locations":[{"start":{"line":189,"column":12},"end":{"line":193,"column":13}},{"start":{"line":189,"column":12},"end":{"line":193,"column":13}}],"line":189},"58":{"loc":{"start":{"line":191,"column":19},"end":{"line":193,"column":13}},"type":"if","locations":[{"start":{"line":191,"column":19},"end":{"line":193,"column":13}},{"start":{"line":191,"column":19},"end":{"line":193,"column":13}}],"line":191},"59":{"loc":{"start":{"line":194,"column":15},"end":{"line":236,"column":9}},"type":"if","locations":[{"start":{"line":194,"column":15},"end":{"line":236,"column":9}},{"start":{"line":194,"column":15},"end":{"line":236,"column":9}}],"line":194},"60":{"loc":{"start":{"line":195,"column":12},"end":{"line":199,"column":13}},"type":"if","locations":[{"start":{"line":195,"column":12},"end":{"line":199,"column":13}},{"start":{"line":195,"column":12},"end":{"line":199,"column":13}}],"line":195},"61":{"loc":{"start":{"line":197,"column":19},"end":{"line":199,"column":13}},"type":"if","locations":[{"start":{"line":197,"column":19},"end":{"line":199,"column":13}},{"start":{"line":197,"column":19},"end":{"line":199,"column":13}}],"line":197},"62":{"loc":{"start":{"line":200,"column":15},"end":{"line":236,"column":9}},"type":"if","locations":[{"start":{"line":200,"column":15},"end":{"line":236,"column":9}},{"start":{"line":200,"column":15},"end":{"line":236,"column":9}}],"line":200},"63":{"loc":{"start":{"line":201,"column":12},"end":{"line":205,"column":13}},"type":"if","locations":[{"start":{"line":201,"column":12},"end":{"line":205,"column":13}},{"start":{"line":201,"column":12},"end":{"line":205,"column":13}}],"line":201},"64":{"loc":{"start":{"line":203,"column":19},"end":{"line":205,"column":13}},"type":"if","locations":[{"start":{"line":203,"column":19},"end":{"line":205,"column":13}},{"start":{"line":203,"column":19},"end":{"line":205,"column":13}}],"line":203},"65":{"loc":{"start":{"line":206,"column":15},"end":{"line":236,"column":9}},"type":"if","locations":[{"start":{"line":206,"column":15},"end":{"line":236,"column":9}},{"start":{"line":206,"column":15},"end":{"line":236,"column":9}}],"line":206},"66":{"loc":{"start":{"line":207,"column":12},"end":{"line":211,"column":13}},"type":"if","locations":[{"start":{"line":207,"column":12},"end":{"line":211,"column":13}},{"start":{"line":207,"column":12},"end":{"line":211,"column":13}}],"line":207},"67":{"loc":{"start":{"line":209,"column":19},"end":{"line":211,"column":13}},"type":"if","locations":[{"start":{"line":209,"column":19},"end":{"line":211,"column":13}},{"start":{"line":209,"column":19},"end":{"line":211,"column":13}}],"line":209},"68":{"loc":{"start":{"line":212,"column":15},"end":{"line":236,"column":9}},"type":"if","locations":[{"start":{"line":212,"column":15},"end":{"line":236,"column":9}},{"start":{"line":212,"column":15},"end":{"line":236,"column":9}}],"line":212},"69":{"loc":{"start":{"line":213,"column":12},"end":{"line":217,"column":13}},"type":"if","locations":[{"start":{"line":213,"column":12},"end":{"line":217,"column":13}},{"start":{"line":213,"column":12},"end":{"line":217,"column":13}}],"line":213},"70":{"loc":{"start":{"line":215,"column":19},"end":{"line":217,"column":13}},"type":"if","locations":[{"start":{"line":215,"column":19},"end":{"line":217,"column":13}},{"start":{"line":215,"column":19},"end":{"line":217,"column":13}}],"line":215},"71":{"loc":{"start":{"line":218,"column":15},"end":{"line":236,"column":9}},"type":"if","locations":[{"start":{"line":218,"column":15},"end":{"line":236,"column":9}},{"start":{"line":218,"column":15},"end":{"line":236,"column":9}}],"line":218},"72":{"loc":{"start":{"line":219,"column":12},"end":{"line":223,"column":13}},"type":"if","locations":[{"start":{"line":219,"column":12},"end":{"line":223,"column":13}},{"start":{"line":219,"column":12},"end":{"line":223,"column":13}}],"line":219},"73":{"loc":{"start":{"line":221,"column":19},"end":{"line":223,"column":13}},"type":"if","locations":[{"start":{"line":221,"column":19},"end":{"line":223,"column":13}},{"start":{"line":221,"column":19},"end":{"line":223,"column":13}}],"line":221},"74":{"loc":{"start":{"line":224,"column":15},"end":{"line":236,"column":9}},"type":"if","locations":[{"start":{"line":224,"column":15},"end":{"line":236,"column":9}},{"start":{"line":224,"column":15},"end":{"line":236,"column":9}}],"line":224},"75":{"loc":{"start":{"line":225,"column":12},"end":{"line":229,"column":13}},"type":"if","locations":[{"start":{"line":225,"column":12},"end":{"line":229,"column":13}},{"start":{"line":225,"column":12},"end":{"line":229,"column":13}}],"line":225},"76":{"loc":{"start":{"line":227,"column":19},"end":{"line":229,"column":13}},"type":"if","locations":[{"start":{"line":227,"column":19},"end":{"line":229,"column":13}},{"start":{"line":227,"column":19},"end":{"line":229,"column":13}}],"line":227},"77":{"loc":{"start":{"line":230,"column":15},"end":{"line":236,"column":9}},"type":"if","locations":[{"start":{"line":230,"column":15},"end":{"line":236,"column":9}},{"start":{"line":230,"column":15},"end":{"line":236,"column":9}}],"line":230},"78":{"loc":{"start":{"line":231,"column":12},"end":{"line":235,"column":13}},"type":"if","locations":[{"start":{"line":231,"column":12},"end":{"line":235,"column":13}},{"start":{"line":231,"column":12},"end":{"line":235,"column":13}}],"line":231},"79":{"loc":{"start":{"line":233,"column":19},"end":{"line":235,"column":13}},"type":"if","locations":[{"start":{"line":233,"column":19},"end":{"line":235,"column":13}},{"start":{"line":233,"column":19},"end":{"line":235,"column":13}}],"line":233}},"s":{"0":1,"1":55,"2":50,"3":5,"4":2,"5":1,"6":1,"7":3,"8":2,"9":1,"10":1,"11":1,"12":12,"13":4,"14":3,"15":56,"16":168,"17":93,"18":93,"19":71,"20":14,"21":57,"22":57,"23":22,"24":2,"25":1,"26":1,"27":1,"28":20,"29":2,"30":1,"31":1,"32":1,"33":18,"34":2,"35":1,"36":1,"37":1,"38":16,"39":2,"40":1,"41":1,"42":1,"43":14,"44":2,"45":1,"46":1,"47":1,"48":12,"49":10,"50":3,"51":7,"52":7,"53":2,"54":2,"55":1,"56":1,"57":1,"58":93,"59":37,"60":37,"61":15,"62":14,"63":1,"64":1,"65":22,"66":2,"67":1,"68":1,"69":1,"70":20,"71":2,"72":1,"73":1,"74":1,"75":18,"76":2,"77":1,"78":1,"79":1,"80":16,"81":2,"82":1,"83":1,"84":1,"85":14,"86":2,"87":1,"88":1,"89":1,"90":12,"91":10,"92":3,"93":7,"94":7,"95":2,"96":2,"97":1,"98":1,"99":1,"100":37,"101":93,"102":93,"103":71,"104":14,"105":57,"106":57,"107":22,"108":2,"109":1,"110":1,"111":1,"112":20,"113":2,"114":1,"115":1,"116":1,"117":18,"118":2,"119":1,"120":1,"121":1,"122":16,"123":2,"124":1,"125":1,"126":1,"127":14,"128":2,"129":1,"130":1,"131":1,"132":12,"133":10,"134":3,"135":7,"136":7,"137":2,"138":2,"139":1,"140":1,"141":1,"142":93},"f":{"0":55,"1":12,"2":4,"3":3,"4":56,"5":168,"6":93,"7":37,"8":93},"b":{"0":[50,5],"1":[55,35,20,5,5,5,5,5,5],"2":[2,3],"3":[1,1],"4":[2,0,2,2],"5":[2,1],"6":[3,1,1,1],"7":[1,1],"8":[71,22],"9":[14,57],"10":[57,0],"11":[2,20],"12":[1,1],"13":[1,0],"14":[2,18],"15":[1,1],"16":[1,0],"17":[2,16],"18":[1,1],"19":[1,0],"20":[2,14],"21":[1,1],"22":[1,0],"23":[2,12],"24":[1,1],"25":[1,0],"26":[10,2],"27":[3,7],"28":[7,0],"29":[2,0],"30":[1,1],"31":[1,0],"32":[15,22],"33":[14,1],"34":[1,0],"35":[2,20],"36":[1,1],"37":[1,0],"38":[2,18],"39":[1,1],"40":[1,0],"41":[2,16],"42":[1,1],"43":[1,0],"44":[2,14],"45":[1,1],"46":[1,0],"47":[2,12],"48":[1,1],"49":[1,0],"50":[10,2],"51":[3,7],"52":[7,0],"53":[2,0],"54":[1,1],"55":[1,0],"56":[71,22],"57":[14,57],"58":[57,0],"59":[2,20],"60":[1,1],"61":[1,0],"62":[2,18],"63":[1,1],"64":[1,0],"65":[2,16],"66":[1,1],"67":[1,0],"68":[2,14],"69":[1,1],"70":[1,0],"71":[2,12],"72":[1,1],"73":[1,0],"74":[10,2],"75":[3,7],"76":[7,0],"77":[2,0],"78":[1,1],"79":[1,0]},"_coverageSchema":"43e27e138ebf9cfc5966b082cf9a028302ed4184","hash":"2d8e360eecf2fa031d2ea0d6e07b1e75b04b7df4"}
,"/Users/admin/Documents/GitHub/react-sf-building-blocks/src/index.tsx": {"path":"/Users/admin/Documents/GitHub/react-sf-building-blocks/src/index.tsx","statementMap":{},"fnMap":{},"branchMap":{},"s":{},"f":{},"b":{},"_coverageSchema":"43e27e138ebf9cfc5966b082cf9a028302ed4184","hash":"076fd590ada6e8bc727268fd56d9fdd5992fda8e"}
}
