TN:
SF:/Users/admin/Documents/GitHub/react-sf-building-blocks/src/Constants.tsx
FNF:0
FNH:0
DA:1,1
LF:1
LH:1
BRF:0
BRH:0
end_of_record
TN:
SF:/Users/admin/Documents/GitHub/react-sf-building-blocks/src/Services.js
FN:1,getCountryCodes
FNF:1
FNH:1
FNDA:40,getCountryCodes
DA:3,40
DA:4,40
DA:9,1
LF:3
LH:3
BRF:0
BRH:0
end_of_record
TN:
SF:/Users/admin/Documents/GitHub/react-sf-building-blocks/src/SfButton.tsx
FN:18,(anonymous_0)
FN:26,resetColors
FN:36,invertColors
FN:46,(anonymous_3)
FN:51,(anonymous_4)
FN:56,(anonymous_5)
FN:59,(anonymous_6)
FN:64,(anonymous_7)
FN:92,(anonymous_8)
FN:93,(anonymous_9)
FN:94,(anonymous_10)
FN:95,(anonymous_11)
FN:96,(anonymous_12)
FNF:13
FNH:13
FNDA:356,(anonymous_0)
FNDA:120,resetColors
FNDA:2,invertColors
FNDA:4,(anonymous_3)
FNDA:2,(anonymous_4)
FNDA:118,(anonymous_5)
FNDA:118,(anonymous_6)
FNDA:118,(anonymous_7)
FNDA:1,(anonymous_8)
FNDA:1,(anonymous_9)
FNDA:1,(anonymous_10)
FNDA:1,(anonymous_11)
FNDA:28,(anonymous_12)
DA:18,1
DA:21,356
DA:22,356
DA:23,356
DA:24,356
DA:28,120
DA:29,120
DA:30,120
DA:31,120
DA:38,2
DA:39,2
DA:40,2
DA:41,2
DA:46,356
DA:48,4
DA:49,2
DA:51,2
DA:56,356
DA:57,118
DA:59,118
DA:60,118
DA:64,356
DA:65,118
DA:68,356
DA:92,1
DA:93,1
DA:94,1
DA:95,1
DA:96,28
LF:29
LH:29
BRDA:18,0,0,308
BRDA:18,1,0,356
BRDA:18,2,0,356
BRDA:18,3,0,94
BRDA:18,4,0,48
BRDA:28,5,0,120
BRDA:28,5,1,0
BRDA:38,6,0,2
BRDA:38,6,1,0
BRDA:39,7,0,0
BRDA:39,7,1,2
BRDA:39,8,0,0
BRDA:39,8,1,2
BRDA:40,9,0,0
BRDA:40,9,1,2
BRDA:40,10,0,0
BRDA:40,10,1,2
BRDA:41,11,0,0
BRDA:41,11,1,2
BRDA:48,12,0,2
BRDA:48,12,1,2
BRDA:73,13,0,12
BRDA:73,13,1,344
BRDA:76,14,0,0
BRDA:76,14,1,356
BRDA:86,15,0,2
BRDA:86,15,1,354
BRDA:98,16,0,356
BRDA:98,16,1,0
BRF:29
BRH:20
end_of_record
TN:
SF:/Users/admin/Documents/GitHub/react-sf-building-blocks/src/SfInput.tsx
FN:27,(anonymous_0)
FN:27,(anonymous_1)
FN:60,setShowDatePickerWrap
FN:62,(anonymous_3)
FN:68,setSelectedMMWrap
FN:81,setSelectedYYYYWrap
FN:92,setSelectedDDWrap
FN:110,setShowCountryCodesWrap
FN:112,(anonymous_8)
FN:116,setSelectedCountryCodeWrap
FN:122,getSelectedCountryCodeWrap
FN:126,setCountryCodesWrap
FN:132,getCountryCodesWrap
FN:137,resetColors
FN:149,resetType
FN:167,resetFocus
FN:178,populateCountryCodes
FN:197,setFocus
FN:202,onClickIsd
FN:213,onChangeCountryCodesSearchString
FN:219,onSubmitCountryCode
FN:231,(anonymous_21)
FN:286,(anonymous_22)
FN:294,(anonymous_23)
FN:302,(anonymous_24)
FN:310,(anonymous_25)
FN:316,(anonymous_26)
FN:333,(anonymous_27)
FN:357,(anonymous_28)
FN:360,(anonymous_29)
FN:365,(anonymous_30)
FN:379,(anonymous_31)
FN:405,(anonymous_32)
FN:411,(anonymous_33)
FN:432,(anonymous_34)
FN:442,(anonymous_35)
FN:462,(anonymous_36)
FN:479,(anonymous_37)
FN:498,(anonymous_38)
FN:519,(anonymous_39)
FN:540,(anonymous_40)
FN:583,(anonymous_41)
FN:632,(anonymous_42)
FN:645,(anonymous_43)
FN:649,(anonymous_44)
FN:673,(anonymous_45)
FN:676,(anonymous_46)
FN:703,(anonymous_47)
FN:707,(anonymous_48)
FN:746,(anonymous_49)
FNF:50
FNH:49
FNDA:199,(anonymous_0)
FNDA:4,(anonymous_1)
FNDA:6,setShowDatePickerWrap
FNDA:6,(anonymous_3)
FNDA:2,setSelectedMMWrap
FNDA:1,setSelectedYYYYWrap
FNDA:3,setSelectedDDWrap
FNDA:15,setShowCountryCodesWrap
FNDA:15,(anonymous_8)
FNDA:6,setSelectedCountryCodeWrap
FNDA:49,getSelectedCountryCodeWrap
FNDA:40,setCountryCodesWrap
FNDA:218,getCountryCodesWrap
FNDA:65,resetColors
FNDA:38,resetType
FNDA:38,resetFocus
FNDA:46,populateCountryCodes
FNDA:1,setFocus
FNDA:9,onClickIsd
FNDA:1,onChangeCountryCodesSearchString
FNDA:6,onSubmitCountryCode
FNDA:72,(anonymous_21)
FNDA:10,(anonymous_22)
FNDA:10,(anonymous_23)
FNDA:10,(anonymous_24)
FNDA:53,(anonymous_25)
FNDA:78,(anonymous_26)
FNDA:38,(anonymous_27)
FNDA:38,(anonymous_28)
FNDA:38,(anonymous_29)
FNDA:44,(anonymous_30)
FNDA:40,(anonymous_31)
FNDA:1,(anonymous_32)
FNDA:8,(anonymous_33)
FNDA:1,(anonymous_34)
FNDA:1,(anonymous_35)
FNDA:4106,(anonymous_36)
FNDA:5,(anonymous_37)
FNDA:1,(anonymous_38)
FNDA:1,(anonymous_39)
FNDA:1,(anonymous_40)
FNDA:0,(anonymous_41)
FNDA:3,(anonymous_42)
FNDA:378,(anonymous_43)
FNDA:1,(anonymous_44)
FNDA:72,(anonymous_45)
FNDA:1,(anonymous_46)
FNDA:155,(anonymous_47)
FNDA:1,(anonymous_48)
FNDA:17,(anonymous_49)
DA:27,1
DA:30,199
DA:31,199
DA:32,199
DA:33,199
DA:34,199
DA:35,199
DA:36,199
DA:37,199
DA:38,199
DA:40,199
DA:41,199
DA:42,199
DA:43,199
DA:45,199
DA:46,199
DA:47,199
DA:49,199
DA:50,199
DA:51,199
DA:52,199
DA:54,199
DA:55,199
DA:57,199
DA:61,6
DA:62,6
DA:63,6
DA:69,2
DA:70,2
DA:71,2
DA:72,2
DA:73,1
DA:75,1
DA:77,2
DA:82,1
DA:83,1
DA:84,1
DA:86,1
DA:87,1
DA:93,3
DA:94,3
DA:95,3
DA:96,1
DA:98,2
DA:100,3
DA:101,3
DA:105,199
DA:106,12537
DA:111,15
DA:112,15
DA:117,6
DA:118,6
DA:123,49
DA:127,40
DA:128,40
DA:133,218
DA:139,65
DA:140,61
DA:141,61
DA:143,4
DA:144,4
DA:150,38
DA:151,14
DA:153,38
DA:154,2
DA:156,38
DA:157,6
DA:159,38
DA:160,10
DA:162,38
DA:163,6
DA:168,38
DA:169,10
DA:171,6
DA:173,4
DA:180,46
DA:182,40
DA:183,40
DA:185,40
DA:187,9640
DA:188,9402
DA:193,40
DA:199,1
DA:204,9
DA:205,9
DA:206,2
DA:208,7
DA:214,1
DA:215,1
DA:221,6
DA:222,3
DA:223,3
DA:225,3
DA:226,3
DA:231,199
DA:233,72
DA:234,62
DA:235,8
DA:236,7
DA:237,7
DA:238,7
DA:240,1
DA:241,1
DA:245,62
DA:246,3
DA:247,2
DA:248,2
DA:249,2
DA:251,1
DA:252,1
DA:256,62
DA:257,6
DA:258,2
DA:259,2
DA:260,2
DA:262,4
DA:263,4
DA:267,62
DA:268,45
DA:269,3
DA:270,3
DA:271,3
DA:272,3
DA:274,42
DA:275,10
DA:277,32
DA:279,42
DA:286,199
DA:287,10
DA:288,10
DA:289,10
DA:290,10
DA:294,199
DA:295,10
DA:296,10
DA:297,10
DA:298,10
DA:302,199
DA:303,10
DA:304,10
DA:305,10
DA:306,10
DA:310,199
DA:311,53
DA:312,25
DA:316,199
DA:318,78
DA:319,78
DA:320,2
DA:321,98
DA:322,1
DA:323,1
DA:324,1
DA:333,199
DA:335,38
DA:336,38
DA:337,38
DA:339,38
DA:340,6
DA:343,38
DA:344,6
DA:345,4
DA:347,6
DA:348,4
DA:350,6
DA:351,4
DA:357,199
DA:358,38
DA:360,38
DA:361,38
DA:365,199
DA:367,44
DA:371,6
DA:372,6
DA:373,6
DA:379,199
DA:381,40
DA:387,199
DA:405,1
DA:411,8
DA:432,1
DA:442,1
DA:464,4106
DA:480,5
DA:498,1
DA:519,1
DA:540,1
DA:632,3
DA:647,378
DA:649,1
DA:674,72
DA:676,1
DA:705,155
DA:707,1
DA:746,17
LF:195
LH:195
BRDA:27,0,0,170
BRDA:27,1,0,199
BRDA:27,2,0,152
BRDA:27,3,0,199
BRDA:27,4,0,125
BRDA:27,5,0,182
BRDA:27,6,0,199
BRDA:27,7,0,164
BRDA:27,8,0,164
BRDA:27,9,0,164
BRDA:27,10,0,164
BRDA:27,11,0,164
BRDA:61,12,0,6
BRDA:61,12,1,0
BRDA:69,13,0,2
BRDA:69,13,1,0
BRDA:72,14,0,1
BRDA:72,14,1,1
BRDA:82,15,0,1
BRDA:82,15,1,0
BRDA:86,16,0,1
BRDA:86,16,1,0
BRDA:93,17,0,3
BRDA:93,17,1,0
BRDA:95,18,0,1
BRDA:95,18,1,2
BRDA:111,19,0,15
BRDA:111,19,1,0
BRDA:117,20,0,6
BRDA:117,20,1,0
BRDA:127,21,0,40
BRDA:127,21,1,0
BRDA:139,22,0,61
BRDA:139,22,1,4
BRDA:150,23,0,14
BRDA:150,23,1,24
BRDA:153,24,0,2
BRDA:153,24,1,36
BRDA:156,25,0,6
BRDA:156,25,1,32
BRDA:159,26,0,10
BRDA:159,26,1,28
BRDA:162,27,0,6
BRDA:162,27,1,32
BRDA:168,28,0,10
BRDA:168,28,1,28
BRDA:169,29,0,6
BRDA:169,29,1,4
BRDA:169,30,0,10
BRDA:169,30,1,5
BRDA:180,31,0,40
BRDA:180,31,1,6
BRDA:187,32,0,9402
BRDA:187,32,1,238
BRDA:204,33,0,9
BRDA:204,33,1,0
BRDA:205,34,0,2
BRDA:205,34,1,7
BRDA:214,35,0,1
BRDA:214,35,1,0
BRDA:221,36,0,3
BRDA:221,36,1,3
BRDA:221,37,0,6
BRDA:221,37,1,3
BRDA:233,38,0,62
BRDA:233,38,1,10
BRDA:234,39,0,8
BRDA:234,39,1,54
BRDA:235,40,0,7
BRDA:235,40,1,1
BRDA:238,41,0,3
BRDA:238,41,1,4
BRDA:245,42,0,3
BRDA:245,42,1,59
BRDA:246,43,0,2
BRDA:246,43,1,1
BRDA:249,44,0,1
BRDA:249,44,1,1
BRDA:256,45,0,6
BRDA:256,45,1,56
BRDA:257,46,0,2
BRDA:257,46,1,4
BRDA:257,47,0,6
BRDA:257,47,1,4
BRDA:260,48,0,1
BRDA:260,48,1,1
BRDA:267,49,0,45
BRDA:267,49,1,17
BRDA:268,50,0,3
BRDA:268,50,1,42
BRDA:271,51,0,3
BRDA:271,51,1,0
BRDA:274,52,0,10
BRDA:274,52,1,32
BRDA:274,53,0,42
BRDA:274,53,1,10
BRDA:274,53,2,10
BRDA:287,54,0,10
BRDA:287,54,1,0
BRDA:295,55,0,10
BRDA:295,55,1,0
BRDA:303,56,0,10
BRDA:303,56,1,0
BRDA:311,57,0,25
BRDA:311,57,1,28
BRDA:318,58,0,78
BRDA:318,58,1,0
BRDA:319,59,0,2
BRDA:319,59,1,76
BRDA:321,60,0,1
BRDA:321,60,1,97
BRDA:339,61,0,6
BRDA:339,61,1,32
BRDA:343,62,0,6
BRDA:343,62,1,32
BRDA:344,63,0,4
BRDA:344,63,1,2
BRDA:347,64,0,4
BRDA:347,64,1,2
BRDA:350,65,0,4
BRDA:350,65,1,2
BRDA:367,66,0,38
BRDA:367,66,1,6
BRDA:399,67,0,0
BRDA:399,67,1,199
BRDA:403,68,0,199
BRDA:403,68,1,29
BRDA:404,69,0,199
BRDA:404,69,1,29
BRDA:407,70,0,199
BRDA:407,70,1,50
BRDA:411,71,0,28
BRDA:411,71,1,22
BRDA:411,72,0,7
BRDA:411,72,1,21
BRDA:411,73,0,13
BRDA:411,73,1,9
BRDA:412,74,0,50
BRDA:412,74,1,20
BRDA:417,75,0,14
BRDA:417,75,1,6
BRDA:418,76,0,14
BRDA:418,76,1,6
BRDA:439,77,0,20
BRDA:439,77,1,0
BRDA:474,78,0,2660
BRDA:474,78,1,1446
BRDA:492,79,0,199
BRDA:492,79,1,139
BRDA:492,79,2,88
BRDA:498,80,0,1
BRDA:498,80,1,0
BRDA:516,81,0,28
BRDA:516,81,1,60
BRDA:519,82,0,1
BRDA:519,82,1,0
BRDA:537,83,0,28
BRDA:537,83,1,60
BRDA:540,84,0,1
BRDA:540,84,1,0
BRDA:557,85,0,28
BRDA:557,85,1,60
BRDA:559,86,0,88
BRDA:559,86,1,6
BRDA:564,87,0,6
BRDA:564,87,1,0
BRDA:565,88,0,6
BRDA:565,88,1,0
BRDA:594,89,0,6
BRDA:594,89,1,0
BRDA:595,90,0,6
BRDA:595,90,1,0
BRDA:596,91,0,6
BRDA:596,91,1,0
BRDA:607,92,0,6
BRDA:607,92,1,0
BRDA:608,93,0,6
BRDA:608,93,1,0
BRDA:609,94,0,6
BRDA:609,94,1,0
BRDA:611,95,0,1
BRDA:611,95,1,5
BRDA:620,96,0,6
BRDA:620,96,1,0
BRDA:621,97,0,6
BRDA:621,97,1,0
BRDA:622,98,0,6
BRDA:622,98,1,0
BRDA:624,99,0,2
BRDA:624,99,1,4
BRDA:659,100,0,378
BRDA:659,100,1,0
BRDA:659,101,0,0
BRDA:659,101,1,0
BRDA:660,102,0,0
BRDA:660,102,1,378
BRDA:660,103,0,0
BRDA:660,103,1,0
BRDA:660,104,0,6
BRDA:660,104,1,372
BRDA:688,105,0,72
BRDA:688,105,1,0
BRDA:688,106,0,0
BRDA:688,106,1,0
BRDA:689,107,0,0
BRDA:689,107,1,72
BRDA:689,108,0,0
BRDA:689,108,1,0
BRDA:689,109,0,5
BRDA:689,109,1,67
BRDA:719,110,0,155
BRDA:719,110,1,0
BRDA:719,111,0,0
BRDA:719,111,1,0
BRDA:720,112,0,0
BRDA:720,112,1,155
BRDA:720,113,0,0
BRDA:720,113,1,0
BRDA:720,114,0,4
BRDA:720,114,1,151
BRDA:731,115,0,199
BRDA:731,115,1,139
BRDA:731,115,2,111
BRDA:749,116,0,61
BRDA:749,116,1,50
BRF:225
BRH:176
end_of_record
TN:
SF:/Users/admin/Documents/GitHub/react-sf-building-blocks/src/SfNav.tsx
FN:106,getWindowDimensions
FN:114,(anonymous_1)
FN:124,(anonymous_2)
FN:163,(anonymous_3)
FN:178,(anonymous_4)
FN:202,(anonymous_5)
FN:217,(anonymous_6)
FN:230,(anonymous_7)
FN:245,(anonymous_8)
FN:275,(anonymous_9)
FN:306,(anonymous_10)
FN:306,(anonymous_11)
FN:306,(anonymous_12)
FN:306,(anonymous_13)
FN:306,(anonymous_14)
FN:306,(anonymous_15)
FN:316,toggleExpandProfile
FN:320,toggleLeftMenu
FN:324,toggleRightMenu
FN:328,clickMenu
FN:332,toggleDropdownExpandedWrap
FN:355,getDropdownExpandedWrap
FN:359,toggleProfileDropdownExpandedWrap
FN:382,getProfileDropdownExpandedWrap
FN:386,(anonymous_24)
FN:387,handleResize
FN:392,(anonymous_26)
FN:418,(anonymous_27)
FN:424,(anonymous_28)
FN:438,(anonymous_29)
FN:446,(anonymous_30)
FN:458,(anonymous_31)
FN:465,(anonymous_32)
FN:492,(anonymous_33)
FN:496,(anonymous_34)
FN:519,(anonymous_35)
FN:534,(anonymous_36)
FN:548,(anonymous_37)
FN:563,(anonymous_38)
FN:592,(anonymous_39)
FN:621,(anonymous_40)
FN:638,(anonymous_41)
FN:638,(anonymous_42)
FN:664,(anonymous_43)
FN:669,(anonymous_44)
FN:678,(anonymous_45)
FN:691,(anonymous_46)
FN:705,(anonymous_47)
FN:723,(anonymous_48)
FN:726,(anonymous_49)
FN:740,(anonymous_50)
FN:760,(anonymous_51)
FN:773,(anonymous_52)
FN:773,(anonymous_53)
FN:774,(anonymous_54)
FNF:55
FNH:51
FNDA:49,getWindowDimensions
FNDA:13,(anonymous_1)
FNDA:4,(anonymous_2)
FNDA:1,(anonymous_3)
FNDA:32,(anonymous_4)
FNDA:1,(anonymous_5)
FNDA:3,(anonymous_6)
FNDA:5,(anonymous_7)
FNDA:1,(anonymous_8)
FNDA:1,(anonymous_9)
FNDA:48,(anonymous_10)
FNDA:4,(anonymous_11)
FNDA:0,(anonymous_12)
FNDA:0,(anonymous_13)
FNDA:0,(anonymous_14)
FNDA:0,(anonymous_15)
FNDA:5,toggleExpandProfile
FNDA:5,toggleLeftMenu
FNDA:6,toggleRightMenu
FNDA:6,clickMenu
FNDA:14,toggleDropdownExpandedWrap
FNDA:206,getDropdownExpandedWrap
FNDA:7,toggleProfileDropdownExpandedWrap
FNDA:71,getProfileDropdownExpandedWrap
FNDA:11,(anonymous_24)
FNDA:1,handleResize
FNDA:11,(anonymous_26)
FNDA:1,(anonymous_27)
FNDA:4,(anonymous_28)
FNDA:1,(anonymous_29)
FNDA:1,(anonymous_30)
FNDA:4,(anonymous_31)
FNDA:1,(anonymous_32)
FNDA:1,(anonymous_33)
FNDA:32,(anonymous_34)
FNDA:1,(anonymous_35)
FNDA:3,(anonymous_36)
FNDA:8,(anonymous_37)
FNDA:1,(anonymous_38)
FNDA:1,(anonymous_39)
FNDA:1,(anonymous_40)
FNDA:2,(anonymous_41)
FNDA:1,(anonymous_42)
FNDA:1,(anonymous_43)
FNDA:1,(anonymous_44)
FNDA:1,(anonymous_45)
FNDA:50,(anonymous_46)
FNDA:5,(anonymous_47)
FNDA:1,(anonymous_48)
FNDA:15,(anonymous_49)
FNDA:1,(anonymous_50)
FNDA:1,(anonymous_51)
FNDA:2,(anonymous_52)
FNDA:1,(anonymous_53)
FNDA:1,(anonymous_54)
DA:107,49
DA:108,49
DA:114,1
DA:116,13
DA:124,4
DA:163,1
DA:180,32
DA:182,16
DA:202,1
DA:217,3
DA:232,5
DA:245,1
DA:257,16
DA:275,1
DA:306,1
DA:308,48
DA:309,48
DA:310,48
DA:311,48
DA:312,48
DA:313,48
DA:314,48
DA:317,5
DA:321,5
DA:325,6
DA:329,6
DA:333,14
DA:335,14
DA:336,3
DA:337,2
DA:339,3
DA:341,11
DA:342,4
DA:344,7
DA:345,10
DA:347,7
DA:349,11
DA:356,206
DA:360,7
DA:362,7
DA:363,3
DA:364,2
DA:366,3
DA:368,4
DA:369,1
DA:371,3
DA:372,4
DA:374,3
DA:376,4
DA:383,71
DA:386,48
DA:388,1
DA:391,11
DA:392,11
DA:395,48
DA:418,1
DA:424,4
DA:438,1
DA:446,1
DA:458,4
DA:465,1
DA:492,1
DA:498,32
DA:500,16
DA:519,1
DA:534,3
DA:550,8
DA:563,1
DA:575,16
DA:592,1
DA:621,1
DA:638,2
DA:664,1
DA:669,1
DA:678,1
DA:693,50
DA:694,50
DA:696,50
DA:698,26
DA:705,5
DA:723,1
DA:728,15
DA:740,1
DA:752,24
DA:754,24
DA:761,1
DA:773,2
DA:774,1
LF:88
LH:88
BRDA:130,0,0,13
BRDA:130,0,1,13
BRDA:140,1,0,13
BRDA:140,1,1,5
BRDA:141,2,0,13
BRDA:141,2,1,8
BRDA:145,3,0,13
BRDA:145,3,1,8
BRDA:166,4,0,8
BRDA:166,4,1,8
BRDA:180,5,0,16
BRDA:180,5,1,16
BRDA:189,6,0,16
BRDA:189,6,1,3
BRDA:191,7,0,3
BRDA:191,7,1,0
BRDA:191,8,0,0
BRDA:191,8,1,0
BRDA:192,9,0,3
BRDA:192,9,1,0
BRDA:192,10,0,0
BRDA:192,10,1,0
BRDA:193,11,0,3
BRDA:193,11,1,0
BRDA:193,12,0,0
BRDA:193,12,1,0
BRDA:194,13,0,3
BRDA:194,13,1,0
BRDA:194,14,0,0
BRDA:194,14,1,0
BRDA:200,15,0,3
BRDA:200,15,1,0
BRDA:200,16,0,0
BRDA:200,16,1,0
BRDA:202,17,0,0
BRDA:202,17,1,3
BRDA:204,18,0,16
BRDA:204,18,1,13
BRDA:206,19,0,13
BRDA:206,19,1,0
BRDA:206,20,0,0
BRDA:206,20,1,0
BRDA:207,21,0,13
BRDA:207,21,1,0
BRDA:207,22,0,0
BRDA:207,22,1,0
BRDA:208,23,0,13
BRDA:208,23,1,0
BRDA:208,24,0,0
BRDA:208,24,1,0
BRDA:209,25,0,13
BRDA:209,25,1,0
BRDA:209,26,0,0
BRDA:209,26,1,0
BRDA:214,27,0,13
BRDA:214,27,1,0
BRDA:214,28,0,0
BRDA:214,28,1,0
BRDA:217,29,0,13
BRDA:217,29,1,0
BRDA:219,30,0,16
BRDA:219,30,1,3
BRDA:234,31,0,3
BRDA:234,31,1,2
BRDA:235,32,0,3
BRDA:235,32,1,2
BRDA:236,33,0,3
BRDA:236,33,1,2
BRDA:237,34,0,3
BRDA:237,34,1,2
BRDA:243,35,0,0
BRDA:243,35,1,5
BRDA:264,36,0,16
BRDA:264,36,1,0
BRDA:264,37,0,0
BRDA:264,37,1,0
BRDA:265,38,0,16
BRDA:265,38,1,0
BRDA:265,39,0,0
BRDA:265,39,1,0
BRDA:266,40,0,16
BRDA:266,40,1,0
BRDA:266,41,0,0
BRDA:266,41,1,0
BRDA:267,42,0,16
BRDA:267,42,1,0
BRDA:267,43,0,0
BRDA:267,43,1,0
BRDA:273,44,0,16
BRDA:273,44,1,0
BRDA:273,45,0,0
BRDA:273,45,1,0
BRDA:284,46,0,8
BRDA:284,46,1,8
BRDA:306,47,0,48
BRDA:306,48,0,48
BRDA:306,49,0,15
BRDA:306,50,0,48
BRDA:306,51,0,15
BRDA:306,52,0,48
BRDA:306,53,0,15
BRDA:306,54,0,35
BRDA:306,55,0,35
BRDA:306,56,0,35
BRDA:306,57,0,35
BRDA:306,58,0,35
BRDA:306,59,0,15
BRDA:306,60,0,15
BRDA:306,61,0,46
BRDA:306,62,0,39
BRDA:306,63,0,35
BRDA:306,64,0,35
BRDA:306,65,0,35
BRDA:306,66,0,46
BRDA:306,67,0,48
BRDA:306,68,0,15
BRDA:306,69,0,15
BRDA:306,70,0,48
BRDA:306,71,0,48
BRDA:306,72,0,48
BRDA:306,73,0,48
BRDA:306,74,0,48
BRDA:306,75,0,48
BRDA:306,76,0,48
BRDA:306,77,0,48
BRDA:306,78,0,48
BRDA:306,79,0,48
BRDA:306,80,0,48
BRDA:306,81,0,48
BRDA:306,82,0,48
BRDA:306,83,0,48
BRDA:306,84,0,48
BRDA:306,85,0,48
BRDA:306,86,0,48
BRDA:306,87,0,48
BRDA:306,88,0,48
BRDA:306,89,0,48
BRDA:306,90,0,48
BRDA:306,91,0,48
BRDA:306,92,0,48
BRDA:306,93,0,48
BRDA:306,94,0,48
BRDA:306,95,0,48
BRDA:306,96,0,48
BRDA:306,97,0,48
BRDA:306,98,0,48
BRDA:306,99,0,48
BRDA:306,100,0,48
BRDA:306,101,0,48
BRDA:306,102,0,48
BRDA:306,103,0,48
BRDA:306,104,0,48
BRDA:306,105,0,48
BRDA:306,106,0,48
BRDA:335,107,0,3
BRDA:335,107,1,11
BRDA:341,108,0,4
BRDA:341,108,1,7
BRDA:362,109,0,3
BRDA:362,109,1,4
BRDA:368,110,0,1
BRDA:368,110,1,3
BRDA:397,111,0,0
BRDA:397,111,1,48
BRDA:397,112,0,0
BRDA:397,112,1,48
BRDA:399,113,0,48
BRDA:399,113,1,35
BRDA:418,114,0,35
BRDA:418,114,1,1
BRDA:422,115,0,1
BRDA:422,115,1,0
BRDA:424,116,0,35
BRDA:424,116,1,34
BRDA:427,117,0,34
BRDA:427,117,1,0
BRDA:435,118,0,35
BRDA:435,118,1,35
BRDA:435,118,2,22
BRDA:445,119,0,35
BRDA:445,119,1,35
BRDA:465,120,0,35
BRDA:465,120,1,35
BRDA:465,121,0,0
BRDA:465,121,1,35
BRDA:465,122,0,0
BRDA:465,122,1,35
BRDA:467,123,0,35
BRDA:467,123,1,35
BRDA:467,124,0,35
BRDA:467,124,1,0
BRDA:469,125,0,35
BRDA:469,125,1,12
BRDA:474,126,0,35
BRDA:474,126,1,8
BRDA:498,127,0,16
BRDA:498,127,1,16
BRDA:506,128,0,16
BRDA:506,128,1,3
BRDA:508,129,0,0
BRDA:508,129,1,3
BRDA:509,130,0,0
BRDA:509,130,1,3
BRDA:510,131,0,1
BRDA:510,131,1,2
BRDA:511,132,0,1
BRDA:511,132,1,2
BRDA:516,133,0,1
BRDA:516,133,1,2
BRDA:519,134,0,0
BRDA:519,134,1,3
BRDA:521,135,0,16
BRDA:521,135,1,13
BRDA:523,136,0,0
BRDA:523,136,1,13
BRDA:524,137,0,0
BRDA:524,137,1,13
BRDA:525,138,0,7
BRDA:525,138,1,6
BRDA:526,139,0,7
BRDA:526,139,1,6
BRDA:531,140,0,7
BRDA:531,140,1,6
BRDA:534,141,0,13
BRDA:534,141,1,0
BRDA:536,142,0,16
BRDA:536,142,1,3
BRDA:553,143,0,3
BRDA:553,143,1,5
BRDA:554,144,0,3
BRDA:554,144,1,5
BRDA:555,145,0,3
BRDA:555,145,1,5
BRDA:556,146,0,3
BRDA:556,146,1,5
BRDA:561,147,0,0
BRDA:561,147,1,8
BRDA:582,148,0,8
BRDA:582,148,1,8
BRDA:583,149,0,8
BRDA:583,149,1,8
BRDA:584,150,0,0
BRDA:584,150,1,16
BRDA:585,151,0,0
BRDA:585,151,1,16
BRDA:602,152,0,35
BRDA:602,152,1,4
BRDA:638,153,0,4
BRDA:638,153,1,4
BRDA:638,154,0,0
BRDA:638,154,1,4
BRDA:638,155,0,0
BRDA:638,155,1,4
BRDA:638,156,0,4
BRDA:638,156,1,0
BRDA:648,157,0,48
BRDA:648,157,1,13
BRDA:664,158,0,13
BRDA:664,158,1,1
BRDA:664,159,0,1
BRDA:664,159,1,0
BRDA:666,160,0,13
BRDA:666,160,1,13
BRDA:666,160,2,11
BRDA:676,161,0,13
BRDA:676,161,1,13
BRDA:696,162,0,26
BRDA:696,162,1,24
BRDA:705,163,0,26
BRDA:705,163,1,21
BRDA:705,164,0,26
BRDA:705,164,1,5
BRDA:706,165,0,26
BRDA:706,165,1,5
BRDA:730,166,0,5
BRDA:730,166,1,10
BRDA:731,167,0,5
BRDA:731,167,1,10
BRDA:732,168,0,5
BRDA:732,168,1,10
BRDA:733,169,0,5
BRDA:733,169,1,10
BRDA:773,170,0,13
BRDA:773,170,1,13
BRDA:773,171,0,0
BRDA:773,171,1,13
BRDA:773,172,0,0
BRDA:773,172,1,13
BRDA:773,173,0,11
BRDA:773,173,1,2
BRDA:774,174,0,13
BRDA:774,174,1,13
BRDA:774,175,0,0
BRDA:774,175,1,13
BRDA:774,176,0,0
BRDA:774,176,1,13
BRDA:775,177,0,13
BRDA:775,177,1,1
BRF:298
BRH:226
end_of_record
TN:
SF:/Users/admin/Documents/GitHub/react-sf-building-blocks/src/Util.tsx
FN:3,(anonymous_0)
FN:12,(anonymous_1)
FN:22,(anonymous_2)
FN:59,(anonymous_3)
FN:67,(anonymous_4)
FN:75,(anonymous_5)
FN:83,(anonymous_6)
FN:84,(anonymous_7)
FN:87,(anonymous_8)
FN:145,(anonymous_9)
FN:211,(anonymous_10)
FNF:11
FNH:11
FNDA:77,(anonymous_0)
FNDA:6,(anonymous_1)
FNDA:45,(anonymous_2)
FNDA:12,(anonymous_3)
FNDA:8,(anonymous_4)
FNDA:3,(anonymous_5)
FNDA:65,(anonymous_6)
FNDA:195,(anonymous_7)
FNDA:256,(anonymous_8)
FNDA:122,(anonymous_9)
FNDA:191,(anonymous_10)
DA:1,1
DA:4,77
DA:5,77
DA:7,77
DA:13,6
DA:14,6
DA:15,6
DA:16,155
DA:17,155
DA:19,6
DA:24,45
DA:35,40
DA:39,5
DA:40,2
DA:42,1
DA:44,1
DA:46,3
DA:47,2
DA:48,1
DA:50,1
DA:54,1
DA:61,12
DA:69,8
DA:77,3
DA:84,195
DA:89,256
DA:91,256
DA:92,234
DA:93,114
DA:94,120
DA:95,120
DA:97,22
DA:98,2
DA:99,1
DA:100,1
DA:101,1
DA:103,20
DA:104,2
DA:105,1
DA:106,1
DA:107,1
DA:109,18
DA:110,2
DA:111,1
DA:112,1
DA:113,1
DA:115,16
DA:116,2
DA:117,1
DA:118,1
DA:119,1
DA:121,14
DA:122,2
DA:123,1
DA:124,1
DA:125,1
DA:127,12
DA:128,10
DA:129,3
DA:130,7
DA:131,7
DA:133,2
DA:134,2
DA:135,1
DA:136,1
DA:137,1
DA:141,256
DA:147,122
DA:149,122
DA:150,100
DA:151,93
DA:152,7
DA:154,7
DA:156,22
DA:157,2
DA:158,1
DA:159,1
DA:161,1
DA:163,20
DA:164,2
DA:165,1
DA:166,1
DA:168,1
DA:170,18
DA:171,2
DA:172,1
DA:173,1
DA:175,1
DA:177,16
DA:178,2
DA:179,1
DA:180,1
DA:182,1
DA:184,14
DA:185,2
DA:186,1
DA:187,1
DA:189,1
DA:191,12
DA:192,10
DA:193,3
DA:194,7
DA:196,7
DA:198,2
DA:199,2
DA:200,1
DA:201,1
DA:203,1
DA:207,122
DA:213,191
DA:215,191
DA:216,169
DA:217,93
DA:218,76
DA:219,76
DA:221,22
DA:222,2
DA:223,1
DA:224,1
DA:225,1
DA:227,20
DA:228,2
DA:229,1
DA:230,1
DA:231,1
DA:233,18
DA:234,2
DA:235,1
DA:236,1
DA:237,1
DA:239,16
DA:240,2
DA:241,1
DA:242,1
DA:243,1
DA:245,14
DA:246,2
DA:247,1
DA:248,1
DA:249,1
DA:251,12
DA:252,10
DA:253,3
DA:254,7
DA:255,7
DA:257,2
DA:258,2
DA:259,1
DA:260,1
DA:261,1
DA:265,191
LF:151
LH:151
BRDA:24,0,0,40
BRDA:24,0,1,5
BRDA:24,1,0,45
BRDA:24,1,1,35
BRDA:24,1,2,20
BRDA:24,1,3,5
BRDA:24,1,4,5
BRDA:24,1,5,5
BRDA:24,1,6,5
BRDA:24,1,7,5
BRDA:24,1,8,5
BRDA:39,2,0,2
BRDA:39,2,1,3
BRDA:40,3,0,1
BRDA:40,3,1,1
BRDA:40,4,0,2
BRDA:40,4,1,0
BRDA:40,4,2,2
BRDA:40,4,3,2
BRDA:46,5,0,2
BRDA:46,5,1,1
BRDA:46,6,0,3
BRDA:46,6,1,1
BRDA:46,6,2,1
BRDA:46,6,3,1
BRDA:47,7,0,1
BRDA:47,7,1,1
BRDA:91,8,0,234
BRDA:91,8,1,22
BRDA:92,9,0,114
BRDA:92,9,1,120
BRDA:94,10,0,120
BRDA:94,10,1,0
BRDA:97,11,0,2
BRDA:97,11,1,20
BRDA:98,12,0,1
BRDA:98,12,1,1
BRDA:100,13,0,1
BRDA:100,13,1,0
BRDA:103,14,0,2
BRDA:103,14,1,18
BRDA:104,15,0,1
BRDA:104,15,1,1
BRDA:106,16,0,1
BRDA:106,16,1,0
BRDA:109,17,0,2
BRDA:109,17,1,16
BRDA:110,18,0,1
BRDA:110,18,1,1
BRDA:112,19,0,1
BRDA:112,19,1,0
BRDA:115,20,0,2
BRDA:115,20,1,14
BRDA:116,21,0,1
BRDA:116,21,1,1
BRDA:118,22,0,1
BRDA:118,22,1,0
BRDA:121,23,0,2
BRDA:121,23,1,12
BRDA:122,24,0,1
BRDA:122,24,1,1
BRDA:124,25,0,1
BRDA:124,25,1,0
BRDA:127,26,0,10
BRDA:127,26,1,2
BRDA:128,27,0,3
BRDA:128,27,1,7
BRDA:130,28,0,7
BRDA:130,28,1,0
BRDA:133,29,0,2
BRDA:133,29,1,0
BRDA:134,30,0,1
BRDA:134,30,1,1
BRDA:136,31,0,1
BRDA:136,31,1,0
BRDA:149,32,0,100
BRDA:149,32,1,22
BRDA:150,33,0,93
BRDA:150,33,1,7
BRDA:152,34,0,7
BRDA:152,34,1,0
BRDA:156,35,0,2
BRDA:156,35,1,20
BRDA:157,36,0,1
BRDA:157,36,1,1
BRDA:159,37,0,1
BRDA:159,37,1,0
BRDA:163,38,0,2
BRDA:163,38,1,18
BRDA:164,39,0,1
BRDA:164,39,1,1
BRDA:166,40,0,1
BRDA:166,40,1,0
BRDA:170,41,0,2
BRDA:170,41,1,16
BRDA:171,42,0,1
BRDA:171,42,1,1
BRDA:173,43,0,1
BRDA:173,43,1,0
BRDA:177,44,0,2
BRDA:177,44,1,14
BRDA:178,45,0,1
BRDA:178,45,1,1
BRDA:180,46,0,1
BRDA:180,46,1,0
BRDA:184,47,0,2
BRDA:184,47,1,12
BRDA:185,48,0,1
BRDA:185,48,1,1
BRDA:187,49,0,1
BRDA:187,49,1,0
BRDA:191,50,0,10
BRDA:191,50,1,2
BRDA:192,51,0,3
BRDA:192,51,1,7
BRDA:194,52,0,7
BRDA:194,52,1,0
BRDA:198,53,0,2
BRDA:198,53,1,0
BRDA:199,54,0,1
BRDA:199,54,1,1
BRDA:201,55,0,1
BRDA:201,55,1,0
BRDA:215,56,0,169
BRDA:215,56,1,22
BRDA:216,57,0,93
BRDA:216,57,1,76
BRDA:218,58,0,76
BRDA:218,58,1,0
BRDA:221,59,0,2
BRDA:221,59,1,20
BRDA:222,60,0,1
BRDA:222,60,1,1
BRDA:224,61,0,1
BRDA:224,61,1,0
BRDA:227,62,0,2
BRDA:227,62,1,18
BRDA:228,63,0,1
BRDA:228,63,1,1
BRDA:230,64,0,1
BRDA:230,64,1,0
BRDA:233,65,0,2
BRDA:233,65,1,16
BRDA:234,66,0,1
BRDA:234,66,1,1
BRDA:236,67,0,1
BRDA:236,67,1,0
BRDA:239,68,0,2
BRDA:239,68,1,14
BRDA:240,69,0,1
BRDA:240,69,1,1
BRDA:242,70,0,1
BRDA:242,70,1,0
BRDA:245,71,0,2
BRDA:245,71,1,12
BRDA:246,72,0,1
BRDA:246,72,1,1
BRDA:248,73,0,1
BRDA:248,73,1,0
BRDA:251,74,0,10
BRDA:251,74,1,2
BRDA:252,75,0,3
BRDA:252,75,1,7
BRDA:254,76,0,7
BRDA:254,76,1,0
BRDA:257,77,0,2
BRDA:257,77,1,0
BRDA:258,78,0,1
BRDA:258,78,1,1
BRDA:260,79,0,1
BRDA:260,79,1,0
BRF:171
BRH:143
end_of_record
TN:
SF:/Users/admin/Documents/GitHub/react-sf-building-blocks/src/index.tsx
FNF:0
FNH:0
LF:0
LH:0
BRF:0
BRH:0
end_of_record
