TN:
SF:/Users/admin/Documents/GitHub/react-sf-building-blocks/src/Constants.tsx
FNF:0
FNH:0
DA:1,1
LF:1
LH:1
BRF:0
BRH:0
end_of_record
TN:
SF:/Users/admin/Documents/GitHub/react-sf-building-blocks/src/Services.js
FN:1,getCountryCodes
FNF:1
FNH:1
FNDA:38,getCountryCodes
DA:3,38
DA:4,38
DA:9,1
LF:3
LH:3
BRF:0
BRH:0
end_of_record
TN:
SF:/Users/admin/Documents/GitHub/react-sf-building-blocks/src/SfButton.tsx
FN:18,(anonymous_0)
FN:26,resetColors
FN:36,invertColors
FN:46,(anonymous_3)
FN:51,(anonymous_4)
FN:56,(anonymous_5)
FN:59,(anonymous_6)
FN:64,(anonymous_7)
FN:89,(anonymous_8)
FN:90,(anonymous_9)
FN:91,(anonymous_10)
FN:92,(anonymous_11)
FN:93,(anonymous_12)
FNF:13
FNH:13
FNDA:318,(anonymous_0)
FNDA:115,resetColors
FNDA:2,invertColors
FNDA:4,(anonymous_3)
FNDA:2,(anonymous_4)
FNDA:113,(anonymous_5)
FNDA:113,(anonymous_6)
FNDA:113,(anonymous_7)
FNDA:1,(anonymous_8)
FNDA:1,(anonymous_9)
FNDA:1,(anonymous_10)
FNDA:1,(anonymous_11)
FNDA:28,(anonymous_12)
DA:18,1
DA:21,318
DA:22,318
DA:23,318
DA:24,318
DA:28,115
DA:29,115
DA:30,115
DA:31,115
DA:38,2
DA:39,2
DA:40,2
DA:41,2
DA:46,318
DA:48,4
DA:49,2
DA:51,2
DA:56,318
DA:57,113
DA:59,113
DA:60,113
DA:64,318
DA:65,113
DA:68,318
DA:89,1
DA:90,1
DA:91,1
DA:92,1
DA:93,28
LF:29
LH:29
BRDA:18,0,0,270
BRDA:18,1,0,318
BRDA:18,2,0,318
BRDA:18,3,0,94
BRDA:18,4,0,48
BRDA:28,5,0,115
BRDA:28,5,1,0
BRDA:38,6,0,2
BRDA:38,6,1,0
BRDA:39,7,0,0
BRDA:39,7,1,2
BRDA:40,8,0,0
BRDA:40,8,1,2
BRDA:41,9,0,0
BRDA:41,9,1,2
BRDA:48,10,0,2
BRDA:48,10,1,2
BRDA:84,11,0,2
BRDA:84,11,1,316
BRDA:95,12,0,318
BRDA:95,12,1,0
BRF:21
BRH:15
end_of_record
TN:
SF:/Users/admin/Documents/GitHub/react-sf-building-blocks/src/SfInput.tsx
FN:27,(anonymous_0)
FN:27,(anonymous_1)
FN:60,setShowDatePickerWrap
FN:62,(anonymous_3)
FN:68,setSelectedMMWrap
FN:81,setSelectedYYYYWrap
FN:92,setSelectedDDWrap
FN:110,setShowCountryCodesWrap
FN:112,(anonymous_8)
FN:116,setSelectedCountryCodeWrap
FN:122,getSelectedCountryCodeWrap
FN:126,setCountryCodesWrap
FN:132,getCountryCodesWrap
FN:137,resetColors
FN:149,resetType
FN:167,resetFocus
FN:178,populateCountryCodes
FN:197,setFocus
FN:202,onClickIsd
FN:213,onChangeCountryCodesSearchString
FN:219,onSubmitCountryCode
FN:231,(anonymous_21)
FN:286,(anonymous_22)
FN:294,(anonymous_23)
FN:302,(anonymous_24)
FN:310,(anonymous_25)
FN:316,(anonymous_26)
FN:333,(anonymous_27)
FN:357,(anonymous_28)
FN:360,(anonymous_29)
FN:365,(anonymous_30)
FN:379,(anonymous_31)
FN:405,(anonymous_32)
FN:411,(anonymous_33)
FN:432,(anonymous_34)
FN:442,(anonymous_35)
FN:462,(anonymous_36)
FN:479,(anonymous_37)
FN:498,(anonymous_38)
FN:519,(anonymous_39)
FN:540,(anonymous_40)
FN:583,(anonymous_41)
FN:632,(anonymous_42)
FN:645,(anonymous_43)
FN:649,(anonymous_44)
FN:673,(anonymous_45)
FN:676,(anonymous_46)
FN:703,(anonymous_47)
FN:707,(anonymous_48)
FN:746,(anonymous_49)
FNF:50
FNH:49
FNDA:192,(anonymous_0)
FNDA:4,(anonymous_1)
FNDA:6,setShowDatePickerWrap
FNDA:6,(anonymous_3)
FNDA:2,setSelectedMMWrap
FNDA:1,setSelectedYYYYWrap
FNDA:3,setSelectedDDWrap
FNDA:15,setShowCountryCodesWrap
FNDA:15,(anonymous_8)
FNDA:6,setSelectedCountryCodeWrap
FNDA:49,getSelectedCountryCodeWrap
FNDA:38,setCountryCodesWrap
FNDA:218,getCountryCodesWrap
FNDA:63,resetColors
FNDA:36,resetType
FNDA:36,resetFocus
FNDA:44,populateCountryCodes
FNDA:1,setFocus
FNDA:9,onClickIsd
FNDA:1,onChangeCountryCodesSearchString
FNDA:6,onSubmitCountryCode
FNDA:72,(anonymous_21)
FNDA:10,(anonymous_22)
FNDA:10,(anonymous_23)
FNDA:10,(anonymous_24)
FNDA:51,(anonymous_25)
FNDA:73,(anonymous_26)
FNDA:36,(anonymous_27)
FNDA:36,(anonymous_28)
FNDA:36,(anonymous_29)
FNDA:42,(anonymous_30)
FNDA:38,(anonymous_31)
FNDA:1,(anonymous_32)
FNDA:8,(anonymous_33)
FNDA:1,(anonymous_34)
FNDA:1,(anonymous_35)
FNDA:4106,(anonymous_36)
FNDA:5,(anonymous_37)
FNDA:1,(anonymous_38)
FNDA:1,(anonymous_39)
FNDA:1,(anonymous_40)
FNDA:0,(anonymous_41)
FNDA:3,(anonymous_42)
FNDA:378,(anonymous_43)
FNDA:1,(anonymous_44)
FNDA:72,(anonymous_45)
FNDA:1,(anonymous_46)
FNDA:155,(anonymous_47)
FNDA:1,(anonymous_48)
FNDA:17,(anonymous_49)
DA:27,1
DA:30,192
DA:31,192
DA:32,192
DA:33,192
DA:34,192
DA:35,192
DA:36,192
DA:37,192
DA:38,192
DA:40,192
DA:41,192
DA:42,192
DA:43,192
DA:45,192
DA:46,192
DA:47,192
DA:49,192
DA:50,192
DA:51,192
DA:52,192
DA:54,192
DA:55,192
DA:57,192
DA:61,6
DA:62,6
DA:63,6
DA:69,2
DA:70,2
DA:71,2
DA:72,2
DA:73,1
DA:75,1
DA:77,2
DA:82,1
DA:83,1
DA:84,1
DA:86,1
DA:87,1
DA:93,3
DA:94,3
DA:95,3
DA:96,1
DA:98,2
DA:100,3
DA:101,3
DA:105,192
DA:106,12096
DA:111,15
DA:112,15
DA:117,6
DA:118,6
DA:123,49
DA:127,38
DA:128,37
DA:133,218
DA:139,63
DA:140,59
DA:141,59
DA:143,4
DA:144,4
DA:150,36
DA:151,12
DA:153,36
DA:154,2
DA:156,36
DA:157,6
DA:159,36
DA:160,10
DA:162,36
DA:163,6
DA:168,36
DA:169,10
DA:171,6
DA:173,4
DA:180,44
DA:182,38
DA:183,38
DA:185,38
DA:187,9158
DA:188,8920
DA:193,38
DA:199,1
DA:204,9
DA:205,9
DA:206,2
DA:208,7
DA:214,1
DA:215,1
DA:221,6
DA:222,3
DA:223,3
DA:225,3
DA:226,3
DA:231,192
DA:233,72
DA:234,62
DA:235,8
DA:236,7
DA:237,7
DA:238,7
DA:240,1
DA:241,1
DA:245,62
DA:246,3
DA:247,2
DA:248,2
DA:249,2
DA:251,1
DA:252,1
DA:256,62
DA:257,6
DA:258,2
DA:259,2
DA:260,2
DA:262,4
DA:263,4
DA:267,62
DA:268,45
DA:269,3
DA:270,3
DA:271,3
DA:272,3
DA:274,42
DA:275,10
DA:277,32
DA:279,42
DA:286,192
DA:287,10
DA:288,10
DA:289,10
DA:290,10
DA:294,192
DA:295,10
DA:296,10
DA:297,10
DA:298,10
DA:302,192
DA:303,10
DA:304,10
DA:305,10
DA:306,10
DA:310,192
DA:311,51
DA:312,25
DA:316,192
DA:318,73
DA:319,73
DA:320,2
DA:321,98
DA:322,1
DA:323,1
DA:324,1
DA:333,192
DA:335,36
DA:336,36
DA:337,36
DA:339,36
DA:340,6
DA:343,36
DA:344,6
DA:345,4
DA:347,6
DA:348,4
DA:350,6
DA:351,4
DA:357,192
DA:358,36
DA:360,36
DA:361,36
DA:365,192
DA:367,42
DA:371,6
DA:372,6
DA:373,6
DA:379,192
DA:381,38
DA:387,192
DA:405,1
DA:411,8
DA:432,1
DA:442,1
DA:464,4106
DA:480,5
DA:498,1
DA:519,1
DA:540,1
DA:632,3
DA:647,378
DA:649,1
DA:674,72
DA:676,1
DA:705,155
DA:707,1
DA:746,17
LF:195
LH:195
BRDA:27,0,0,163
BRDA:27,1,0,192
BRDA:27,2,0,152
BRDA:27,3,0,192
BRDA:27,4,0,118
BRDA:27,5,0,175
BRDA:27,6,0,192
BRDA:27,7,0,164
BRDA:27,8,0,164
BRDA:27,9,0,164
BRDA:27,10,0,164
BRDA:27,11,0,164
BRDA:61,12,0,6
BRDA:61,12,1,0
BRDA:69,13,0,2
BRDA:69,13,1,0
BRDA:72,14,0,1
BRDA:72,14,1,1
BRDA:82,15,0,1
BRDA:82,15,1,0
BRDA:86,16,0,1
BRDA:86,16,1,0
BRDA:93,17,0,3
BRDA:93,17,1,0
BRDA:95,18,0,1
BRDA:95,18,1,2
BRDA:111,19,0,15
BRDA:111,19,1,0
BRDA:117,20,0,6
BRDA:117,20,1,0
BRDA:127,21,0,37
BRDA:127,21,1,1
BRDA:139,22,0,59
BRDA:139,22,1,4
BRDA:150,23,0,12
BRDA:150,23,1,24
BRDA:153,24,0,2
BRDA:153,24,1,34
BRDA:156,25,0,6
BRDA:156,25,1,30
BRDA:159,26,0,10
BRDA:159,26,1,26
BRDA:162,27,0,6
BRDA:162,27,1,30
BRDA:168,28,0,10
BRDA:168,28,1,26
BRDA:169,29,0,6
BRDA:169,29,1,4
BRDA:169,30,0,10
BRDA:169,30,1,5
BRDA:180,31,0,38
BRDA:180,31,1,6
BRDA:187,32,0,8920
BRDA:187,32,1,238
BRDA:204,33,0,9
BRDA:204,33,1,0
BRDA:205,34,0,2
BRDA:205,34,1,7
BRDA:214,35,0,1
BRDA:214,35,1,0
BRDA:221,36,0,3
BRDA:221,36,1,3
BRDA:221,37,0,6
BRDA:221,37,1,3
BRDA:233,38,0,62
BRDA:233,38,1,10
BRDA:234,39,0,8
BRDA:234,39,1,54
BRDA:235,40,0,7
BRDA:235,40,1,1
BRDA:238,41,0,3
BRDA:238,41,1,4
BRDA:245,42,0,3
BRDA:245,42,1,59
BRDA:246,43,0,2
BRDA:246,43,1,1
BRDA:249,44,0,1
BRDA:249,44,1,1
BRDA:256,45,0,6
BRDA:256,45,1,56
BRDA:257,46,0,2
BRDA:257,46,1,4
BRDA:257,47,0,6
BRDA:257,47,1,4
BRDA:260,48,0,1
BRDA:260,48,1,1
BRDA:267,49,0,45
BRDA:267,49,1,17
BRDA:268,50,0,3
BRDA:268,50,1,42
BRDA:271,51,0,3
BRDA:271,51,1,0
BRDA:274,52,0,10
BRDA:274,52,1,32
BRDA:274,53,0,42
BRDA:274,53,1,10
BRDA:274,53,2,10
BRDA:287,54,0,10
BRDA:287,54,1,0
BRDA:295,55,0,10
BRDA:295,55,1,0
BRDA:303,56,0,10
BRDA:303,56,1,0
BRDA:311,57,0,25
BRDA:311,57,1,26
BRDA:318,58,0,73
BRDA:318,58,1,0
BRDA:319,59,0,2
BRDA:319,59,1,71
BRDA:321,60,0,1
BRDA:321,60,1,97
BRDA:339,61,0,6
BRDA:339,61,1,30
BRDA:343,62,0,6
BRDA:343,62,1,30
BRDA:344,63,0,4
BRDA:344,63,1,2
BRDA:347,64,0,4
BRDA:347,64,1,2
BRDA:350,65,0,4
BRDA:350,65,1,2
BRDA:367,66,0,36
BRDA:367,66,1,6
BRDA:399,67,0,0
BRDA:399,67,1,192
BRDA:403,68,0,192
BRDA:403,68,1,25
BRDA:404,69,0,192
BRDA:404,69,1,25
BRDA:407,70,0,192
BRDA:407,70,1,50
BRDA:411,71,0,28
BRDA:411,71,1,22
BRDA:411,72,0,7
BRDA:411,72,1,21
BRDA:411,73,0,13
BRDA:411,73,1,9
BRDA:412,74,0,50
BRDA:412,74,1,20
BRDA:417,75,0,14
BRDA:417,75,1,6
BRDA:418,76,0,14
BRDA:418,76,1,6
BRDA:439,77,0,20
BRDA:439,77,1,0
BRDA:474,78,0,2660
BRDA:474,78,1,1446
BRDA:492,79,0,192
BRDA:492,79,1,132
BRDA:492,79,2,88
BRDA:498,80,0,1
BRDA:498,80,1,0
BRDA:516,81,0,28
BRDA:516,81,1,60
BRDA:519,82,0,1
BRDA:519,82,1,0
BRDA:537,83,0,28
BRDA:537,83,1,60
BRDA:540,84,0,1
BRDA:540,84,1,0
BRDA:557,85,0,28
BRDA:557,85,1,60
BRDA:559,86,0,88
BRDA:559,86,1,6
BRDA:564,87,0,6
BRDA:564,87,1,0
BRDA:565,88,0,6
BRDA:565,88,1,0
BRDA:594,89,0,6
BRDA:594,89,1,0
BRDA:595,90,0,6
BRDA:595,90,1,0
BRDA:596,91,0,6
BRDA:596,91,1,0
BRDA:607,92,0,6
BRDA:607,92,1,0
BRDA:608,93,0,6
BRDA:608,93,1,0
BRDA:609,94,0,6
BRDA:609,94,1,0
BRDA:611,95,0,1
BRDA:611,95,1,5
BRDA:620,96,0,6
BRDA:620,96,1,0
BRDA:621,97,0,6
BRDA:621,97,1,0
BRDA:622,98,0,6
BRDA:622,98,1,0
BRDA:624,99,0,2
BRDA:624,99,1,4
BRDA:659,100,0,378
BRDA:659,100,1,0
BRDA:659,101,0,0
BRDA:659,101,1,0
BRDA:660,102,0,0
BRDA:660,102,1,378
BRDA:660,103,0,0
BRDA:660,103,1,0
BRDA:660,104,0,6
BRDA:660,104,1,372
BRDA:688,105,0,72
BRDA:688,105,1,0
BRDA:688,106,0,0
BRDA:688,106,1,0
BRDA:689,107,0,0
BRDA:689,107,1,72
BRDA:689,108,0,0
BRDA:689,108,1,0
BRDA:689,109,0,5
BRDA:689,109,1,67
BRDA:719,110,0,155
BRDA:719,110,1,0
BRDA:719,111,0,0
BRDA:719,111,1,0
BRDA:720,112,0,0
BRDA:720,112,1,155
BRDA:720,113,0,0
BRDA:720,113,1,0
BRDA:720,114,0,4
BRDA:720,114,1,151
BRDA:731,115,0,192
BRDA:731,115,1,132
BRDA:731,115,2,104
BRDA:749,116,0,54
BRDA:749,116,1,50
BRF:225
BRH:177
end_of_record
TN:
SF:/Users/admin/Documents/GitHub/react-sf-building-blocks/src/SfNav.tsx
FN:101,(anonymous_0)
FN:111,(anonymous_1)
FN:150,(anonymous_2)
FN:165,(anonymous_3)
FN:188,(anonymous_4)
FN:203,(anonymous_5)
FN:216,(anonymous_6)
FN:231,(anonymous_7)
FN:261,(anonymous_8)
FN:292,(anonymous_9)
FN:292,(anonymous_10)
FN:292,(anonymous_11)
FN:292,(anonymous_12)
FN:292,(anonymous_13)
FN:301,toggleExpandProfile
FN:305,toggleLeftMenu
FN:309,toggleRightMenu
FN:313,clickMenu
FN:317,toggleDropdownExpandedWrap
FN:340,getDropdownExpandedWrap
FN:344,toggleProfileDropdownExpandedWrap
FN:367,getProfileDropdownExpandedWrap
FN:394,(anonymous_22)
FN:408,(anonymous_23)
FN:416,(anonymous_24)
FN:428,(anonymous_25)
FN:460,(anonymous_26)
FN:464,(anonymous_27)
FN:486,(anonymous_28)
FN:501,(anonymous_29)
FN:513,(anonymous_30)
FN:527,(anonymous_31)
FN:556,(anonymous_32)
FN:585,(anonymous_33)
FN:602,(anonymous_34)
FN:602,(anonymous_35)
FN:603,(anonymous_36)
FN:628,(anonymous_37)
FN:637,(anonymous_38)
FN:650,(anonymous_39)
FN:664,(anonymous_40)
FN:682,(anonymous_41)
FN:685,(anonymous_42)
FN:699,(anonymous_43)
FN:719,(anonymous_44)
FN:732,(anonymous_45)
FN:732,(anonymous_46)
FN:733,(anonymous_47)
FNF:48
FNH:45
FNDA:13,(anonymous_0)
FNDA:4,(anonymous_1)
FNDA:1,(anonymous_2)
FNDA:32,(anonymous_3)
FNDA:1,(anonymous_4)
FNDA:3,(anonymous_5)
FNDA:5,(anonymous_6)
FNDA:1,(anonymous_7)
FNDA:1,(anonymous_8)
FNDA:45,(anonymous_9)
FNDA:4,(anonymous_10)
FNDA:0,(anonymous_11)
FNDA:0,(anonymous_12)
FNDA:0,(anonymous_13)
FNDA:5,toggleExpandProfile
FNDA:5,toggleLeftMenu
FNDA:7,toggleRightMenu
FNDA:6,clickMenu
FNDA:14,toggleDropdownExpandedWrap
FNDA:187,getDropdownExpandedWrap
FNDA:7,toggleProfileDropdownExpandedWrap
FNDA:71,getProfileDropdownExpandedWrap
FNDA:4,(anonymous_22)
FNDA:1,(anonymous_23)
FNDA:1,(anonymous_24)
FNDA:4,(anonymous_25)
FNDA:1,(anonymous_26)
FNDA:32,(anonymous_27)
FNDA:1,(anonymous_28)
FNDA:3,(anonymous_29)
FNDA:8,(anonymous_30)
FNDA:1,(anonymous_31)
FNDA:1,(anonymous_32)
FNDA:1,(anonymous_33)
FNDA:2,(anonymous_34)
FNDA:1,(anonymous_35)
FNDA:1,(anonymous_36)
FNDA:1,(anonymous_37)
FNDA:1,(anonymous_38)
FNDA:43,(anonymous_39)
FNDA:5,(anonymous_40)
FNDA:1,(anonymous_41)
FNDA:15,(anonymous_42)
FNDA:1,(anonymous_43)
FNDA:1,(anonymous_44)
FNDA:2,(anonymous_45)
FNDA:1,(anonymous_46)
FNDA:1,(anonymous_47)
DA:101,1
DA:103,13
DA:111,4
DA:150,1
DA:167,32
DA:169,16
DA:188,1
DA:203,3
DA:218,5
DA:231,1
DA:243,16
DA:261,1
DA:292,1
DA:294,45
DA:295,45
DA:296,45
DA:297,45
DA:298,45
DA:299,45
DA:302,5
DA:306,5
DA:310,7
DA:314,6
DA:318,14
DA:320,14
DA:321,3
DA:322,2
DA:324,3
DA:326,11
DA:327,4
DA:329,7
DA:330,10
DA:332,7
DA:334,11
DA:341,187
DA:345,7
DA:347,7
DA:348,3
DA:349,2
DA:351,3
DA:353,4
DA:354,1
DA:356,3
DA:357,4
DA:359,3
DA:361,4
DA:368,71
DA:372,45
DA:394,4
DA:408,1
DA:416,1
DA:428,4
DA:460,1
DA:466,32
DA:468,16
DA:486,1
DA:501,3
DA:515,8
DA:527,1
DA:539,16
DA:556,1
DA:585,1
DA:602,2
DA:603,1
DA:628,1
DA:637,1
DA:652,43
DA:653,43
DA:655,43
DA:657,22
DA:664,5
DA:682,1
DA:687,15
DA:699,1
DA:711,21
DA:713,21
DA:720,1
DA:732,2
DA:733,1
LF:79
LH:79
BRDA:117,0,0,13
BRDA:117,0,1,13
BRDA:127,1,0,13
BRDA:127,1,1,5
BRDA:128,2,0,13
BRDA:128,2,1,8
BRDA:132,3,0,13
BRDA:132,3,1,8
BRDA:153,4,0,8
BRDA:153,4,1,8
BRDA:167,5,0,16
BRDA:167,5,1,16
BRDA:176,6,0,16
BRDA:176,6,1,3
BRDA:178,7,0,3
BRDA:178,7,1,0
BRDA:178,8,0,0
BRDA:178,8,1,0
BRDA:179,9,0,3
BRDA:179,9,1,0
BRDA:179,10,0,0
BRDA:179,10,1,0
BRDA:180,11,0,3
BRDA:180,11,1,0
BRDA:180,12,0,0
BRDA:180,12,1,0
BRDA:181,13,0,3
BRDA:181,13,1,0
BRDA:181,14,0,0
BRDA:181,14,1,0
BRDA:186,15,0,3
BRDA:186,15,1,0
BRDA:186,16,0,0
BRDA:186,16,1,0
BRDA:188,17,0,0
BRDA:188,17,1,3
BRDA:190,18,0,16
BRDA:190,18,1,13
BRDA:192,19,0,13
BRDA:192,19,1,0
BRDA:192,20,0,0
BRDA:192,20,1,0
BRDA:193,21,0,13
BRDA:193,21,1,0
BRDA:193,22,0,0
BRDA:193,22,1,0
BRDA:194,23,0,13
BRDA:194,23,1,0
BRDA:194,24,0,0
BRDA:194,24,1,0
BRDA:195,25,0,13
BRDA:195,25,1,0
BRDA:195,26,0,0
BRDA:195,26,1,0
BRDA:200,27,0,13
BRDA:200,27,1,0
BRDA:200,28,0,0
BRDA:200,28,1,0
BRDA:203,29,0,13
BRDA:203,29,1,0
BRDA:205,30,0,16
BRDA:205,30,1,3
BRDA:220,31,0,3
BRDA:220,31,1,2
BRDA:221,32,0,3
BRDA:221,32,1,2
BRDA:222,33,0,3
BRDA:222,33,1,2
BRDA:223,34,0,3
BRDA:223,34,1,2
BRDA:229,35,0,0
BRDA:229,35,1,5
BRDA:250,36,0,16
BRDA:250,36,1,0
BRDA:250,37,0,0
BRDA:250,37,1,0
BRDA:251,38,0,16
BRDA:251,38,1,0
BRDA:251,39,0,0
BRDA:251,39,1,0
BRDA:252,40,0,16
BRDA:252,40,1,0
BRDA:252,41,0,0
BRDA:252,41,1,0
BRDA:253,42,0,16
BRDA:253,42,1,0
BRDA:253,43,0,0
BRDA:253,43,1,0
BRDA:259,44,0,16
BRDA:259,44,1,0
BRDA:259,45,0,0
BRDA:259,45,1,0
BRDA:270,46,0,8
BRDA:270,46,1,8
BRDA:292,47,0,45
BRDA:292,48,0,45
BRDA:292,49,0,13
BRDA:292,50,0,45
BRDA:292,51,0,13
BRDA:292,52,0,45
BRDA:292,53,0,13
BRDA:292,54,0,32
BRDA:292,55,0,32
BRDA:292,56,0,32
BRDA:292,57,0,32
BRDA:292,58,0,32
BRDA:292,59,0,13
BRDA:292,60,0,13
BRDA:292,61,0,36
BRDA:292,62,0,31
BRDA:292,63,0,31
BRDA:292,64,0,31
BRDA:292,65,0,45
BRDA:292,66,0,13
BRDA:292,67,0,13
BRDA:292,68,0,45
BRDA:292,69,0,45
BRDA:292,70,0,45
BRDA:292,71,0,45
BRDA:292,72,0,45
BRDA:292,73,0,45
BRDA:292,74,0,45
BRDA:292,75,0,45
BRDA:292,76,0,45
BRDA:292,77,0,45
BRDA:292,78,0,45
BRDA:292,79,0,45
BRDA:292,80,0,45
BRDA:292,81,0,45
BRDA:292,82,0,45
BRDA:292,83,0,45
BRDA:292,84,0,45
BRDA:292,85,0,45
BRDA:292,86,0,45
BRDA:292,87,0,45
BRDA:292,88,0,45
BRDA:292,89,0,45
BRDA:292,90,0,45
BRDA:292,91,0,45
BRDA:292,92,0,45
BRDA:292,93,0,45
BRDA:292,94,0,45
BRDA:292,95,0,45
BRDA:292,96,0,45
BRDA:292,97,0,45
BRDA:292,98,0,45
BRDA:292,99,0,45
BRDA:292,100,0,45
BRDA:292,101,0,45
BRDA:320,102,0,3
BRDA:320,102,1,11
BRDA:326,103,0,4
BRDA:326,103,1,7
BRDA:347,104,0,3
BRDA:347,104,1,4
BRDA:353,105,0,1
BRDA:353,105,1,3
BRDA:374,106,0,0
BRDA:374,106,1,45
BRDA:374,107,0,0
BRDA:374,107,1,45
BRDA:376,108,0,45
BRDA:376,108,1,34
BRDA:397,109,0,34
BRDA:397,109,1,0
BRDA:405,110,0,34
BRDA:405,110,1,34
BRDA:405,110,2,22
BRDA:415,111,0,34
BRDA:415,111,1,34
BRDA:435,112,0,34
BRDA:435,112,1,0
BRDA:437,113,0,34
BRDA:437,113,1,12
BRDA:443,114,0,34
BRDA:443,114,1,8
BRDA:466,115,0,16
BRDA:466,115,1,16
BRDA:474,116,0,16
BRDA:474,116,1,3
BRDA:476,117,0,0
BRDA:476,117,1,3
BRDA:477,118,0,0
BRDA:477,118,1,3
BRDA:478,119,0,1
BRDA:478,119,1,2
BRDA:479,120,0,1
BRDA:479,120,1,2
BRDA:484,121,0,1
BRDA:484,121,1,2
BRDA:486,122,0,0
BRDA:486,122,1,3
BRDA:488,123,0,16
BRDA:488,123,1,13
BRDA:490,124,0,0
BRDA:490,124,1,13
BRDA:491,125,0,0
BRDA:491,125,1,13
BRDA:492,126,0,7
BRDA:492,126,1,6
BRDA:493,127,0,7
BRDA:493,127,1,6
BRDA:498,128,0,7
BRDA:498,128,1,6
BRDA:501,129,0,13
BRDA:501,129,1,0
BRDA:503,130,0,16
BRDA:503,130,1,3
BRDA:517,131,0,3
BRDA:517,131,1,5
BRDA:518,132,0,3
BRDA:518,132,1,5
BRDA:519,133,0,3
BRDA:519,133,1,5
BRDA:520,134,0,3
BRDA:520,134,1,5
BRDA:525,135,0,0
BRDA:525,135,1,8
BRDA:546,136,0,8
BRDA:546,136,1,8
BRDA:547,137,0,8
BRDA:547,137,1,8
BRDA:548,138,0,0
BRDA:548,138,1,16
BRDA:549,139,0,0
BRDA:549,139,1,16
BRDA:566,140,0,34
BRDA:566,140,1,4
BRDA:602,141,0,4
BRDA:602,141,1,4
BRDA:602,142,0,0
BRDA:602,142,1,4
BRDA:602,143,0,0
BRDA:602,143,1,4
BRDA:602,144,0,4
BRDA:602,144,1,0
BRDA:603,145,0,4
BRDA:603,145,1,4
BRDA:603,146,0,0
BRDA:603,146,1,4
BRDA:603,147,0,0
BRDA:603,147,1,4
BRDA:610,148,0,45
BRDA:610,148,1,11
BRDA:625,149,0,11
BRDA:625,149,1,11
BRDA:625,149,2,10
BRDA:635,150,0,11
BRDA:635,150,1,11
BRDA:655,151,0,22
BRDA:655,151,1,21
BRDA:664,152,0,22
BRDA:664,152,1,17
BRDA:664,153,0,22
BRDA:664,153,1,5
BRDA:665,154,0,22
BRDA:665,154,1,5
BRDA:689,155,0,5
BRDA:689,155,1,10
BRDA:690,156,0,5
BRDA:690,156,1,10
BRDA:691,157,0,5
BRDA:691,157,1,10
BRDA:692,158,0,5
BRDA:692,158,1,10
BRDA:732,159,0,11
BRDA:732,159,1,11
BRDA:732,160,0,0
BRDA:732,160,1,11
BRDA:732,161,0,0
BRDA:732,161,1,11
BRDA:732,162,0,10
BRDA:732,162,1,1
BRDA:733,163,0,11
BRDA:733,163,1,11
BRDA:733,164,0,0
BRDA:733,164,1,11
BRDA:733,165,0,0
BRDA:733,165,1,11
BRDA:734,166,0,11
BRDA:734,166,1,1
BRF:281
BRH:211
end_of_record
TN:
SF:/Users/admin/Documents/GitHub/react-sf-building-blocks/src/Util.tsx
FN:3,(anonymous_0)
FN:11,(anonymous_1)
FN:20,(anonymous_2)
FN:30,(anonymous_3)
FN:67,(anonymous_4)
FN:75,(anonymous_5)
FN:83,(anonymous_6)
FN:91,(anonymous_7)
FN:92,(anonymous_8)
FN:95,(anonymous_9)
FN:153,(anonymous_10)
FN:219,(anonymous_11)
FNF:12
FNH:12
FNDA:90,(anonymous_0)
FNDA:77,(anonymous_1)
FNDA:6,(anonymous_2)
FNDA:45,(anonymous_3)
FNDA:12,(anonymous_4)
FNDA:8,(anonymous_5)
FNDA:3,(anonymous_6)
FNDA:63,(anonymous_7)
FNDA:189,(anonymous_8)
FNDA:229,(anonymous_9)
FNDA:117,(anonymous_10)
FNDA:184,(anonymous_11)
DA:1,1
DA:4,90
DA:5,90
DA:12,77
DA:13,77
DA:15,77
DA:21,6
DA:22,6
DA:23,6
DA:24,155
DA:25,155
DA:27,6
DA:32,45
DA:43,40
DA:47,5
DA:48,2
DA:50,1
DA:52,1
DA:54,3
DA:55,2
DA:56,1
DA:58,1
DA:62,1
DA:69,12
DA:77,8
DA:85,3
DA:92,189
DA:97,229
DA:99,229
DA:100,207
DA:101,92
DA:102,115
DA:103,115
DA:105,22
DA:106,2
DA:107,1
DA:108,1
DA:109,1
DA:111,20
DA:112,2
DA:113,1
DA:114,1
DA:115,1
DA:117,18
DA:118,2
DA:119,1
DA:120,1
DA:121,1
DA:123,16
DA:124,2
DA:125,1
DA:126,1
DA:127,1
DA:129,14
DA:130,2
DA:131,1
DA:132,1
DA:133,1
DA:135,12
DA:136,10
DA:137,3
DA:138,7
DA:139,7
DA:141,2
DA:142,2
DA:143,1
DA:144,1
DA:145,1
DA:149,229
DA:155,117
DA:157,117
DA:158,95
DA:159,88
DA:160,7
DA:162,7
DA:164,22
DA:165,2
DA:166,1
DA:167,1
DA:169,1
DA:171,20
DA:172,2
DA:173,1
DA:174,1
DA:176,1
DA:178,18
DA:179,2
DA:180,1
DA:181,1
DA:183,1
DA:185,16
DA:186,2
DA:187,1
DA:188,1
DA:190,1
DA:192,14
DA:193,2
DA:194,1
DA:195,1
DA:197,1
DA:199,12
DA:200,10
DA:201,3
DA:202,7
DA:204,7
DA:206,2
DA:207,2
DA:208,1
DA:209,1
DA:211,1
DA:215,117
DA:221,184
DA:223,184
DA:224,162
DA:225,88
DA:226,74
DA:227,74
DA:229,22
DA:230,2
DA:231,1
DA:232,1
DA:233,1
DA:235,20
DA:236,2
DA:237,1
DA:238,1
DA:239,1
DA:241,18
DA:242,2
DA:243,1
DA:244,1
DA:245,1
DA:247,16
DA:248,2
DA:249,1
DA:250,1
DA:251,1
DA:253,14
DA:254,2
DA:255,1
DA:256,1
DA:257,1
DA:259,12
DA:260,10
DA:261,3
DA:262,7
DA:263,7
DA:265,2
DA:266,2
DA:267,1
DA:268,1
DA:269,1
DA:273,184
LF:153
LH:153
BRDA:32,0,0,40
BRDA:32,0,1,5
BRDA:32,1,0,45
BRDA:32,1,1,35
BRDA:32,1,2,20
BRDA:32,1,3,5
BRDA:32,1,4,5
BRDA:32,1,5,5
BRDA:32,1,6,5
BRDA:32,1,7,5
BRDA:32,1,8,5
BRDA:47,2,0,2
BRDA:47,2,1,3
BRDA:48,3,0,1
BRDA:48,3,1,1
BRDA:48,4,0,2
BRDA:48,4,1,0
BRDA:48,4,2,2
BRDA:48,4,3,2
BRDA:54,5,0,2
BRDA:54,5,1,1
BRDA:54,6,0,3
BRDA:54,6,1,1
BRDA:54,6,2,1
BRDA:54,6,3,1
BRDA:55,7,0,1
BRDA:55,7,1,1
BRDA:99,8,0,207
BRDA:99,8,1,22
BRDA:100,9,0,92
BRDA:100,9,1,115
BRDA:102,10,0,115
BRDA:102,10,1,0
BRDA:105,11,0,2
BRDA:105,11,1,20
BRDA:106,12,0,1
BRDA:106,12,1,1
BRDA:108,13,0,1
BRDA:108,13,1,0
BRDA:111,14,0,2
BRDA:111,14,1,18
BRDA:112,15,0,1
BRDA:112,15,1,1
BRDA:114,16,0,1
BRDA:114,16,1,0
BRDA:117,17,0,2
BRDA:117,17,1,16
BRDA:118,18,0,1
BRDA:118,18,1,1
BRDA:120,19,0,1
BRDA:120,19,1,0
BRDA:123,20,0,2
BRDA:123,20,1,14
BRDA:124,21,0,1
BRDA:124,21,1,1
BRDA:126,22,0,1
BRDA:126,22,1,0
BRDA:129,23,0,2
BRDA:129,23,1,12
BRDA:130,24,0,1
BRDA:130,24,1,1
BRDA:132,25,0,1
BRDA:132,25,1,0
BRDA:135,26,0,10
BRDA:135,26,1,2
BRDA:136,27,0,3
BRDA:136,27,1,7
BRDA:138,28,0,7
BRDA:138,28,1,0
BRDA:141,29,0,2
BRDA:141,29,1,0
BRDA:142,30,0,1
BRDA:142,30,1,1
BRDA:144,31,0,1
BRDA:144,31,1,0
BRDA:157,32,0,95
BRDA:157,32,1,22
BRDA:158,33,0,88
BRDA:158,33,1,7
BRDA:160,34,0,7
BRDA:160,34,1,0
BRDA:164,35,0,2
BRDA:164,35,1,20
BRDA:165,36,0,1
BRDA:165,36,1,1
BRDA:167,37,0,1
BRDA:167,37,1,0
BRDA:171,38,0,2
BRDA:171,38,1,18
BRDA:172,39,0,1
BRDA:172,39,1,1
BRDA:174,40,0,1
BRDA:174,40,1,0
BRDA:178,41,0,2
BRDA:178,41,1,16
BRDA:179,42,0,1
BRDA:179,42,1,1
BRDA:181,43,0,1
BRDA:181,43,1,0
BRDA:185,44,0,2
BRDA:185,44,1,14
BRDA:186,45,0,1
BRDA:186,45,1,1
BRDA:188,46,0,1
BRDA:188,46,1,0
BRDA:192,47,0,2
BRDA:192,47,1,12
BRDA:193,48,0,1
BRDA:193,48,1,1
BRDA:195,49,0,1
BRDA:195,49,1,0
BRDA:199,50,0,10
BRDA:199,50,1,2
BRDA:200,51,0,3
BRDA:200,51,1,7
BRDA:202,52,0,7
BRDA:202,52,1,0
BRDA:206,53,0,2
BRDA:206,53,1,0
BRDA:207,54,0,1
BRDA:207,54,1,1
BRDA:209,55,0,1
BRDA:209,55,1,0
BRDA:223,56,0,162
BRDA:223,56,1,22
BRDA:224,57,0,88
BRDA:224,57,1,74
BRDA:226,58,0,74
BRDA:226,58,1,0
BRDA:229,59,0,2
BRDA:229,59,1,20
BRDA:230,60,0,1
BRDA:230,60,1,1
BRDA:232,61,0,1
BRDA:232,61,1,0
BRDA:235,62,0,2
BRDA:235,62,1,18
BRDA:236,63,0,1
BRDA:236,63,1,1
BRDA:238,64,0,1
BRDA:238,64,1,0
BRDA:241,65,0,2
BRDA:241,65,1,16
BRDA:242,66,0,1
BRDA:242,66,1,1
BRDA:244,67,0,1
BRDA:244,67,1,0
BRDA:247,68,0,2
BRDA:247,68,1,14
BRDA:248,69,0,1
BRDA:248,69,1,1
BRDA:250,70,0,1
BRDA:250,70,1,0
BRDA:253,71,0,2
BRDA:253,71,1,12
BRDA:254,72,0,1
BRDA:254,72,1,1
BRDA:256,73,0,1
BRDA:256,73,1,0
BRDA:259,74,0,10
BRDA:259,74,1,2
BRDA:260,75,0,3
BRDA:260,75,1,7
BRDA:262,76,0,7
BRDA:262,76,1,0
BRDA:265,77,0,2
BRDA:265,77,1,0
BRDA:266,78,0,1
BRDA:266,78,1,1
BRDA:268,79,0,1
BRDA:268,79,1,0
BRF:171
BRH:143
end_of_record
TN:
SF:/Users/admin/Documents/GitHub/react-sf-building-blocks/src/index.tsx
FNF:0
FNH:0
LF:0
LH:0
BRF:0
BRH:0
end_of_record
